<?xml version="1.0" encoding="UTF-8"?>
<testsuites name="LoginScenario" time="95" tests="0" failures="1" errors="0">
   <testsuite name="LoginScenario" tests="0" failures="1" errors="0" time="95" timestamp="2019-04-26 10:58:26" hostname="iauro-qa004 - iauroqa004-System-Product-Name" id="Test Suites/LoginScenario">
      <properties>
         <property name="deviceName" value="Xiaomi Redmi Note 5 Pro (Android 8.1.0)"/>
         <property name="devicePlatform" value=""/>
         <property name="logFolder" value="/home/iauro-qa004/Katalon Studio/Anuroop hybrid app/Reports/LoginScenario/20190426_105824"/>
         <property name="logFiles" value="/home/iauro-qa004/Katalon Studio/Anuroop hybrid app/Reports/LoginScenario/20190426_105824/appium.log, /home/iauro-qa004/Katalon Studio/Anuroop hybrid app/Reports/LoginScenario/20190426_105824/execution0.log"/>
         <property name="attachments" value="/home/iauro-qa004/Katalon Studio/Anuroop hybrid app/AndroidApp/screenshot.png, /home/iauro-qa004/Katalon Studio/Anuroop hybrid app/Reports/LoginScenario/20190426_105824/1556256596107.png, /home/iauro-qa004/Katalon Studio/Anuroop hybrid app/Reports/LoginScenario/20190426_105824/1556256598012.png"/>
         <property name="hostName" value="iauro-qa004 - iauroqa004-System-Product-Name"/>
         <property name="os" value="Linux 64bit"/>
         <property name="katalonVersion" value="6.0.4.7"/>
         <property name="deviceOS" value="Android"/>
         <property name="appiumVersion" value="1.8.1"/>
         <property name="deviceModel" value="Redmi Note 5 Pro"/>
         <property name="hostAddress" value="127.0.1.1"/>
         <property name="deviceManufacturer" value="Xiaomi"/>
         <property name="deviceId" value="461a88f3"/>
         <property name="deviceName" value="Xiaomi Redmi Note 5 Pro (Android 8.1.0)"/>
         <property name="deviceOSVersion" value="8.1.0"/>
      </properties>
      <testcase name="Test Cases/LoginFlow" classname="Test Cases/LoginFlow" status="FAILED">
         <failure type="FAILED" message="Test Cases/LoginFlow FAILED.
Reason:
com.kms.katalon.core.exception.StepFailedException: Failed to get attribute 'Object Repository/Login/More_opt' on element 'text' (Root cause: com.kms.katalon.core.exception.StepFailedException: Object Object Repository/Login/More_opt not found)
	at com.kms.katalon.core.keyword.internal.KeywordMain.stepFailed(KeywordMain.groovy:36)
	at com.kms.katalon.core.mobile.keyword.internal.MobileKeywordMain.stepFailed(MobileKeywordMain.groovy:40)
	at com.kms.katalon.core.mobile.keyword.internal.MobileKeywordMain.runKeyword(MobileKeywordMain.groovy:23)
	at com.kms.katalon.core.mobile.keyword.builtin.GetAttributeKeyword.getAttribute(GetAttributeKeyword.groovy:82)
	at com.kms.katalon.core.mobile.keyword.builtin.GetAttributeKeyword.execute(GetAttributeKeyword.groovy:66)
	at com.kms.katalon.core.keyword.internal.KeywordExecutor.executeKeywordForPlatform(KeywordExecutor.groovy:56)
	at com.kms.katalon.core.mobile.keyword.MobileBuiltInKeywords.getAttribute(MobileBuiltInKeywords.groovy:555)
	at com.kms.katalon.core.mobile.keyword.MobileBuiltInKeywords$getAttribute$2.call(Unknown Source)
	at LoginFlow.run(LoginFlow:45)
	at com.kms.katalon.core.main.ScriptEngine.run(ScriptEngine.java:194)
	at com.kms.katalon.core.main.ScriptEngine.runScriptAsRawText(ScriptEngine.java:119)
	at com.kms.katalon.core.main.TestCaseExecutor.runScript(TestCaseExecutor.java:328)
	at com.kms.katalon.core.main.TestCaseExecutor.doExecute(TestCaseExecutor.java:319)
	at com.kms.katalon.core.main.TestCaseExecutor.processExecutionPhase(TestCaseExecutor.java:298)
	at com.kms.katalon.core.main.TestCaseExecutor.accessMainPhase(TestCaseExecutor.java:290)
	at com.kms.katalon.core.main.TestCaseExecutor.execute(TestCaseExecutor.java:224)
	at com.kms.katalon.core.main.TestSuiteExecutor.accessTestCaseMainPhase(TestSuiteExecutor.java:129)
	at com.kms.katalon.core.main.TestSuiteExecutor.accessTestSuiteMainPhase(TestSuiteExecutor.java:112)
	at com.kms.katalon.core.main.TestSuiteExecutor.execute(TestSuiteExecutor.java:81)
	at com.kms.katalon.core.main.TestCaseMain.startTestSuite(TestCaseMain.java:149)
	at com.kms.katalon.core.main.TestCaseMain$startTestSuite$0.call(Unknown Source)
	at TempTestSuite1556256504518.run(TempTestSuite1556256504518.groovy:36)
"/>
         <system-out><![CDATA[2019-04-26 10:58:26 - [TEST_CASE][FAILED] - Test Cases/LoginFlow: Test Cases/LoginFlow FAILED.
Reason:
com.kms.katalon.core.exception.StepFailedException: Failed to get attribute 'Object Repository/Login/More_opt' on element 'text' (Root cause: com.kms.katalon.core.exception.StepFailedException: Object Object Repository/Login/More_opt not found)
	at com.kms.katalon.core.keyword.internal.KeywordMain.stepFailed(KeywordMain.groovy:36)
	at com.kms.katalon.core.mobile.keyword.internal.MobileKeywordMain.stepFailed(MobileKeywordMain.groovy:40)
	at com.kms.katalon.core.mobile.keyword.internal.MobileKeywordMain.runKeyword(MobileKeywordMain.groovy:23)
	at com.kms.katalon.core.mobile.keyword.builtin.GetAttributeKeyword.getAttribute(GetAttributeKeyword.groovy:82)
	at com.kms.katalon.core.mobile.keyword.builtin.GetAttributeKeyword.execute(GetAttributeKeyword.groovy:66)
	at com.kms.katalon.core.keyword.internal.KeywordExecutor.executeKeywordForPlatform(KeywordExecutor.groovy:56)
	at com.kms.katalon.core.mobile.keyword.MobileBuiltInKeywords.getAttribute(MobileBuiltInKeywords.groovy:555)
	at com.kms.katalon.core.mobile.keyword.MobileBuiltInKeywords$getAttribute$2.call(Unknown Source)
	at LoginFlow.run(LoginFlow:45)
	at com.kms.katalon.core.main.ScriptEngine.run(ScriptEngine.java:194)
	at com.kms.katalon.core.main.ScriptEngine.runScriptAsRawText(ScriptEngine.java:119)
	at com.kms.katalon.core.main.TestCaseExecutor.runScript(TestCaseExecutor.java:328)
	at com.kms.katalon.core.main.TestCaseExecutor.doExecute(TestCaseExecutor.java:319)
	at com.kms.katalon.core.main.TestCaseExecutor.processExecutionPhase(TestCaseExecutor.java:298)
	at com.kms.katalon.core.main.TestCaseExecutor.accessMainPhase(TestCaseExecutor.java:290)
	at com.kms.katalon.core.main.TestCaseExecutor.execute(TestCaseExecutor.java:224)
	at com.kms.katalon.core.main.TestSuiteExecutor.accessTestCaseMainPhase(TestSuiteExecutor.java:129)
	at com.kms.katalon.core.main.TestSuiteExecutor.accessTestSuiteMainPhase(TestSuiteExecutor.java:112)
	at com.kms.katalon.core.main.TestSuiteExecutor.execute(TestSuiteExecutor.java:81)
	at com.kms.katalon.core.main.TestCaseMain.startTestSuite(TestCaseMain.java:149)
	at com.kms.katalon.core.main.TestCaseMain$startTestSuite$0.call(Unknown Source)
	at TempTestSuite1556256504518.run(TempTestSuite1556256504518.groovy:36)


2019-04-26 10:58:26 - [TEST_STEP][PASSED] - startApplication("/home/iauro-qa004/Katalon Studio/Anuroop hybrid app/AndroidApp/android-debug.apk", true): Started app at: '/home/iauro-qa004/Katalon Studio/Anuroop hybrid app/AndroidApp/android-debug.apk'

2019-04-26 10:58:42 - [MESSAGE][INFO] - Appium server started on port 34,457

2019-04-26 10:59:10 - [MESSAGE][PASSED] - Started app at: '/home/iauro-qa004/Katalon Studio/Anuroop hybrid app/AndroidApp/android-debug.apk'

2019-04-26 10:59:10 - [TEST_STEP][PASSED] - comment("Enter username"): Enter username

2019-04-26 10:59:10 - [MESSAGE][INFO] - Enter username

2019-04-26 10:59:10 - [TEST_STEP][PASSED] - setText(findTestObject("Login/Username"), "MB07120121", 0): Text 'MB07120121' has been set to element 'Object Repository/Login/Username'

2019-04-26 10:59:10 - [MESSAGE][WARNING] - Timeout '0' is invalid. Using default page load timeout: '30'

2019-04-26 10:59:14 - [MESSAGE][PASSED] - Text 'MB07120121' has been set to element 'Object Repository/Login/Username'

2019-04-26 10:59:14 - [TEST_STEP][PASSED] - takeScreenshot("/home/iauro-qa004/Katalon Studio/Anuroop hybrid app/AndroidApp/screenshot.png"): Screenshot is taken

2019-04-26 10:59:17 - [MESSAGE][PASSED] - Screenshot is taken
[[ATTACHMENT|/home/iauro-qa004/Katalon Studio/Anuroop hybrid app/AndroidApp/screenshot.png]]

2019-04-26 10:59:17 - [TEST_STEP][PASSED] - comment("Enter password"): Enter password

2019-04-26 10:59:17 - [MESSAGE][INFO] - Enter password

2019-04-26 10:59:17 - [TEST_STEP][PASSED] - setText(findTestObject("Login/Password"), "anuroop50", 0): Text 'anuroop50' has been set to element 'Object Repository/Login/Password'

2019-04-26 10:59:17 - [MESSAGE][WARNING] - Timeout '0' is invalid. Using default page load timeout: '30'

2019-04-26 10:59:18 - [MESSAGE][PASSED] - Text 'anuroop50' has been set to element 'Object Repository/Login/Password'

2019-04-26 10:59:18 - [TEST_STEP][PASSED] - delay(5): Delayed 5 second(s)

2019-04-26 10:59:23 - [MESSAGE][PASSED] - Delayed 5 second(s)

2019-04-26 10:59:23 - [TEST_STEP][PASSED] - driver = getDriver(): null

2019-04-26 10:59:23 - [TEST_STEP][PASSED] - log = new com.kms.katalon.core.logging.KeywordLogger(): null

2019-04-26 10:59:23 - [TEST_STEP][PASSED] - log.logInfo("----------------------------- Page Information : " + driver.getPageSource()): ----------------------------- Page Information : <?xml version="1.0" encoding="UTF-8"?><hierarchy rotation="0"><android.widget.FrameLayout index="0" text="" class="android.widget.FrameLayout" package="com.app.anuroop" content-desc="" checkable="false" checked="false" clickable="false" enabled="true" focusable="false" focused="false" scrollable="false" long-clickable="false" password="false" selected="false" bounds="[0,0][1080,2030]" resource-id="" instance="0"><android.widget.LinearLayout index="0" text="" class="android.widget.LinearLayout" package="com.app.anuroop" content-desc="" checkable="false" checked="false" clickable="false" enabled="true" focusable="false" focused="false" scrollable="false" long-clickable="false" password="false" selected="false" bounds="[0,0][1080,2030]" resource-id="" instance="0"><android.widget.FrameLayout index="0" text="" class="android.widget.FrameLayout" package="com.app.anuroop" content-desc="" checkable="false" checked="false" clickable="false" enabled="true" focusable="false" focused="false" scrollable="false" long-clickable="false" password="false" selected="false" bounds="[0,66][1080,2030]" resource-id="android:id/content" instance="1"><android.webkit.WebView index="0" text="" class="android.webkit.WebView" package="com.app.anuroop" content-desc="" checkable="false" checked="false" clickable="false" enabled="true" focusable="false" focused="false" scrollable="false" long-clickable="false" password="false" selected="false" bounds="[0,66][1080,2030]" resource-id="" instance="0"><android.webkit.WebView index="0" text="Anuroop" class="android.webkit.WebView" package="com.app.anuroop" content-desc="" checkable="false" checked="false" clickable="false" enabled="true" focusable="true" focused="true" scrollable="true" long-clickable="false" password="false" selected="false" bounds="[0,66][1080,2030]" resource-id="" instance="1"><android.view.View index="0" text="" class="android.view.View" package="com.app.anuroop" content-desc="" checkable="false" checked="false" clickable="true" enabled="true" focusable="false" focused="false" scrollable="true" long-clickable="false" password="false" selected="false" bounds="[0,66][1080,2030]" resource-id="" instance="0"><android.view.View index="0" text="" class="android.view.View" package="com.app.anuroop" content-desc="" checkable="false" checked="false" clickable="false" enabled="true" focusable="false" focused="false" scrollable="false" long-clickable="false" password="false" selected="false" bounds="[0,66][1080,2030]" resource-id="" instance="1"><android.view.View index="0" text="" class="android.view.View" package="com.app.anuroop" content-desc="" checkable="false" checked="false" clickable="false" enabled="true" focusable="false" focused="false" scrollable="false" long-clickable="false" password="false" selected="false" bounds="[0,66][1080,2030]" resource-id="" instance="2"><android.view.View index="0" text="" class="android.view.View" package="com.app.anuroop" content-desc="" checkable="false" checked="false" clickable="false" enabled="true" focusable="false" focused="false" scrollable="false" long-clickable="false" password="false" selected="false" bounds="[0,66][1080,2030]" resource-id="" instance="3"><android.view.View index="0" text="" class="android.view.View" package="com.app.anuroop" content-desc="" checkable="false" checked="false" clickable="false" enabled="true" focusable="false" focused="false" scrollable="true" long-clickable="false" password="false" selected="false" bounds="[0,66][1080,2030]" resource-id="" instance="4"><android.view.View index="0" text="" class="android.view.View" package="com.app.anuroop" content-desc="" checkable="false" checked="false" clickable="false" enabled="true" focusable="false" focused="false" scrollable="false" long-clickable="false" password="false" selected="false" bounds="[0,198][1080,2030]" resource-id="" instance="5"><android.view.View index="0" text="" class="android.view.View" package="com.app.anuroop" content-desc="" checkable="false" checked="false" clickable="false" enabled="true" focusable="false" focused="false" scrollable="false" long-clickable="false" password="false" selected="false" bounds="[319,198][761,561]" resource-id="" instance="6"/><android.view.View index="1" text="" class="android.view.View" package="com.app.anuroop" content-desc="" checkable="false" checked="false" clickable="false" enabled="true" focusable="false" focused="false" scrollable="false" long-clickable="false" password="false" selected="false" bounds="[0,651][1080,767]" resource-id="" instance="7"><android.widget.EditText index="0" text="MB07120121" class="android.widget.EditText" package="com.app.anuroop" content-desc="" checkable="false" checked="false" clickable="true" enabled="true" focusable="true" focused="false" scrollable="false" long-clickable="false" password="false" selected="false" bounds="[79,651][1001,767]" resource-id="username" instance="0"/></android.view.View><android.view.View index="2" text="" class="android.view.View" package="com.app.anuroop" content-desc="" checkable="false" checked="false" clickable="false" enabled="true" focusable="false" focused="false" scrollable="false" long-clickable="false" password="false" selected="false" bounds="[79,816][1001,932]" resource-id="" instance="8"><android.widget.EditText index="0" text="•••••••••" class="android.widget.EditText" package="com.app.anuroop" content-desc="" checkable="false" checked="false" clickable="true" enabled="true" focusable="true" focused="false" scrollable="false" long-clickable="false" password="true" selected="false" bounds="[137,827][825,924]" resource-id="password" instance="1"/><android.widget.Button NAF="true" index="1" text="" class="android.widget.Button" package="com.app.anuroop" content-desc="" checkable="false" checked="false" clickable="true" enabled="true" focusable="true" focused="false" scrollable="false" long-clickable="false" password="false" selected="false" bounds="[836,819][948,935]" resource-id="" instance="0"/></android.view.View><android.widget.Button index="3" text="LOGIN" class="android.widget.Button" package="com.app.anuroop" content-desc="" checkable="false" checked="false" clickable="true" enabled="true" focusable="true" focused="false" scrollable="false" long-clickable="false" password="false" selected="false" bounds="[79,1012][1001,1135]" resource-id="" instance="1"/><android.view.View index="4" text="Forgot Password?" class="android.view.View" package="com.app.anuroop" content-desc="" checkable="false" checked="false" clickable="true" enabled="true" focusable="false" focused="false" scrollable="false" long-clickable="false" password="false" selected="false" bounds="[0,1188][1080,1240]" resource-id="" instance="9"/><android.widget.Button index="5" text="Don't have an account? Register" class="android.widget.Button" package="com.app.anuroop" content-desc="" checkable="false" checked="false" clickable="true" enabled="true" focusable="true" focused="false" scrollable="false" long-clickable="false" password="false" selected="false" bounds="[107,1320][973,1416]" resource-id="" instance="2"/><android.widget.Button index="6" text="By logging in I accept the terms and conditions" class="android.widget.Button" package="com.app.anuroop" content-desc="" checkable="false" checked="false" clickable="true" enabled="true" focusable="true" focused="false" scrollable="false" long-clickable="false" password="false" selected="false" bounds="[0,1413][1080,1465]" resource-id="" instance="3"/></android.view.View><android.view.View index="1" text="" class="android.view.View" package="com.app.anuroop" content-desc="" checkable="false" checked="false" clickable="false" enabled="true" focusable="false" focused="false" scrollable="false" long-clickable="false" password="false" selected="false" bounds="[1061,66][1075,2026]" resource-id="" instance="10"/></android.view.View></android.view.View></android.view.View></android.view.View></android.view.View></android.webkit.WebView></android.webkit.WebView></android.widget.FrameLayout></android.widget.LinearLayout></android.widget.FrameLayout></hierarchy>

2019-04-26 10:59:23 - [MESSAGE][INFO] - ----------------------------- Page Information : <?xml version="1.0" encoding="UTF-8"?><hierarchy rotation="0"><android.widget.FrameLayout index="0" text="" class="android.widget.FrameLayout" package="com.app.anuroop" content-desc="" checkable="false" checked="false" clickable="false" enabled="true" focusable="false" focused="false" scrollable="false" long-clickable="false" password="false" selected="false" bounds="[0,0][1080,2030]" resource-id="" instance="0"><android.widget.LinearLayout index="0" text="" class="android.widget.LinearLayout" package="com.app.anuroop" content-desc="" checkable="false" checked="false" clickable="false" enabled="true" focusable="false" focused="false" scrollable="false" long-clickable="false" password="false" selected="false" bounds="[0,0][1080,2030]" resource-id="" instance="0"><android.widget.FrameLayout index="0" text="" class="android.widget.FrameLayout" package="com.app.anuroop" content-desc="" checkable="false" checked="false" clickable="false" enabled="true" focusable="false" focused="false" scrollable="false" long-clickable="false" password="false" selected="false" bounds="[0,66][1080,2030]" resource-id="android:id/content" instance="1"><android.webkit.WebView index="0" text="" class="android.webkit.WebView" package="com.app.anuroop" content-desc="" checkable="false" checked="false" clickable="false" enabled="true" focusable="false" focused="false" scrollable="false" long-clickable="false" password="false" selected="false" bounds="[0,66][1080,2030]" resource-id="" instance="0"><android.webkit.WebView index="0" text="Anuroop" class="android.webkit.WebView" package="com.app.anuroop" content-desc="" checkable="false" checked="false" clickable="false" enabled="true" focusable="true" focused="true" scrollable="true" long-clickable="false" password="false" selected="false" bounds="[0,66][1080,2030]" resource-id="" instance="1"><android.view.View index="0" text="" class="android.view.View" package="com.app.anuroop" content-desc="" checkable="false" checked="false" clickable="true" enabled="true" focusable="false" focused="false" scrollable="true" long-clickable="false" password="false" selected="false" bounds="[0,66][1080,2030]" resource-id="" instance="0"><android.view.View index="0" text="" class="android.view.View" package="com.app.anuroop" content-desc="" checkable="false" checked="false" clickable="false" enabled="true" focusable="false" focused="false" scrollable="false" long-clickable="false" password="false" selected="false" bounds="[0,66][1080,2030]" resource-id="" instance="1"><android.view.View index="0" text="" class="android.view.View" package="com.app.anuroop" content-desc="" checkable="false" checked="false" clickable="false" enabled="true" focusable="false" focused="false" scrollable="false" long-clickable="false" password="false" selected="false" bounds="[0,66][1080,2030]" resource-id="" instance="2"><android.view.View index="0" text="" class="android.view.View" package="com.app.anuroop" content-desc="" checkable="false" checked="false" clickable="false" enabled="true" focusable="false" focused="false" scrollable="false" long-clickable="false" password="false" selected="false" bounds="[0,66][1080,2030]" resource-id="" instance="3"><android.view.View index="0" text="" class="android.view.View" package="com.app.anuroop" content-desc="" checkable="false" checked="false" clickable="false" enabled="true" focusable="false" focused="false" scrollable="true" long-clickable="false" password="false" selected="false" bounds="[0,66][1080,2030]" resource-id="" instance="4"><android.view.View index="0" text="" class="android.view.View" package="com.app.anuroop" content-desc="" checkable="false" checked="false" clickable="false" enabled="true" focusable="false" focused="false" scrollable="false" long-clickable="false" password="false" selected="false" bounds="[0,198][1080,2030]" resource-id="" instance="5"><android.view.View index="0" text="" class="android.view.View" package="com.app.anuroop" content-desc="" checkable="false" checked="false" clickable="false" enabled="true" focusable="false" focused="false" scrollable="false" long-clickable="false" password="false" selected="false" bounds="[319,198][761,561]" resource-id="" instance="6"/><android.view.View index="1" text="" class="android.view.View" package="com.app.anuroop" content-desc="" checkable="false" checked="false" clickable="false" enabled="true" focusable="false" focused="false" scrollable="false" long-clickable="false" password="false" selected="false" bounds="[0,651][1080,767]" resource-id="" instance="7"><android.widget.EditText index="0" text="MB07120121" class="android.widget.EditText" package="com.app.anuroop" content-desc="" checkable="false" checked="false" clickable="true" enabled="true" focusable="true" focused="false" scrollable="false" long-clickable="false" password="false" selected="false" bounds="[79,651][1001,767]" resource-id="username" instance="0"/></android.view.View><android.view.View index="2" text="" class="android.view.View" package="com.app.anuroop" content-desc="" checkable="false" checked="false" clickable="false" enabled="true" focusable="false" focused="false" scrollable="false" long-clickable="false" password="false" selected="false" bounds="[79,816][1001,932]" resource-id="" instance="8"><android.widget.EditText index="0" text="•••••••••" class="android.widget.EditText" package="com.app.anuroop" content-desc="" checkable="false" checked="false" clickable="true" enabled="true" focusable="true" focused="false" scrollable="false" long-clickable="false" password="true" selected="false" bounds="[137,827][825,924]" resource-id="password" instance="1"/><android.widget.Button NAF="true" index="1" text="" class="android.widget.Button" package="com.app.anuroop" content-desc="" checkable="false" checked="false" clickable="true" enabled="true" focusable="true" focused="false" scrollable="false" long-clickable="false" password="false" selected="false" bounds="[836,819][948,935]" resource-id="" instance="0"/></android.view.View><android.widget.Button index="3" text="LOGIN" class="android.widget.Button" package="com.app.anuroop" content-desc="" checkable="false" checked="false" clickable="true" enabled="true" focusable="true" focused="false" scrollable="false" long-clickable="false" password="false" selected="false" bounds="[79,1012][1001,1135]" resource-id="" instance="1"/><android.view.View index="4" text="Forgot Password?" class="android.view.View" package="com.app.anuroop" content-desc="" checkable="false" checked="false" clickable="true" enabled="true" focusable="false" focused="false" scrollable="false" long-clickable="false" password="false" selected="false" bounds="[0,1188][1080,1240]" resource-id="" instance="9"/><android.widget.Button index="5" text="Don't have an account? Register" class="android.widget.Button" package="com.app.anuroop" content-desc="" checkable="false" checked="false" clickable="true" enabled="true" focusable="true" focused="false" scrollable="false" long-clickable="false" password="false" selected="false" bounds="[107,1320][973,1416]" resource-id="" instance="2"/><android.widget.Button index="6" text="By logging in I accept the terms and conditions" class="android.widget.Button" package="com.app.anuroop" content-desc="" checkable="false" checked="false" clickable="true" enabled="true" focusable="true" focused="false" scrollable="false" long-clickable="false" password="false" selected="false" bounds="[0,1413][1080,1465]" resource-id="" instance="3"/></android.view.View><android.view.View index="1" text="" class="android.view.View" package="com.app.anuroop" content-desc="" checkable="false" checked="false" clickable="false" enabled="true" focusable="false" focused="false" scrollable="false" long-clickable="false" password="false" selected="false" bounds="[1061,66][1075,2026]" resource-id="" instance="10"/></android.view.View></android.view.View></android.view.View></android.view.View></android.view.View></android.webkit.WebView></android.webkit.WebView></android.widget.FrameLayout></android.widget.LinearLayout></android.widget.FrameLayout></hierarchy>

2019-04-26 10:59:23 - [TEST_STEP][PASSED] - getAttribute(findTestObject("Login/Login"), "text", 0): Element 'Object Repository/Login/Login' has attribute 'text' is 'LOGIN'

2019-04-26 10:59:23 - [MESSAGE][WARNING] - Timeout '0' is invalid. Using default page load timeout: '30'

2019-04-26 10:59:24 - [MESSAGE][PASSED] - Element 'Object Repository/Login/Login' has attribute 'text' is 'LOGIN'

2019-04-26 10:59:24 - [TEST_STEP][PASSED] - comment("Click on Login button"): Click on Login button

2019-04-26 10:59:24 - [MESSAGE][INFO] - Click on Login button

2019-04-26 10:59:24 - [TEST_STEP][PASSED] - tap(findTestObject("Login/Login"), 0): Tapped on element 'Object Repository/Login/Login'

2019-04-26 10:59:24 - [MESSAGE][WARNING] - Timeout '0' is invalid. Using default page load timeout: '30'

2019-04-26 10:59:26 - [MESSAGE][PASSED] - Tapped on element 'Object Repository/Login/Login'

2019-04-26 10:59:26 - [TEST_STEP][FAILED] - getAttribute(findTestObject("Login/More_opt"), "text", 0): getAttribute(findTestObject("Login/More_opt"), "text", 0) FAILED.
Reason:
com.kms.katalon.core.exception.StepFailedException: Failed to get attribute 'Object Repository/Login/More_opt' on element 'text' (Root cause: com.kms.katalon.core.exception.StepFailedException: Object Object Repository/Login/More_opt not found)
	at com.kms.katalon.core.keyword.internal.KeywordMain.stepFailed(KeywordMain.groovy:36)
	at com.kms.katalon.core.mobile.keyword.internal.MobileKeywordMain.stepFailed(MobileKeywordMain.groovy:40)
	at com.kms.katalon.core.mobile.keyword.internal.MobileKeywordMain.runKeyword(MobileKeywordMain.groovy:23)
	at com.kms.katalon.core.mobile.keyword.builtin.GetAttributeKeyword.getAttribute(GetAttributeKeyword.groovy:82)
	at com.kms.katalon.core.mobile.keyword.builtin.GetAttributeKeyword.execute(GetAttributeKeyword.groovy:66)
	at com.kms.katalon.core.keyword.internal.KeywordExecutor.executeKeywordForPlatform(KeywordExecutor.groovy:56)
	at com.kms.katalon.core.mobile.keyword.MobileBuiltInKeywords.getAttribute(MobileBuiltInKeywords.groovy:555)
	at com.kms.katalon.core.mobile.keyword.MobileBuiltInKeywords$getAttribute$2.call(Unknown Source)
	at LoginFlow.run(LoginFlow:45)
	at com.kms.katalon.core.main.ScriptEngine.run(ScriptEngine.java:194)
	at com.kms.katalon.core.main.ScriptEngine.runScriptAsRawText(ScriptEngine.java:119)
	at com.kms.katalon.core.main.TestCaseExecutor.runScript(TestCaseExecutor.java:328)
	at com.kms.katalon.core.main.TestCaseExecutor.doExecute(TestCaseExecutor.java:319)
	at com.kms.katalon.core.main.TestCaseExecutor.processExecutionPhase(TestCaseExecutor.java:298)
	at com.kms.katalon.core.main.TestCaseExecutor.accessMainPhase(TestCaseExecutor.java:290)
	at com.kms.katalon.core.main.TestCaseExecutor.execute(TestCaseExecutor.java:224)
	at com.kms.katalon.core.main.TestSuiteExecutor.accessTestCaseMainPhase(TestSuiteExecutor.java:129)
	at com.kms.katalon.core.main.TestSuiteExecutor.accessTestSuiteMainPhase(TestSuiteExecutor.java:112)
	at com.kms.katalon.core.main.TestSuiteExecutor.execute(TestSuiteExecutor.java:81)
	at com.kms.katalon.core.main.TestCaseMain.startTestSuite(TestCaseMain.java:149)
	at com.kms.katalon.core.main.TestCaseMain$startTestSuite$0.call(Unknown Source)
	at TempTestSuite1556256504518.run(TempTestSuite1556256504518.groovy:36)


2019-04-26 10:59:26 - [MESSAGE][WARNING] - Timeout '0' is invalid. Using default page load timeout: '30'

2019-04-26 10:59:58 - [MESSAGE][FAILED] - Object Object Repository/Login/More_opt not found
[[ATTACHMENT|/home/iauro-qa004/Katalon Studio/Anuroop hybrid app/Reports/LoginScenario/20190426_105824/1556256596107.png]]

2019-04-26 10:59:59 - [MESSAGE][FAILED] - Failed to get attribute 'Object Repository/Login/More_opt' on element 'text' (Root cause: com.kms.katalon.core.exception.StepFailedException: Object Object Repository/Login/More_opt not found)
[[ATTACHMENT|/home/iauro-qa004/Katalon Studio/Anuroop hybrid app/Reports/LoginScenario/20190426_105824/1556256598012.png]]

2019-04-26 10:59:59 - [MESSAGE][FAILED] - getAttribute(findTestObject("Login/More_opt"), "text", 0) FAILED.
Reason:
com.kms.katalon.core.exception.StepFailedException: Failed to get attribute 'Object Repository/Login/More_opt' on element 'text' (Root cause: com.kms.katalon.core.exception.StepFailedException: Object Object Repository/Login/More_opt not found)
	at com.kms.katalon.core.keyword.internal.KeywordMain.stepFailed(KeywordMain.groovy:36)
	at com.kms.katalon.core.mobile.keyword.internal.MobileKeywordMain.stepFailed(MobileKeywordMain.groovy:40)
	at com.kms.katalon.core.mobile.keyword.internal.MobileKeywordMain.runKeyword(MobileKeywordMain.groovy:23)
	at com.kms.katalon.core.mobile.keyword.builtin.GetAttributeKeyword.getAttribute(GetAttributeKeyword.groovy:82)
	at com.kms.katalon.core.mobile.keyword.builtin.GetAttributeKeyword.execute(GetAttributeKeyword.groovy:66)
	at com.kms.katalon.core.keyword.internal.KeywordExecutor.executeKeywordForPlatform(KeywordExecutor.groovy:56)
	at com.kms.katalon.core.mobile.keyword.MobileBuiltInKeywords.getAttribute(MobileBuiltInKeywords.groovy:555)
	at com.kms.katalon.core.mobile.keyword.MobileBuiltInKeywords$getAttribute$2.call(Unknown Source)
	at LoginFlow.run(LoginFlow:45)
	at com.kms.katalon.core.main.ScriptEngine.run(ScriptEngine.java:194)
	at com.kms.katalon.core.main.ScriptEngine.runScriptAsRawText(ScriptEngine.java:119)
	at com.kms.katalon.core.main.TestCaseExecutor.runScript(TestCaseExecutor.java:328)
	at com.kms.katalon.core.main.TestCaseExecutor.doExecute(TestCaseExecutor.java:319)
	at com.kms.katalon.core.main.TestCaseExecutor.processExecutionPhase(TestCaseExecutor.java:298)
	at com.kms.katalon.core.main.TestCaseExecutor.accessMainPhase(TestCaseExecutor.java:290)
	at com.kms.katalon.core.main.TestCaseExecutor.execute(TestCaseExecutor.java:224)
	at com.kms.katalon.core.main.TestSuiteExecutor.accessTestCaseMainPhase(TestSuiteExecutor.java:129)
	at com.kms.katalon.core.main.TestSuiteExecutor.accessTestSuiteMainPhase(TestSuiteExecutor.java:112)
	at com.kms.katalon.core.main.TestSuiteExecutor.execute(TestSuiteExecutor.java:81)
	at com.kms.katalon.core.main.TestCaseMain.startTestSuite(TestCaseMain.java:149)
	at com.kms.katalon.core.main.TestCaseMain$startTestSuite$0.call(Unknown Source)
	at TempTestSuite1556256504518.run(TempTestSuite1556256504518.groovy:36)]]></system-out>
         <system-err><![CDATA[2019-04-26 10:58:26 - [TEST_CASE][FAILED] - Test Cases/LoginFlow: Test Cases/LoginFlow FAILED.
Reason:
com.kms.katalon.core.exception.StepFailedException: Failed to get attribute 'Object Repository/Login/More_opt' on element 'text' (Root cause: com.kms.katalon.core.exception.StepFailedException: Object Object Repository/Login/More_opt not found)
	at com.kms.katalon.core.keyword.internal.KeywordMain.stepFailed(KeywordMain.groovy:36)
	at com.kms.katalon.core.mobile.keyword.internal.MobileKeywordMain.stepFailed(MobileKeywordMain.groovy:40)
	at com.kms.katalon.core.mobile.keyword.internal.MobileKeywordMain.runKeyword(MobileKeywordMain.groovy:23)
	at com.kms.katalon.core.mobile.keyword.builtin.GetAttributeKeyword.getAttribute(GetAttributeKeyword.groovy:82)
	at com.kms.katalon.core.mobile.keyword.builtin.GetAttributeKeyword.execute(GetAttributeKeyword.groovy:66)
	at com.kms.katalon.core.keyword.internal.KeywordExecutor.executeKeywordForPlatform(KeywordExecutor.groovy:56)
	at com.kms.katalon.core.mobile.keyword.MobileBuiltInKeywords.getAttribute(MobileBuiltInKeywords.groovy:555)
	at com.kms.katalon.core.mobile.keyword.MobileBuiltInKeywords$getAttribute$2.call(Unknown Source)
	at LoginFlow.run(LoginFlow:45)
	at com.kms.katalon.core.main.ScriptEngine.run(ScriptEngine.java:194)
	at com.kms.katalon.core.main.ScriptEngine.runScriptAsRawText(ScriptEngine.java:119)
	at com.kms.katalon.core.main.TestCaseExecutor.runScript(TestCaseExecutor.java:328)
	at com.kms.katalon.core.main.TestCaseExecutor.doExecute(TestCaseExecutor.java:319)
	at com.kms.katalon.core.main.TestCaseExecutor.processExecutionPhase(TestCaseExecutor.java:298)
	at com.kms.katalon.core.main.TestCaseExecutor.accessMainPhase(TestCaseExecutor.java:290)
	at com.kms.katalon.core.main.TestCaseExecutor.execute(TestCaseExecutor.java:224)
	at com.kms.katalon.core.main.TestSuiteExecutor.accessTestCaseMainPhase(TestSuiteExecutor.java:129)
	at com.kms.katalon.core.main.TestSuiteExecutor.accessTestSuiteMainPhase(TestSuiteExecutor.java:112)
	at com.kms.katalon.core.main.TestSuiteExecutor.execute(TestSuiteExecutor.java:81)
	at com.kms.katalon.core.main.TestCaseMain.startTestSuite(TestCaseMain.java:149)
	at com.kms.katalon.core.main.TestCaseMain$startTestSuite$0.call(Unknown Source)
	at TempTestSuite1556256504518.run(TempTestSuite1556256504518.groovy:36)]]></system-err>
      </testcase>
      <system-out><![CDATA[2019-04-26 10:58:26 - [TEST_SUITE][FAILED] - LoginScenario: Test Cases/LoginFlow FAILED.
Reason:
com.kms.katalon.core.exception.StepFailedException: Failed to get attribute 'Object Repository/Login/More_opt' on element 'text' (Root cause: com.kms.katalon.core.exception.StepFailedException: Object Object Repository/Login/More_opt not found)
	at com.kms.katalon.core.keyword.internal.KeywordMain.stepFailed(KeywordMain.groovy:36)
	at com.kms.katalon.core.mobile.keyword.internal.MobileKeywordMain.stepFailed(MobileKeywordMain.groovy:40)
	at com.kms.katalon.core.mobile.keyword.internal.MobileKeywordMain.runKeyword(MobileKeywordMain.groovy:23)
	at com.kms.katalon.core.mobile.keyword.builtin.GetAttributeKeyword.getAttribute(GetAttributeKeyword.groovy:82)
	at com.kms.katalon.core.mobile.keyword.builtin.GetAttributeKeyword.execute(GetAttributeKeyword.groovy:66)
	at com.kms.katalon.core.keyword.internal.KeywordExecutor.executeKeywordForPlatform(KeywordExecutor.groovy:56)
	at com.kms.katalon.core.mobile.keyword.MobileBuiltInKeywords.getAttribute(MobileBuiltInKeywords.groovy:555)
	at com.kms.katalon.core.mobile.keyword.MobileBuiltInKeywords$getAttribute$2.call(Unknown Source)
	at LoginFlow.run(LoginFlow:45)
	at com.kms.katalon.core.main.ScriptEngine.run(ScriptEngine.java:194)
	at com.kms.katalon.core.main.ScriptEngine.runScriptAsRawText(ScriptEngine.java:119)
	at com.kms.katalon.core.main.TestCaseExecutor.runScript(TestCaseExecutor.java:328)
	at com.kms.katalon.core.main.TestCaseExecutor.doExecute(TestCaseExecutor.java:319)
	at com.kms.katalon.core.main.TestCaseExecutor.processExecutionPhase(TestCaseExecutor.java:298)
	at com.kms.katalon.core.main.TestCaseExecutor.accessMainPhase(TestCaseExecutor.java:290)
	at com.kms.katalon.core.main.TestCaseExecutor.execute(TestCaseExecutor.java:224)
	at com.kms.katalon.core.main.TestSuiteExecutor.accessTestCaseMainPhase(TestSuiteExecutor.java:129)
	at com.kms.katalon.core.main.TestSuiteExecutor.accessTestSuiteMainPhase(TestSuiteExecutor.java:112)
	at com.kms.katalon.core.main.TestSuiteExecutor.execute(TestSuiteExecutor.java:81)
	at com.kms.katalon.core.main.TestCaseMain.startTestSuite(TestCaseMain.java:149)
	at com.kms.katalon.core.main.TestCaseMain$startTestSuite$0.call(Unknown Source)
	at TempTestSuite1556256504518.run(TempTestSuite1556256504518.groovy:36)]]></system-out>
      <system-err><![CDATA[2019-04-26 10:58:26 - [TEST_SUITE][FAILED] - LoginScenario: Test Cases/LoginFlow FAILED.
Reason:
com.kms.katalon.core.exception.StepFailedException: Failed to get attribute 'Object Repository/Login/More_opt' on element 'text' (Root cause: com.kms.katalon.core.exception.StepFailedException: Object Object Repository/Login/More_opt not found)
	at com.kms.katalon.core.keyword.internal.KeywordMain.stepFailed(KeywordMain.groovy:36)
	at com.kms.katalon.core.mobile.keyword.internal.MobileKeywordMain.stepFailed(MobileKeywordMain.groovy:40)
	at com.kms.katalon.core.mobile.keyword.internal.MobileKeywordMain.runKeyword(MobileKeywordMain.groovy:23)
	at com.kms.katalon.core.mobile.keyword.builtin.GetAttributeKeyword.getAttribute(GetAttributeKeyword.groovy:82)
	at com.kms.katalon.core.mobile.keyword.builtin.GetAttributeKeyword.execute(GetAttributeKeyword.groovy:66)
	at com.kms.katalon.core.keyword.internal.KeywordExecutor.executeKeywordForPlatform(KeywordExecutor.groovy:56)
	at com.kms.katalon.core.mobile.keyword.MobileBuiltInKeywords.getAttribute(MobileBuiltInKeywords.groovy:555)
	at com.kms.katalon.core.mobile.keyword.MobileBuiltInKeywords$getAttribute$2.call(Unknown Source)
	at LoginFlow.run(LoginFlow:45)
	at com.kms.katalon.core.main.ScriptEngine.run(ScriptEngine.java:194)
	at com.kms.katalon.core.main.ScriptEngine.runScriptAsRawText(ScriptEngine.java:119)
	at com.kms.katalon.core.main.TestCaseExecutor.runScript(TestCaseExecutor.java:328)
	at com.kms.katalon.core.main.TestCaseExecutor.doExecute(TestCaseExecutor.java:319)
	at com.kms.katalon.core.main.TestCaseExecutor.processExecutionPhase(TestCaseExecutor.java:298)
	at com.kms.katalon.core.main.TestCaseExecutor.accessMainPhase(TestCaseExecutor.java:290)
	at com.kms.katalon.core.main.TestCaseExecutor.execute(TestCaseExecutor.java:224)
	at com.kms.katalon.core.main.TestSuiteExecutor.accessTestCaseMainPhase(TestSuiteExecutor.java:129)
	at com.kms.katalon.core.main.TestSuiteExecutor.accessTestSuiteMainPhase(TestSuiteExecutor.java:112)
	at com.kms.katalon.core.main.TestSuiteExecutor.execute(TestSuiteExecutor.java:81)
	at com.kms.katalon.core.main.TestCaseMain.startTestSuite(TestCaseMain.java:149)
	at com.kms.katalon.core.main.TestCaseMain$startTestSuite$0.call(Unknown Source)
	at TempTestSuite1556256504518.run(TempTestSuite1556256504518.groovy:36)]]></system-err>
   </testsuite>
</testsuites>
