<?xml version="1.0" encoding="UTF-8"?>
<testsuites name="LoginScenario" time="221" tests="3" failures="0" errors="0">
   <testsuite name="LoginScenario" tests="3" failures="0" errors="0" time="221" timestamp="2019-05-16 15:59:03" hostname="iauro-qa004 - iauroqa004-System-Product-Name" id="Test Suites/LoginScenario">
      <properties>
         <property name="deviceName" value="Xiaomi Redmi Note 5 Pro (Android 8.1.0)"/>
         <property name="devicePlatform" value=""/>
         <property name="logFolder" value="/home/iauro-qa004/Katalon Studio/Anuroop hybrid app/Reports/LoginScenario/20190516_155856"/>
         <property name="logFiles" value="/home/iauro-qa004/Katalon Studio/Anuroop hybrid app/Reports/LoginScenario/20190516_155856/appium.log, /home/iauro-qa004/Katalon Studio/Anuroop hybrid app/Reports/LoginScenario/20190516_155856/execution0.log"/>
         <property name="attachments" value="/home/iauro-qa004/Katalon Studio/Anuroop hybrid app/AndroidApp/screenshot.png, /home/iauro-qa004/Katalon Studio/Anuroop hybrid app/AndroidApp/screenshot.png, /home/iauro-qa004/Katalon Studio/Anuroop hybrid app/AndroidApp/screenshot.png"/>
         <property name="hostName" value="iauro-qa004 - iauroqa004-System-Product-Name"/>
         <property name="os" value="Linux 64bit"/>
         <property name="katalonVersion" value="6.0.4.7"/>
         <property name="deviceOS" value="Android"/>
         <property name="appiumVersion" value="1.8.1"/>
         <property name="deviceModel" value="Redmi Note 5 Pro"/>
         <property name="hostAddress" value="127.0.1.1"/>
         <property name="deviceManufacturer" value="Xiaomi"/>
         <property name="deviceId" value="461a88f3"/>
         <property name="deviceName" value="Xiaomi Redmi Note 5 Pro (Android 8.1.0)"/>
         <property name="deviceOSVersion" value="8.1.0"/>
      </properties>
      <testcase name="Test Cases/Checking About button functionality" classname="Test Cases/Checking About button functionality" status="PASSED">
         <system-out><![CDATA[2019-05-16 15:59:03 - [TEST_CASE][PASSED] - Test Cases/Checking About button functionality: Test Cases/Checking About button functionality

2019-05-16 15:59:04 - [TEST_STEP][PASSED] - startApplication("/home/iauro-qa004/Katalon Studio/Anuroop hybrid app/AndroidApp/android-debug.apk", true): Started app at: '/home/iauro-qa004/Katalon Studio/Anuroop hybrid app/AndroidApp/android-debug.apk'

2019-05-16 15:59:15 - [MESSAGE][INFO] - Appium server started on port 33,641

2019-05-16 15:59:43 - [MESSAGE][PASSED] - Started app at: '/home/iauro-qa004/Katalon Studio/Anuroop hybrid app/AndroidApp/android-debug.apk'

2019-05-16 15:59:43 - [TEST_STEP][PASSED] - comment("Enter username"): Enter username

2019-05-16 15:59:43 - [MESSAGE][INFO] - Enter username

2019-05-16 15:59:43 - [TEST_STEP][PASSED] - setText(findTestObject("Login/Username"), "MB07120121", 0): Text 'MB07120121' has been set to element 'Object Repository/Login/Username'

2019-05-16 15:59:43 - [MESSAGE][WARNING] - Timeout '0' is invalid. Using default page load timeout: '30'

2019-05-16 15:59:49 - [MESSAGE][PASSED] - Text 'MB07120121' has been set to element 'Object Repository/Login/Username'

2019-05-16 15:59:49 - [TEST_STEP][PASSED] - takeScreenshot("/home/iauro-qa004/Katalon Studio/Anuroop hybrid app/AndroidApp/screenshot.png"): Screenshot is taken

2019-05-16 15:59:52 - [MESSAGE][PASSED] - Screenshot is taken
[[ATTACHMENT|/home/iauro-qa004/Katalon Studio/Anuroop hybrid app/AndroidApp/screenshot.png]]

2019-05-16 15:59:52 - [TEST_STEP][PASSED] - comment("Enter password"): Enter password

2019-05-16 15:59:52 - [MESSAGE][INFO] - Enter password

2019-05-16 15:59:52 - [TEST_STEP][PASSED] - setText(findTestObject("Login/Password"), "anuroop50", 0): Text 'anuroop50' has been set to element 'Object Repository/Login/Password'

2019-05-16 15:59:52 - [MESSAGE][WARNING] - Timeout '0' is invalid. Using default page load timeout: '30'

2019-05-16 15:59:53 - [MESSAGE][PASSED] - Text 'anuroop50' has been set to element 'Object Repository/Login/Password'

2019-05-16 15:59:53 - [TEST_STEP][PASSED] - delay(5): Delayed 5 second(s)

2019-05-16 15:59:58 - [MESSAGE][PASSED] - Delayed 5 second(s)

2019-05-16 15:59:58 - [TEST_STEP][PASSED] - driver = getDriver(): null

2019-05-16 15:59:58 - [TEST_STEP][PASSED] - log = new com.kms.katalon.core.logging.KeywordLogger(): null

2019-05-16 15:59:58 - [TEST_STEP][PASSED] - log.logInfo("----------------------------- Page Information : " + driver.getPageSource()): ----------------------------- Page Information : <?xml version="1.0" encoding="UTF-8"?><hierarchy rotation="0"><android.widget.FrameLayout index="0" text="" class="android.widget.FrameLayout" package="com.app.anuroop" content-desc="" checkable="false" checked="false" clickable="false" enabled="true" focusable="false" focused="false" scrollable="false" long-clickable="false" password="false" selected="false" bounds="[0,0][1080,2030]" resource-id="" instance="0"><android.widget.LinearLayout index="0" text="" class="android.widget.LinearLayout" package="com.app.anuroop" content-desc="" checkable="false" checked="false" clickable="false" enabled="true" focusable="false" focused="false" scrollable="false" long-clickable="false" password="false" selected="false" bounds="[0,0][1080,2030]" resource-id="" instance="0"><android.widget.FrameLayout index="0" text="" class="android.widget.FrameLayout" package="com.app.anuroop" content-desc="" checkable="false" checked="false" clickable="false" enabled="true" focusable="false" focused="false" scrollable="false" long-clickable="false" password="false" selected="false" bounds="[0,66][1080,2030]" resource-id="android:id/content" instance="1"><android.webkit.WebView index="0" text="" class="android.webkit.WebView" package="com.app.anuroop" content-desc="" checkable="false" checked="false" clickable="false" enabled="true" focusable="false" focused="false" scrollable="false" long-clickable="false" password="false" selected="false" bounds="[0,66][1080,2030]" resource-id="" instance="0"><android.webkit.WebView index="0" text="Anuroop" class="android.webkit.WebView" package="com.app.anuroop" content-desc="" checkable="false" checked="false" clickable="false" enabled="true" focusable="true" focused="true" scrollable="true" long-clickable="false" password="false" selected="false" bounds="[0,66][1080,2030]" resource-id="" instance="1"><android.view.View index="0" text="" class="android.view.View" package="com.app.anuroop" content-desc="" checkable="false" checked="false" clickable="true" enabled="true" focusable="false" focused="false" scrollable="true" long-clickable="false" password="false" selected="false" bounds="[0,66][1080,2030]" resource-id="" instance="0"><android.view.View index="0" text="" class="android.view.View" package="com.app.anuroop" content-desc="" checkable="false" checked="false" clickable="false" enabled="true" focusable="false" focused="false" scrollable="false" long-clickable="false" password="false" selected="false" bounds="[0,66][1080,2030]" resource-id="" instance="1"><android.view.View index="0" text="" class="android.view.View" package="com.app.anuroop" content-desc="" checkable="false" checked="false" clickable="false" enabled="true" focusable="false" focused="false" scrollable="false" long-clickable="false" password="false" selected="false" bounds="[0,66][1080,2030]" resource-id="" instance="2"><android.view.View index="0" text="" class="android.view.View" package="com.app.anuroop" content-desc="" checkable="false" checked="false" clickable="false" enabled="true" focusable="false" focused="false" scrollable="false" long-clickable="false" password="false" selected="false" bounds="[0,66][1080,2030]" resource-id="" instance="3"><android.view.View index="0" text="" class="android.view.View" package="com.app.anuroop" content-desc="" checkable="false" checked="false" clickable="false" enabled="true" focusable="false" focused="false" scrollable="true" long-clickable="false" password="false" selected="false" bounds="[0,66][1080,2030]" resource-id="" instance="4"><android.view.View index="0" text="" class="android.view.View" package="com.app.anuroop" content-desc="" checkable="false" checked="false" clickable="false" enabled="true" focusable="false" focused="false" scrollable="false" long-clickable="false" password="false" selected="false" bounds="[0,198][1080,2030]" resource-id="" instance="5"><android.view.View index="0" text="" class="android.view.View" package="com.app.anuroop" content-desc="" checkable="false" checked="false" clickable="false" enabled="true" focusable="false" focused="false" scrollable="false" long-clickable="false" password="false" selected="false" bounds="[319,198][761,561]" resource-id="" instance="6"/><android.view.View index="1" text="" class="android.view.View" package="com.app.anuroop" content-desc="" checkable="false" checked="false" clickable="false" enabled="true" focusable="false" focused="false" scrollable="false" long-clickable="false" password="false" selected="false" bounds="[0,651][1080,767]" resource-id="" instance="7"><android.widget.EditText index="0" text="MB07120121" class="android.widget.EditText" package="com.app.anuroop" content-desc="" checkable="false" checked="false" clickable="true" enabled="true" focusable="true" focused="false" scrollable="false" long-clickable="false" password="false" selected="false" bounds="[79,651][1001,767]" resource-id="username" instance="0"/></android.view.View><android.view.View index="2" text="" class="android.view.View" package="com.app.anuroop" content-desc="" checkable="false" checked="false" clickable="false" enabled="true" focusable="false" focused="false" scrollable="false" long-clickable="false" password="false" selected="false" bounds="[79,816][1001,932]" resource-id="" instance="8"><android.widget.EditText index="0" text="•••••••••" class="android.widget.EditText" package="com.app.anuroop" content-desc="" checkable="false" checked="false" clickable="true" enabled="true" focusable="true" focused="false" scrollable="false" long-clickable="false" password="true" selected="false" bounds="[137,827][825,924]" resource-id="password" instance="1"/><android.widget.Button NAF="true" index="1" text="" class="android.widget.Button" package="com.app.anuroop" content-desc="" checkable="false" checked="false" clickable="true" enabled="true" focusable="true" focused="false" scrollable="false" long-clickable="false" password="false" selected="false" bounds="[836,819][948,935]" resource-id="" instance="0"/></android.view.View><android.widget.Button index="3" text="LOGIN" class="android.widget.Button" package="com.app.anuroop" content-desc="" checkable="false" checked="false" clickable="true" enabled="true" focusable="true" focused="false" scrollable="false" long-clickable="false" password="false" selected="false" bounds="[79,1012][1001,1135]" resource-id="" instance="1"/><android.view.View index="4" text="Forgot Password?" class="android.view.View" package="com.app.anuroop" content-desc="" checkable="false" checked="false" clickable="true" enabled="true" focusable="false" focused="false" scrollable="false" long-clickable="false" password="false" selected="false" bounds="[0,1188][1080,1240]" resource-id="" instance="9"/><android.widget.Button index="5" text="Don't have an account? Register" class="android.widget.Button" package="com.app.anuroop" content-desc="" checkable="false" checked="false" clickable="true" enabled="true" focusable="true" focused="false" scrollable="false" long-clickable="false" password="false" selected="false" bounds="[107,1320][973,1416]" resource-id="" instance="2"/><android.widget.Button index="6" text="By logging in I accept the terms and conditions" class="android.widget.Button" package="com.app.anuroop" content-desc="" checkable="false" checked="false" clickable="true" enabled="true" focusable="true" focused="false" scrollable="false" long-clickable="false" password="false" selected="false" bounds="[0,1413][1080,1465]" resource-id="" instance="3"/></android.view.View><android.view.View index="1" text="" class="android.view.View" package="com.app.anuroop" content-desc="" checkable="false" checked="false" clickable="false" enabled="true" focusable="false" focused="false" scrollable="false" long-clickable="false" password="false" selected="false" bounds="[1061,66][1075,2026]" resource-id="" instance="10"/></android.view.View></android.view.View></android.view.View></android.view.View></android.view.View></android.webkit.WebView></android.webkit.WebView></android.widget.FrameLayout></android.widget.LinearLayout></android.widget.FrameLayout></hierarchy>

2019-05-16 15:59:59 - [MESSAGE][INFO] - ----------------------------- Page Information : <?xml version="1.0" encoding="UTF-8"?><hierarchy rotation="0"><android.widget.FrameLayout index="0" text="" class="android.widget.FrameLayout" package="com.app.anuroop" content-desc="" checkable="false" checked="false" clickable="false" enabled="true" focusable="false" focused="false" scrollable="false" long-clickable="false" password="false" selected="false" bounds="[0,0][1080,2030]" resource-id="" instance="0"><android.widget.LinearLayout index="0" text="" class="android.widget.LinearLayout" package="com.app.anuroop" content-desc="" checkable="false" checked="false" clickable="false" enabled="true" focusable="false" focused="false" scrollable="false" long-clickable="false" password="false" selected="false" bounds="[0,0][1080,2030]" resource-id="" instance="0"><android.widget.FrameLayout index="0" text="" class="android.widget.FrameLayout" package="com.app.anuroop" content-desc="" checkable="false" checked="false" clickable="false" enabled="true" focusable="false" focused="false" scrollable="false" long-clickable="false" password="false" selected="false" bounds="[0,66][1080,2030]" resource-id="android:id/content" instance="1"><android.webkit.WebView index="0" text="" class="android.webkit.WebView" package="com.app.anuroop" content-desc="" checkable="false" checked="false" clickable="false" enabled="true" focusable="false" focused="false" scrollable="false" long-clickable="false" password="false" selected="false" bounds="[0,66][1080,2030]" resource-id="" instance="0"><android.webkit.WebView index="0" text="Anuroop" class="android.webkit.WebView" package="com.app.anuroop" content-desc="" checkable="false" checked="false" clickable="false" enabled="true" focusable="true" focused="true" scrollable="true" long-clickable="false" password="false" selected="false" bounds="[0,66][1080,2030]" resource-id="" instance="1"><android.view.View index="0" text="" class="android.view.View" package="com.app.anuroop" content-desc="" checkable="false" checked="false" clickable="true" enabled="true" focusable="false" focused="false" scrollable="true" long-clickable="false" password="false" selected="false" bounds="[0,66][1080,2030]" resource-id="" instance="0"><android.view.View index="0" text="" class="android.view.View" package="com.app.anuroop" content-desc="" checkable="false" checked="false" clickable="false" enabled="true" focusable="false" focused="false" scrollable="false" long-clickable="false" password="false" selected="false" bounds="[0,66][1080,2030]" resource-id="" instance="1"><android.view.View index="0" text="" class="android.view.View" package="com.app.anuroop" content-desc="" checkable="false" checked="false" clickable="false" enabled="true" focusable="false" focused="false" scrollable="false" long-clickable="false" password="false" selected="false" bounds="[0,66][1080,2030]" resource-id="" instance="2"><android.view.View index="0" text="" class="android.view.View" package="com.app.anuroop" content-desc="" checkable="false" checked="false" clickable="false" enabled="true" focusable="false" focused="false" scrollable="false" long-clickable="false" password="false" selected="false" bounds="[0,66][1080,2030]" resource-id="" instance="3"><android.view.View index="0" text="" class="android.view.View" package="com.app.anuroop" content-desc="" checkable="false" checked="false" clickable="false" enabled="true" focusable="false" focused="false" scrollable="true" long-clickable="false" password="false" selected="false" bounds="[0,66][1080,2030]" resource-id="" instance="4"><android.view.View index="0" text="" class="android.view.View" package="com.app.anuroop" content-desc="" checkable="false" checked="false" clickable="false" enabled="true" focusable="false" focused="false" scrollable="false" long-clickable="false" password="false" selected="false" bounds="[0,198][1080,2030]" resource-id="" instance="5"><android.view.View index="0" text="" class="android.view.View" package="com.app.anuroop" content-desc="" checkable="false" checked="false" clickable="false" enabled="true" focusable="false" focused="false" scrollable="false" long-clickable="false" password="false" selected="false" bounds="[319,198][761,561]" resource-id="" instance="6"/><android.view.View index="1" text="" class="android.view.View" package="com.app.anuroop" content-desc="" checkable="false" checked="false" clickable="false" enabled="true" focusable="false" focused="false" scrollable="false" long-clickable="false" password="false" selected="false" bounds="[0,651][1080,767]" resource-id="" instance="7"><android.widget.EditText index="0" text="MB07120121" class="android.widget.EditText" package="com.app.anuroop" content-desc="" checkable="false" checked="false" clickable="true" enabled="true" focusable="true" focused="false" scrollable="false" long-clickable="false" password="false" selected="false" bounds="[79,651][1001,767]" resource-id="username" instance="0"/></android.view.View><android.view.View index="2" text="" class="android.view.View" package="com.app.anuroop" content-desc="" checkable="false" checked="false" clickable="false" enabled="true" focusable="false" focused="false" scrollable="false" long-clickable="false" password="false" selected="false" bounds="[79,816][1001,932]" resource-id="" instance="8"><android.widget.EditText index="0" text="•••••••••" class="android.widget.EditText" package="com.app.anuroop" content-desc="" checkable="false" checked="false" clickable="true" enabled="true" focusable="true" focused="false" scrollable="false" long-clickable="false" password="true" selected="false" bounds="[137,827][825,924]" resource-id="password" instance="1"/><android.widget.Button NAF="true" index="1" text="" class="android.widget.Button" package="com.app.anuroop" content-desc="" checkable="false" checked="false" clickable="true" enabled="true" focusable="true" focused="false" scrollable="false" long-clickable="false" password="false" selected="false" bounds="[836,819][948,935]" resource-id="" instance="0"/></android.view.View><android.widget.Button index="3" text="LOGIN" class="android.widget.Button" package="com.app.anuroop" content-desc="" checkable="false" checked="false" clickable="true" enabled="true" focusable="true" focused="false" scrollable="false" long-clickable="false" password="false" selected="false" bounds="[79,1012][1001,1135]" resource-id="" instance="1"/><android.view.View index="4" text="Forgot Password?" class="android.view.View" package="com.app.anuroop" content-desc="" checkable="false" checked="false" clickable="true" enabled="true" focusable="false" focused="false" scrollable="false" long-clickable="false" password="false" selected="false" bounds="[0,1188][1080,1240]" resource-id="" instance="9"/><android.widget.Button index="5" text="Don't have an account? Register" class="android.widget.Button" package="com.app.anuroop" content-desc="" checkable="false" checked="false" clickable="true" enabled="true" focusable="true" focused="false" scrollable="false" long-clickable="false" password="false" selected="false" bounds="[107,1320][973,1416]" resource-id="" instance="2"/><android.widget.Button index="6" text="By logging in I accept the terms and conditions" class="android.widget.Button" package="com.app.anuroop" content-desc="" checkable="false" checked="false" clickable="true" enabled="true" focusable="true" focused="false" scrollable="false" long-clickable="false" password="false" selected="false" bounds="[0,1413][1080,1465]" resource-id="" instance="3"/></android.view.View><android.view.View index="1" text="" class="android.view.View" package="com.app.anuroop" content-desc="" checkable="false" checked="false" clickable="false" enabled="true" focusable="false" focused="false" scrollable="false" long-clickable="false" password="false" selected="false" bounds="[1061,66][1075,2026]" resource-id="" instance="10"/></android.view.View></android.view.View></android.view.View></android.view.View></android.view.View></android.webkit.WebView></android.webkit.WebView></android.widget.FrameLayout></android.widget.LinearLayout></android.widget.FrameLayout></hierarchy>

2019-05-16 15:59:59 - [TEST_STEP][PASSED] - getAttribute(findTestObject("Login/Login"), "text", 0): Element 'Object Repository/Login/Login' has attribute 'text' is 'LOGIN'

2019-05-16 15:59:59 - [MESSAGE][WARNING] - Timeout '0' is invalid. Using default page load timeout: '30'

2019-05-16 15:59:59 - [MESSAGE][PASSED] - Element 'Object Repository/Login/Login' has attribute 'text' is 'LOGIN'

2019-05-16 15:59:59 - [TEST_STEP][PASSED] - comment("Click on Login button"): Click on Login button

2019-05-16 15:59:59 - [MESSAGE][INFO] - Click on Login button

2019-05-16 15:59:59 - [TEST_STEP][PASSED] - tap(findTestObject("Login/Login"), 0): Tapped on element 'Object Repository/Login/Login'

2019-05-16 15:59:59 - [MESSAGE][WARNING] - Timeout '0' is invalid. Using default page load timeout: '30'

2019-05-16 16:00:00 - [MESSAGE][PASSED] - Tapped on element 'Object Repository/Login/Login'

2019-05-16 16:00:00 - [TEST_STEP][PASSED] - waitForElementPresent(findTestObject("Home Page/Choose a type of match"), 0): Element 'Object Repository/Home Page/Choose a type of match' is present

2019-05-16 16:00:00 - [MESSAGE][WARNING] - Timeout '0' is invalid. Using default page load timeout: '30'

2019-05-16 16:00:06 - [MESSAGE][PASSED] - Element 'Object Repository/Home Page/Choose a type of match' is present

2019-05-16 16:00:06 - [TEST_STEP][PASSED] - waitForElementPresent(findTestObject("Home Page/More"), 0): Element 'Object Repository/Home Page/More' is present

2019-05-16 16:00:06 - [MESSAGE][WARNING] - Timeout '0' is invalid. Using default page load timeout: '30'

2019-05-16 16:00:07 - [MESSAGE][PASSED] - Element 'Object Repository/Home Page/More' is present

2019-05-16 16:00:07 - [TEST_STEP][PASSED] - tap(findTestObject("Home Page/More"), 0): Tapped on element 'Object Repository/Home Page/More'

2019-05-16 16:00:07 - [MESSAGE][WARNING] - Timeout '0' is invalid. Using default page load timeout: '30'

2019-05-16 16:00:08 - [MESSAGE][PASSED] - Tapped on element 'Object Repository/Home Page/More'

2019-05-16 16:00:08 - [TEST_STEP][PASSED] - com.my.keywords.android.ScrollToElement.scrollListToElementWithText("Events"): com.my.keywords.android.ScrollToElement.scrollListToElementWithText is PASSED

2019-05-16 16:00:17 - [MESSAGE][PASSED] - com.my.keywords.android.ScrollToElement.scrollListToElementWithText is PASSED

2019-05-16 16:00:17 - [TEST_STEP][PASSED] - waitForElementPresent(findTestObject("More Page/About"), 0): Element 'Object Repository/More Page/About' is present

2019-05-16 16:00:17 - [MESSAGE][WARNING] - Timeout '0' is invalid. Using default page load timeout: '30'

2019-05-16 16:00:17 - [MESSAGE][PASSED] - Element 'Object Repository/More Page/About' is present

2019-05-16 16:00:17 - [TEST_STEP][PASSED] - delay(1): Delayed 1 second(s)

2019-05-16 16:00:18 - [MESSAGE][PASSED] - Delayed 1 second(s)

2019-05-16 16:00:18 - [TEST_STEP][PASSED] - tap(findTestObject("More Page/About"), 5): Tapped on element 'Object Repository/More Page/About'

2019-05-16 16:00:20 - [MESSAGE][PASSED] - Tapped on element 'Object Repository/More Page/About'

2019-05-16 16:00:20 - [TEST_STEP][PASSED] - tap(findTestObject("More Page/About_page_back_button"), 0): Tapped on element 'Object Repository/More Page/About_page_back_button'

2019-05-16 16:00:20 - [MESSAGE][WARNING] - Timeout '0' is invalid. Using default page load timeout: '30'

2019-05-16 16:00:22 - [MESSAGE][PASSED] - Tapped on element 'Object Repository/More Page/About_page_back_button']]></system-out>
         <system-err><![CDATA[]]></system-err>
      </testcase>
      <testcase name="Test Cases/Checking_events" classname="Test Cases/Checking_events" status="PASSED">
         <system-out><![CDATA[2019-05-16 16:00:22 - [TEST_CASE][PASSED] - Test Cases/Checking_events: Test Cases/Checking_events

2019-05-16 16:00:22 - [TEST_STEP][PASSED] - startApplication("/home/iauro-qa004/Katalon Studio/Anuroop hybrid app/AndroidApp/android-debug.apk", true): Started app at: '/home/iauro-qa004/Katalon Studio/Anuroop hybrid app/AndroidApp/android-debug.apk'

2019-05-16 16:00:45 - [MESSAGE][PASSED] - Started app at: '/home/iauro-qa004/Katalon Studio/Anuroop hybrid app/AndroidApp/android-debug.apk'

2019-05-16 16:00:45 - [TEST_STEP][PASSED] - comment("Enter username"): Enter username

2019-05-16 16:00:45 - [MESSAGE][INFO] - Enter username

2019-05-16 16:00:45 - [TEST_STEP][PASSED] - setText(findTestObject("Login/Username"), "MB07120121", 0): Text 'MB07120121' has been set to element 'Object Repository/Login/Username'

2019-05-16 16:00:45 - [MESSAGE][WARNING] - Timeout '0' is invalid. Using default page load timeout: '30'

2019-05-16 16:00:50 - [MESSAGE][PASSED] - Text 'MB07120121' has been set to element 'Object Repository/Login/Username'

2019-05-16 16:00:50 - [TEST_STEP][PASSED] - takeScreenshot("/home/iauro-qa004/Katalon Studio/Anuroop hybrid app/AndroidApp/screenshot.png"): Screenshot is taken

2019-05-16 16:00:53 - [MESSAGE][PASSED] - Screenshot is taken
[[ATTACHMENT|/home/iauro-qa004/Katalon Studio/Anuroop hybrid app/AndroidApp/screenshot.png]]

2019-05-16 16:00:53 - [TEST_STEP][PASSED] - comment("Enter password"): Enter password

2019-05-16 16:00:53 - [MESSAGE][INFO] - Enter password

2019-05-16 16:00:53 - [TEST_STEP][PASSED] - setText(findTestObject("Login/Password"), "anuroop50", 0): Text 'anuroop50' has been set to element 'Object Repository/Login/Password'

2019-05-16 16:00:53 - [MESSAGE][WARNING] - Timeout '0' is invalid. Using default page load timeout: '30'

2019-05-16 16:00:54 - [MESSAGE][PASSED] - Text 'anuroop50' has been set to element 'Object Repository/Login/Password'

2019-05-16 16:00:54 - [TEST_STEP][PASSED] - delay(5): Delayed 5 second(s)

2019-05-16 16:00:59 - [MESSAGE][PASSED] - Delayed 5 second(s)

2019-05-16 16:00:59 - [TEST_STEP][PASSED] - driver = getDriver(): null

2019-05-16 16:00:59 - [TEST_STEP][PASSED] - log = new com.kms.katalon.core.logging.KeywordLogger(): null

2019-05-16 16:00:59 - [TEST_STEP][PASSED] - log.logInfo("----------------------------- Page Information : " + driver.getPageSource()): ----------------------------- Page Information : <?xml version="1.0" encoding="UTF-8"?><hierarchy rotation="0"><android.widget.FrameLayout index="0" text="" class="android.widget.FrameLayout" package="com.app.anuroop" content-desc="" checkable="false" checked="false" clickable="false" enabled="true" focusable="false" focused="false" scrollable="false" long-clickable="false" password="false" selected="false" bounds="[0,0][1080,2030]" resource-id="" instance="0"><android.widget.LinearLayout index="0" text="" class="android.widget.LinearLayout" package="com.app.anuroop" content-desc="" checkable="false" checked="false" clickable="false" enabled="true" focusable="false" focused="false" scrollable="false" long-clickable="false" password="false" selected="false" bounds="[0,0][1080,2030]" resource-id="" instance="0"><android.widget.FrameLayout index="0" text="" class="android.widget.FrameLayout" package="com.app.anuroop" content-desc="" checkable="false" checked="false" clickable="false" enabled="true" focusable="false" focused="false" scrollable="false" long-clickable="false" password="false" selected="false" bounds="[0,66][1080,2030]" resource-id="android:id/content" instance="1"><android.webkit.WebView index="0" text="" class="android.webkit.WebView" package="com.app.anuroop" content-desc="" checkable="false" checked="false" clickable="false" enabled="true" focusable="false" focused="false" scrollable="false" long-clickable="false" password="false" selected="false" bounds="[0,66][1080,2030]" resource-id="" instance="0"><android.webkit.WebView index="0" text="Anuroop" class="android.webkit.WebView" package="com.app.anuroop" content-desc="" checkable="false" checked="false" clickable="false" enabled="true" focusable="true" focused="true" scrollable="true" long-clickable="false" password="false" selected="false" bounds="[0,66][1080,2030]" resource-id="" instance="1"><android.view.View index="0" text="" class="android.view.View" package="com.app.anuroop" content-desc="" checkable="false" checked="false" clickable="true" enabled="true" focusable="false" focused="false" scrollable="true" long-clickable="false" password="false" selected="false" bounds="[0,66][1080,2030]" resource-id="" instance="0"><android.view.View index="0" text="" class="android.view.View" package="com.app.anuroop" content-desc="" checkable="false" checked="false" clickable="false" enabled="true" focusable="false" focused="false" scrollable="false" long-clickable="false" password="false" selected="false" bounds="[0,66][1080,2030]" resource-id="" instance="1"><android.view.View index="0" text="" class="android.view.View" package="com.app.anuroop" content-desc="" checkable="false" checked="false" clickable="false" enabled="true" focusable="false" focused="false" scrollable="false" long-clickable="false" password="false" selected="false" bounds="[0,66][1080,2030]" resource-id="" instance="2"><android.view.View index="0" text="" class="android.view.View" package="com.app.anuroop" content-desc="" checkable="false" checked="false" clickable="false" enabled="true" focusable="false" focused="false" scrollable="false" long-clickable="false" password="false" selected="false" bounds="[0,66][1080,2030]" resource-id="" instance="3"><android.view.View index="0" text="" class="android.view.View" package="com.app.anuroop" content-desc="" checkable="false" checked="false" clickable="false" enabled="true" focusable="false" focused="false" scrollable="true" long-clickable="false" password="false" selected="false" bounds="[0,66][1080,2030]" resource-id="" instance="4"><android.view.View index="0" text="" class="android.view.View" package="com.app.anuroop" content-desc="" checkable="false" checked="false" clickable="false" enabled="true" focusable="false" focused="false" scrollable="false" long-clickable="false" password="false" selected="false" bounds="[0,198][1080,2030]" resource-id="" instance="5"><android.view.View index="0" text="" class="android.view.View" package="com.app.anuroop" content-desc="" checkable="false" checked="false" clickable="false" enabled="true" focusable="false" focused="false" scrollable="false" long-clickable="false" password="false" selected="false" bounds="[319,198][761,561]" resource-id="" instance="6"/><android.view.View index="1" text="" class="android.view.View" package="com.app.anuroop" content-desc="" checkable="false" checked="false" clickable="false" enabled="true" focusable="false" focused="false" scrollable="false" long-clickable="false" password="false" selected="false" bounds="[0,651][1080,767]" resource-id="" instance="7"><android.widget.EditText index="0" text="MB07120121" class="android.widget.EditText" package="com.app.anuroop" content-desc="" checkable="false" checked="false" clickable="true" enabled="true" focusable="true" focused="false" scrollable="false" long-clickable="false" password="false" selected="false" bounds="[79,651][1001,767]" resource-id="username" instance="0"/></android.view.View><android.view.View index="2" text="" class="android.view.View" package="com.app.anuroop" content-desc="" checkable="false" checked="false" clickable="false" enabled="true" focusable="false" focused="false" scrollable="false" long-clickable="false" password="false" selected="false" bounds="[79,816][1001,932]" resource-id="" instance="8"><android.widget.EditText index="0" text="•••••••••" class="android.widget.EditText" package="com.app.anuroop" content-desc="" checkable="false" checked="false" clickable="true" enabled="true" focusable="true" focused="false" scrollable="false" long-clickable="false" password="true" selected="false" bounds="[137,827][825,924]" resource-id="password" instance="1"/><android.widget.Button NAF="true" index="1" text="" class="android.widget.Button" package="com.app.anuroop" content-desc="" checkable="false" checked="false" clickable="true" enabled="true" focusable="true" focused="false" scrollable="false" long-clickable="false" password="false" selected="false" bounds="[836,819][948,935]" resource-id="" instance="0"/></android.view.View><android.widget.Button index="3" text="LOGIN" class="android.widget.Button" package="com.app.anuroop" content-desc="" checkable="false" checked="false" clickable="true" enabled="true" focusable="true" focused="false" scrollable="false" long-clickable="false" password="false" selected="false" bounds="[79,1012][1001,1135]" resource-id="" instance="1"/><android.view.View index="4" text="Forgot Password?" class="android.view.View" package="com.app.anuroop" content-desc="" checkable="false" checked="false" clickable="true" enabled="true" focusable="false" focused="false" scrollable="false" long-clickable="false" password="false" selected="false" bounds="[0,1188][1080,1240]" resource-id="" instance="9"/><android.widget.Button index="5" text="Don't have an account? Register" class="android.widget.Button" package="com.app.anuroop" content-desc="" checkable="false" checked="false" clickable="true" enabled="true" focusable="true" focused="false" scrollable="false" long-clickable="false" password="false" selected="false" bounds="[107,1320][973,1416]" resource-id="" instance="2"/><android.widget.Button index="6" text="By logging in I accept the terms and conditions" class="android.widget.Button" package="com.app.anuroop" content-desc="" checkable="false" checked="false" clickable="true" enabled="true" focusable="true" focused="false" scrollable="false" long-clickable="false" password="false" selected="false" bounds="[0,1413][1080,1465]" resource-id="" instance="3"/></android.view.View><android.view.View index="1" text="" class="android.view.View" package="com.app.anuroop" content-desc="" checkable="false" checked="false" clickable="false" enabled="true" focusable="false" focused="false" scrollable="false" long-clickable="false" password="false" selected="false" bounds="[1061,66][1075,2026]" resource-id="" instance="10"/></android.view.View></android.view.View></android.view.View></android.view.View></android.view.View></android.webkit.WebView></android.webkit.WebView></android.widget.FrameLayout></android.widget.LinearLayout></android.widget.FrameLayout></hierarchy>

2019-05-16 16:01:00 - [MESSAGE][INFO] - ----------------------------- Page Information : <?xml version="1.0" encoding="UTF-8"?><hierarchy rotation="0"><android.widget.FrameLayout index="0" text="" class="android.widget.FrameLayout" package="com.app.anuroop" content-desc="" checkable="false" checked="false" clickable="false" enabled="true" focusable="false" focused="false" scrollable="false" long-clickable="false" password="false" selected="false" bounds="[0,0][1080,2030]" resource-id="" instance="0"><android.widget.LinearLayout index="0" text="" class="android.widget.LinearLayout" package="com.app.anuroop" content-desc="" checkable="false" checked="false" clickable="false" enabled="true" focusable="false" focused="false" scrollable="false" long-clickable="false" password="false" selected="false" bounds="[0,0][1080,2030]" resource-id="" instance="0"><android.widget.FrameLayout index="0" text="" class="android.widget.FrameLayout" package="com.app.anuroop" content-desc="" checkable="false" checked="false" clickable="false" enabled="true" focusable="false" focused="false" scrollable="false" long-clickable="false" password="false" selected="false" bounds="[0,66][1080,2030]" resource-id="android:id/content" instance="1"><android.webkit.WebView index="0" text="" class="android.webkit.WebView" package="com.app.anuroop" content-desc="" checkable="false" checked="false" clickable="false" enabled="true" focusable="false" focused="false" scrollable="false" long-clickable="false" password="false" selected="false" bounds="[0,66][1080,2030]" resource-id="" instance="0"><android.webkit.WebView index="0" text="Anuroop" class="android.webkit.WebView" package="com.app.anuroop" content-desc="" checkable="false" checked="false" clickable="false" enabled="true" focusable="true" focused="true" scrollable="true" long-clickable="false" password="false" selected="false" bounds="[0,66][1080,2030]" resource-id="" instance="1"><android.view.View index="0" text="" class="android.view.View" package="com.app.anuroop" content-desc="" checkable="false" checked="false" clickable="true" enabled="true" focusable="false" focused="false" scrollable="true" long-clickable="false" password="false" selected="false" bounds="[0,66][1080,2030]" resource-id="" instance="0"><android.view.View index="0" text="" class="android.view.View" package="com.app.anuroop" content-desc="" checkable="false" checked="false" clickable="false" enabled="true" focusable="false" focused="false" scrollable="false" long-clickable="false" password="false" selected="false" bounds="[0,66][1080,2030]" resource-id="" instance="1"><android.view.View index="0" text="" class="android.view.View" package="com.app.anuroop" content-desc="" checkable="false" checked="false" clickable="false" enabled="true" focusable="false" focused="false" scrollable="false" long-clickable="false" password="false" selected="false" bounds="[0,66][1080,2030]" resource-id="" instance="2"><android.view.View index="0" text="" class="android.view.View" package="com.app.anuroop" content-desc="" checkable="false" checked="false" clickable="false" enabled="true" focusable="false" focused="false" scrollable="false" long-clickable="false" password="false" selected="false" bounds="[0,66][1080,2030]" resource-id="" instance="3"><android.view.View index="0" text="" class="android.view.View" package="com.app.anuroop" content-desc="" checkable="false" checked="false" clickable="false" enabled="true" focusable="false" focused="false" scrollable="true" long-clickable="false" password="false" selected="false" bounds="[0,66][1080,2030]" resource-id="" instance="4"><android.view.View index="0" text="" class="android.view.View" package="com.app.anuroop" content-desc="" checkable="false" checked="false" clickable="false" enabled="true" focusable="false" focused="false" scrollable="false" long-clickable="false" password="false" selected="false" bounds="[0,198][1080,2030]" resource-id="" instance="5"><android.view.View index="0" text="" class="android.view.View" package="com.app.anuroop" content-desc="" checkable="false" checked="false" clickable="false" enabled="true" focusable="false" focused="false" scrollable="false" long-clickable="false" password="false" selected="false" bounds="[319,198][761,561]" resource-id="" instance="6"/><android.view.View index="1" text="" class="android.view.View" package="com.app.anuroop" content-desc="" checkable="false" checked="false" clickable="false" enabled="true" focusable="false" focused="false" scrollable="false" long-clickable="false" password="false" selected="false" bounds="[0,651][1080,767]" resource-id="" instance="7"><android.widget.EditText index="0" text="MB07120121" class="android.widget.EditText" package="com.app.anuroop" content-desc="" checkable="false" checked="false" clickable="true" enabled="true" focusable="true" focused="false" scrollable="false" long-clickable="false" password="false" selected="false" bounds="[79,651][1001,767]" resource-id="username" instance="0"/></android.view.View><android.view.View index="2" text="" class="android.view.View" package="com.app.anuroop" content-desc="" checkable="false" checked="false" clickable="false" enabled="true" focusable="false" focused="false" scrollable="false" long-clickable="false" password="false" selected="false" bounds="[79,816][1001,932]" resource-id="" instance="8"><android.widget.EditText index="0" text="•••••••••" class="android.widget.EditText" package="com.app.anuroop" content-desc="" checkable="false" checked="false" clickable="true" enabled="true" focusable="true" focused="false" scrollable="false" long-clickable="false" password="true" selected="false" bounds="[137,827][825,924]" resource-id="password" instance="1"/><android.widget.Button NAF="true" index="1" text="" class="android.widget.Button" package="com.app.anuroop" content-desc="" checkable="false" checked="false" clickable="true" enabled="true" focusable="true" focused="false" scrollable="false" long-clickable="false" password="false" selected="false" bounds="[836,819][948,935]" resource-id="" instance="0"/></android.view.View><android.widget.Button index="3" text="LOGIN" class="android.widget.Button" package="com.app.anuroop" content-desc="" checkable="false" checked="false" clickable="true" enabled="true" focusable="true" focused="false" scrollable="false" long-clickable="false" password="false" selected="false" bounds="[79,1012][1001,1135]" resource-id="" instance="1"/><android.view.View index="4" text="Forgot Password?" class="android.view.View" package="com.app.anuroop" content-desc="" checkable="false" checked="false" clickable="true" enabled="true" focusable="false" focused="false" scrollable="false" long-clickable="false" password="false" selected="false" bounds="[0,1188][1080,1240]" resource-id="" instance="9"/><android.widget.Button index="5" text="Don't have an account? Register" class="android.widget.Button" package="com.app.anuroop" content-desc="" checkable="false" checked="false" clickable="true" enabled="true" focusable="true" focused="false" scrollable="false" long-clickable="false" password="false" selected="false" bounds="[107,1320][973,1416]" resource-id="" instance="2"/><android.widget.Button index="6" text="By logging in I accept the terms and conditions" class="android.widget.Button" package="com.app.anuroop" content-desc="" checkable="false" checked="false" clickable="true" enabled="true" focusable="true" focused="false" scrollable="false" long-clickable="false" password="false" selected="false" bounds="[0,1413][1080,1465]" resource-id="" instance="3"/></android.view.View><android.view.View index="1" text="" class="android.view.View" package="com.app.anuroop" content-desc="" checkable="false" checked="false" clickable="false" enabled="true" focusable="false" focused="false" scrollable="false" long-clickable="false" password="false" selected="false" bounds="[1061,66][1075,2026]" resource-id="" instance="10"/></android.view.View></android.view.View></android.view.View></android.view.View></android.view.View></android.webkit.WebView></android.webkit.WebView></android.widget.FrameLayout></android.widget.LinearLayout></android.widget.FrameLayout></hierarchy>

2019-05-16 16:01:00 - [TEST_STEP][PASSED] - getAttribute(findTestObject("Login/Login"), "text", 0): Element 'Object Repository/Login/Login' has attribute 'text' is 'LOGIN'

2019-05-16 16:01:00 - [MESSAGE][WARNING] - Timeout '0' is invalid. Using default page load timeout: '30'

2019-05-16 16:01:00 - [MESSAGE][PASSED] - Element 'Object Repository/Login/Login' has attribute 'text' is 'LOGIN'

2019-05-16 16:01:00 - [TEST_STEP][PASSED] - comment("Click on Login button"): Click on Login button

2019-05-16 16:01:00 - [MESSAGE][INFO] - Click on Login button

2019-05-16 16:01:00 - [TEST_STEP][PASSED] - tap(findTestObject("Login/Login"), 0): Tapped on element 'Object Repository/Login/Login'

2019-05-16 16:01:00 - [MESSAGE][WARNING] - Timeout '0' is invalid. Using default page load timeout: '30'

2019-05-16 16:01:02 - [MESSAGE][PASSED] - Tapped on element 'Object Repository/Login/Login'

2019-05-16 16:01:02 - [TEST_STEP][PASSED] - waitForElementPresent(findTestObject("Home Page/Choose a type of match"), 0): Element 'Object Repository/Home Page/Choose a type of match' is present

2019-05-16 16:01:02 - [MESSAGE][WARNING] - Timeout '0' is invalid. Using default page load timeout: '30'

2019-05-16 16:01:10 - [MESSAGE][PASSED] - Element 'Object Repository/Home Page/Choose a type of match' is present

2019-05-16 16:01:10 - [TEST_STEP][PASSED] - waitForElementPresent(findTestObject("Home Page/More"), 0): Element 'Object Repository/Home Page/More' is present

2019-05-16 16:01:10 - [MESSAGE][WARNING] - Timeout '0' is invalid. Using default page load timeout: '30'

2019-05-16 16:01:11 - [MESSAGE][PASSED] - Element 'Object Repository/Home Page/More' is present

2019-05-16 16:01:11 - [TEST_STEP][PASSED] - tap(findTestObject("Home Page/More"), 0): Tapped on element 'Object Repository/Home Page/More'

2019-05-16 16:01:11 - [MESSAGE][WARNING] - Timeout '0' is invalid. Using default page load timeout: '30'

2019-05-16 16:01:12 - [MESSAGE][PASSED] - Tapped on element 'Object Repository/Home Page/More'

2019-05-16 16:01:12 - [TEST_STEP][PASSED] - com.my.keywords.android.ScrollToElement.scrollListToElementWithText("Events"): com.my.keywords.android.ScrollToElement.scrollListToElementWithText is PASSED

2019-05-16 16:01:23 - [MESSAGE][PASSED] - com.my.keywords.android.ScrollToElement.scrollListToElementWithText is PASSED

2019-05-16 16:01:23 - [TEST_STEP][PASSED] - waitForElementPresent(findTestObject("More Page/Events"), 0): Element 'Object Repository/More Page/Events' is present

2019-05-16 16:01:23 - [MESSAGE][WARNING] - Timeout '0' is invalid. Using default page load timeout: '30'

2019-05-16 16:01:23 - [MESSAGE][PASSED] - Element 'Object Repository/More Page/Events' is present

2019-05-16 16:01:23 - [TEST_STEP][PASSED] - delay(1): Delayed 1 second(s)

2019-05-16 16:01:24 - [MESSAGE][PASSED] - Delayed 1 second(s)

2019-05-16 16:01:24 - [TEST_STEP][PASSED] - tap(findTestObject("More Page/Events"), 5): Tapped on element 'Object Repository/More Page/Events'

2019-05-16 16:01:26 - [MESSAGE][PASSED] - Tapped on element 'Object Repository/More Page/Events'

2019-05-16 16:01:26 - [TEST_STEP][PASSED] - com.my.keywords.android.ScrollToElement.scrollListToElementWithText("May 26, 2019 Caste No Bar Thet Bhet Program @ Pune"): com.my.keywords.android.ScrollToElement.scrollListToElementWithText is PASSED

2019-05-16 16:01:35 - [MESSAGE][PASSED] - com.my.keywords.android.ScrollToElement.scrollListToElementWithText is PASSED

2019-05-16 16:01:35 - [TEST_STEP][PASSED] - tap(findTestObject("EventsPage/Back_button"), 0): Tapped on element 'Object Repository/EventsPage/Back_button'

2019-05-16 16:01:35 - [MESSAGE][WARNING] - Timeout '0' is invalid. Using default page load timeout: '30'

2019-05-16 16:01:36 - [MESSAGE][PASSED] - Tapped on element 'Object Repository/EventsPage/Back_button']]></system-out>
         <system-err><![CDATA[]]></system-err>
      </testcase>
      <testcase name="Test Cases/To_check_contacts_viewed_profile" classname="Test Cases/To_check_contacts_viewed_profile" status="PASSED">
         <system-out><![CDATA[2019-05-16 16:01:36 - [TEST_CASE][PASSED] - Test Cases/To_check_contacts_viewed_profile: Test Cases/To_check_contacts_viewed_profile

2019-05-16 16:01:36 - [TEST_STEP][PASSED] - startApplication("/home/iauro-qa004/Katalon Studio/Anuroop hybrid app/AndroidApp/android-debug.apk", true): Started app at: '/home/iauro-qa004/Katalon Studio/Anuroop hybrid app/AndroidApp/android-debug.apk'

2019-05-16 16:01:59 - [MESSAGE][PASSED] - Started app at: '/home/iauro-qa004/Katalon Studio/Anuroop hybrid app/AndroidApp/android-debug.apk'

2019-05-16 16:01:59 - [TEST_STEP][PASSED] - comment("Enter username"): Enter username

2019-05-16 16:01:59 - [MESSAGE][INFO] - Enter username

2019-05-16 16:01:59 - [TEST_STEP][PASSED] - setText(findTestObject("Login/Username"), "MB07120121", 0): Text 'MB07120121' has been set to element 'Object Repository/Login/Username'

2019-05-16 16:01:59 - [MESSAGE][WARNING] - Timeout '0' is invalid. Using default page load timeout: '30'

2019-05-16 16:02:04 - [MESSAGE][PASSED] - Text 'MB07120121' has been set to element 'Object Repository/Login/Username'

2019-05-16 16:02:04 - [TEST_STEP][PASSED] - takeScreenshot("/home/iauro-qa004/Katalon Studio/Anuroop hybrid app/AndroidApp/screenshot.png"): Screenshot is taken

2019-05-16 16:02:07 - [MESSAGE][PASSED] - Screenshot is taken
[[ATTACHMENT|/home/iauro-qa004/Katalon Studio/Anuroop hybrid app/AndroidApp/screenshot.png]]

2019-05-16 16:02:07 - [TEST_STEP][PASSED] - comment("Enter password"): Enter password

2019-05-16 16:02:07 - [MESSAGE][INFO] - Enter password

2019-05-16 16:02:07 - [TEST_STEP][PASSED] - setText(findTestObject("Login/Password"), "anuroop50", 0): Text 'anuroop50' has been set to element 'Object Repository/Login/Password'

2019-05-16 16:02:07 - [MESSAGE][WARNING] - Timeout '0' is invalid. Using default page load timeout: '30'

2019-05-16 16:02:09 - [MESSAGE][PASSED] - Text 'anuroop50' has been set to element 'Object Repository/Login/Password'

2019-05-16 16:02:09 - [TEST_STEP][PASSED] - delay(5): Delayed 5 second(s)

2019-05-16 16:02:14 - [MESSAGE][PASSED] - Delayed 5 second(s)

2019-05-16 16:02:14 - [TEST_STEP][PASSED] - driver = getDriver(): null

2019-05-16 16:02:14 - [TEST_STEP][PASSED] - log = new com.kms.katalon.core.logging.KeywordLogger(): null

2019-05-16 16:02:14 - [TEST_STEP][PASSED] - log.logInfo("----------------------------- Page Information : " + driver.getPageSource()): ----------------------------- Page Information : <?xml version="1.0" encoding="UTF-8"?><hierarchy rotation="0"><android.widget.FrameLayout index="0" text="" class="android.widget.FrameLayout" package="com.app.anuroop" content-desc="" checkable="false" checked="false" clickable="false" enabled="true" focusable="false" focused="false" scrollable="false" long-clickable="false" password="false" selected="false" bounds="[0,0][1080,2030]" resource-id="" instance="0"><android.widget.LinearLayout index="0" text="" class="android.widget.LinearLayout" package="com.app.anuroop" content-desc="" checkable="false" checked="false" clickable="false" enabled="true" focusable="false" focused="false" scrollable="false" long-clickable="false" password="false" selected="false" bounds="[0,0][1080,2030]" resource-id="" instance="0"><android.widget.FrameLayout index="0" text="" class="android.widget.FrameLayout" package="com.app.anuroop" content-desc="" checkable="false" checked="false" clickable="false" enabled="true" focusable="false" focused="false" scrollable="false" long-clickable="false" password="false" selected="false" bounds="[0,66][1080,2030]" resource-id="android:id/content" instance="1"><android.webkit.WebView index="0" text="" class="android.webkit.WebView" package="com.app.anuroop" content-desc="" checkable="false" checked="false" clickable="false" enabled="true" focusable="false" focused="false" scrollable="false" long-clickable="false" password="false" selected="false" bounds="[0,66][1080,2030]" resource-id="" instance="0"><android.webkit.WebView index="0" text="Anuroop" class="android.webkit.WebView" package="com.app.anuroop" content-desc="" checkable="false" checked="false" clickable="false" enabled="true" focusable="true" focused="true" scrollable="true" long-clickable="false" password="false" selected="false" bounds="[0,66][1080,2030]" resource-id="" instance="1"><android.view.View index="0" text="" class="android.view.View" package="com.app.anuroop" content-desc="" checkable="false" checked="false" clickable="true" enabled="true" focusable="false" focused="false" scrollable="true" long-clickable="false" password="false" selected="false" bounds="[0,66][1080,2030]" resource-id="" instance="0"><android.view.View index="0" text="" class="android.view.View" package="com.app.anuroop" content-desc="" checkable="false" checked="false" clickable="false" enabled="true" focusable="false" focused="false" scrollable="false" long-clickable="false" password="false" selected="false" bounds="[0,66][1080,2030]" resource-id="" instance="1"><android.view.View index="0" text="" class="android.view.View" package="com.app.anuroop" content-desc="" checkable="false" checked="false" clickable="false" enabled="true" focusable="false" focused="false" scrollable="false" long-clickable="false" password="false" selected="false" bounds="[0,66][1080,2030]" resource-id="" instance="2"><android.view.View index="0" text="" class="android.view.View" package="com.app.anuroop" content-desc="" checkable="false" checked="false" clickable="false" enabled="true" focusable="false" focused="false" scrollable="false" long-clickable="false" password="false" selected="false" bounds="[0,66][1080,2030]" resource-id="" instance="3"><android.view.View index="0" text="" class="android.view.View" package="com.app.anuroop" content-desc="" checkable="false" checked="false" clickable="false" enabled="true" focusable="false" focused="false" scrollable="true" long-clickable="false" password="false" selected="false" bounds="[0,66][1080,2030]" resource-id="" instance="4"><android.view.View index="0" text="" class="android.view.View" package="com.app.anuroop" content-desc="" checkable="false" checked="false" clickable="false" enabled="true" focusable="false" focused="false" scrollable="false" long-clickable="false" password="false" selected="false" bounds="[0,198][1080,2030]" resource-id="" instance="5"><android.view.View index="0" text="" class="android.view.View" package="com.app.anuroop" content-desc="" checkable="false" checked="false" clickable="false" enabled="true" focusable="false" focused="false" scrollable="false" long-clickable="false" password="false" selected="false" bounds="[319,198][761,561]" resource-id="" instance="6"/><android.view.View index="1" text="" class="android.view.View" package="com.app.anuroop" content-desc="" checkable="false" checked="false" clickable="false" enabled="true" focusable="false" focused="false" scrollable="false" long-clickable="false" password="false" selected="false" bounds="[0,651][1080,767]" resource-id="" instance="7"><android.widget.EditText index="0" text="MB07120121" class="android.widget.EditText" package="com.app.anuroop" content-desc="" checkable="false" checked="false" clickable="true" enabled="true" focusable="true" focused="false" scrollable="false" long-clickable="false" password="false" selected="false" bounds="[79,651][1001,767]" resource-id="username" instance="0"/></android.view.View><android.view.View index="2" text="" class="android.view.View" package="com.app.anuroop" content-desc="" checkable="false" checked="false" clickable="false" enabled="true" focusable="false" focused="false" scrollable="false" long-clickable="false" password="false" selected="false" bounds="[79,816][1001,932]" resource-id="" instance="8"><android.widget.EditText index="0" text="•••••••••" class="android.widget.EditText" package="com.app.anuroop" content-desc="" checkable="false" checked="false" clickable="true" enabled="true" focusable="true" focused="false" scrollable="false" long-clickable="false" password="true" selected="false" bounds="[137,827][825,924]" resource-id="password" instance="1"/><android.widget.Button NAF="true" index="1" text="" class="android.widget.Button" package="com.app.anuroop" content-desc="" checkable="false" checked="false" clickable="true" enabled="true" focusable="true" focused="false" scrollable="false" long-clickable="false" password="false" selected="false" bounds="[836,819][948,935]" resource-id="" instance="0"/></android.view.View><android.widget.Button index="3" text="LOGIN" class="android.widget.Button" package="com.app.anuroop" content-desc="" checkable="false" checked="false" clickable="true" enabled="true" focusable="true" focused="false" scrollable="false" long-clickable="false" password="false" selected="false" bounds="[79,1012][1001,1135]" resource-id="" instance="1"/><android.view.View index="4" text="Forgot Password?" class="android.view.View" package="com.app.anuroop" content-desc="" checkable="false" checked="false" clickable="true" enabled="true" focusable="false" focused="false" scrollable="false" long-clickable="false" password="false" selected="false" bounds="[0,1188][1080,1240]" resource-id="" instance="9"/><android.widget.Button index="5" text="Don't have an account? Register" class="android.widget.Button" package="com.app.anuroop" content-desc="" checkable="false" checked="false" clickable="true" enabled="true" focusable="true" focused="false" scrollable="false" long-clickable="false" password="false" selected="false" bounds="[107,1320][973,1416]" resource-id="" instance="2"/><android.widget.Button index="6" text="By logging in I accept the terms and conditions" class="android.widget.Button" package="com.app.anuroop" content-desc="" checkable="false" checked="false" clickable="true" enabled="true" focusable="true" focused="false" scrollable="false" long-clickable="false" password="false" selected="false" bounds="[0,1413][1080,1465]" resource-id="" instance="3"/></android.view.View><android.view.View index="1" text="" class="android.view.View" package="com.app.anuroop" content-desc="" checkable="false" checked="false" clickable="false" enabled="true" focusable="false" focused="false" scrollable="false" long-clickable="false" password="false" selected="false" bounds="[1061,66][1075,2026]" resource-id="" instance="10"/></android.view.View></android.view.View></android.view.View></android.view.View></android.view.View></android.webkit.WebView></android.webkit.WebView></android.widget.FrameLayout></android.widget.LinearLayout></android.widget.FrameLayout></hierarchy>

2019-05-16 16:02:14 - [MESSAGE][INFO] - ----------------------------- Page Information : <?xml version="1.0" encoding="UTF-8"?><hierarchy rotation="0"><android.widget.FrameLayout index="0" text="" class="android.widget.FrameLayout" package="com.app.anuroop" content-desc="" checkable="false" checked="false" clickable="false" enabled="true" focusable="false" focused="false" scrollable="false" long-clickable="false" password="false" selected="false" bounds="[0,0][1080,2030]" resource-id="" instance="0"><android.widget.LinearLayout index="0" text="" class="android.widget.LinearLayout" package="com.app.anuroop" content-desc="" checkable="false" checked="false" clickable="false" enabled="true" focusable="false" focused="false" scrollable="false" long-clickable="false" password="false" selected="false" bounds="[0,0][1080,2030]" resource-id="" instance="0"><android.widget.FrameLayout index="0" text="" class="android.widget.FrameLayout" package="com.app.anuroop" content-desc="" checkable="false" checked="false" clickable="false" enabled="true" focusable="false" focused="false" scrollable="false" long-clickable="false" password="false" selected="false" bounds="[0,66][1080,2030]" resource-id="android:id/content" instance="1"><android.webkit.WebView index="0" text="" class="android.webkit.WebView" package="com.app.anuroop" content-desc="" checkable="false" checked="false" clickable="false" enabled="true" focusable="false" focused="false" scrollable="false" long-clickable="false" password="false" selected="false" bounds="[0,66][1080,2030]" resource-id="" instance="0"><android.webkit.WebView index="0" text="Anuroop" class="android.webkit.WebView" package="com.app.anuroop" content-desc="" checkable="false" checked="false" clickable="false" enabled="true" focusable="true" focused="true" scrollable="true" long-clickable="false" password="false" selected="false" bounds="[0,66][1080,2030]" resource-id="" instance="1"><android.view.View index="0" text="" class="android.view.View" package="com.app.anuroop" content-desc="" checkable="false" checked="false" clickable="true" enabled="true" focusable="false" focused="false" scrollable="true" long-clickable="false" password="false" selected="false" bounds="[0,66][1080,2030]" resource-id="" instance="0"><android.view.View index="0" text="" class="android.view.View" package="com.app.anuroop" content-desc="" checkable="false" checked="false" clickable="false" enabled="true" focusable="false" focused="false" scrollable="false" long-clickable="false" password="false" selected="false" bounds="[0,66][1080,2030]" resource-id="" instance="1"><android.view.View index="0" text="" class="android.view.View" package="com.app.anuroop" content-desc="" checkable="false" checked="false" clickable="false" enabled="true" focusable="false" focused="false" scrollable="false" long-clickable="false" password="false" selected="false" bounds="[0,66][1080,2030]" resource-id="" instance="2"><android.view.View index="0" text="" class="android.view.View" package="com.app.anuroop" content-desc="" checkable="false" checked="false" clickable="false" enabled="true" focusable="false" focused="false" scrollable="false" long-clickable="false" password="false" selected="false" bounds="[0,66][1080,2030]" resource-id="" instance="3"><android.view.View index="0" text="" class="android.view.View" package="com.app.anuroop" content-desc="" checkable="false" checked="false" clickable="false" enabled="true" focusable="false" focused="false" scrollable="true" long-clickable="false" password="false" selected="false" bounds="[0,66][1080,2030]" resource-id="" instance="4"><android.view.View index="0" text="" class="android.view.View" package="com.app.anuroop" content-desc="" checkable="false" checked="false" clickable="false" enabled="true" focusable="false" focused="false" scrollable="false" long-clickable="false" password="false" selected="false" bounds="[0,198][1080,2030]" resource-id="" instance="5"><android.view.View index="0" text="" class="android.view.View" package="com.app.anuroop" content-desc="" checkable="false" checked="false" clickable="false" enabled="true" focusable="false" focused="false" scrollable="false" long-clickable="false" password="false" selected="false" bounds="[319,198][761,561]" resource-id="" instance="6"/><android.view.View index="1" text="" class="android.view.View" package="com.app.anuroop" content-desc="" checkable="false" checked="false" clickable="false" enabled="true" focusable="false" focused="false" scrollable="false" long-clickable="false" password="false" selected="false" bounds="[0,651][1080,767]" resource-id="" instance="7"><android.widget.EditText index="0" text="MB07120121" class="android.widget.EditText" package="com.app.anuroop" content-desc="" checkable="false" checked="false" clickable="true" enabled="true" focusable="true" focused="false" scrollable="false" long-clickable="false" password="false" selected="false" bounds="[79,651][1001,767]" resource-id="username" instance="0"/></android.view.View><android.view.View index="2" text="" class="android.view.View" package="com.app.anuroop" content-desc="" checkable="false" checked="false" clickable="false" enabled="true" focusable="false" focused="false" scrollable="false" long-clickable="false" password="false" selected="false" bounds="[79,816][1001,932]" resource-id="" instance="8"><android.widget.EditText index="0" text="•••••••••" class="android.widget.EditText" package="com.app.anuroop" content-desc="" checkable="false" checked="false" clickable="true" enabled="true" focusable="true" focused="false" scrollable="false" long-clickable="false" password="true" selected="false" bounds="[137,827][825,924]" resource-id="password" instance="1"/><android.widget.Button NAF="true" index="1" text="" class="android.widget.Button" package="com.app.anuroop" content-desc="" checkable="false" checked="false" clickable="true" enabled="true" focusable="true" focused="false" scrollable="false" long-clickable="false" password="false" selected="false" bounds="[836,819][948,935]" resource-id="" instance="0"/></android.view.View><android.widget.Button index="3" text="LOGIN" class="android.widget.Button" package="com.app.anuroop" content-desc="" checkable="false" checked="false" clickable="true" enabled="true" focusable="true" focused="false" scrollable="false" long-clickable="false" password="false" selected="false" bounds="[79,1012][1001,1135]" resource-id="" instance="1"/><android.view.View index="4" text="Forgot Password?" class="android.view.View" package="com.app.anuroop" content-desc="" checkable="false" checked="false" clickable="true" enabled="true" focusable="false" focused="false" scrollable="false" long-clickable="false" password="false" selected="false" bounds="[0,1188][1080,1240]" resource-id="" instance="9"/><android.widget.Button index="5" text="Don't have an account? Register" class="android.widget.Button" package="com.app.anuroop" content-desc="" checkable="false" checked="false" clickable="true" enabled="true" focusable="true" focused="false" scrollable="false" long-clickable="false" password="false" selected="false" bounds="[107,1320][973,1416]" resource-id="" instance="2"/><android.widget.Button index="6" text="By logging in I accept the terms and conditions" class="android.widget.Button" package="com.app.anuroop" content-desc="" checkable="false" checked="false" clickable="true" enabled="true" focusable="true" focused="false" scrollable="false" long-clickable="false" password="false" selected="false" bounds="[0,1413][1080,1465]" resource-id="" instance="3"/></android.view.View><android.view.View index="1" text="" class="android.view.View" package="com.app.anuroop" content-desc="" checkable="false" checked="false" clickable="false" enabled="true" focusable="false" focused="false" scrollable="false" long-clickable="false" password="false" selected="false" bounds="[1061,66][1075,2026]" resource-id="" instance="10"/></android.view.View></android.view.View></android.view.View></android.view.View></android.view.View></android.webkit.WebView></android.webkit.WebView></android.widget.FrameLayout></android.widget.LinearLayout></android.widget.FrameLayout></hierarchy>

2019-05-16 16:02:14 - [TEST_STEP][PASSED] - getAttribute(findTestObject("Login/Login"), "text", 0): Element 'Object Repository/Login/Login' has attribute 'text' is 'LOGIN'

2019-05-16 16:02:14 - [MESSAGE][WARNING] - Timeout '0' is invalid. Using default page load timeout: '30'

2019-05-16 16:02:15 - [MESSAGE][PASSED] - Element 'Object Repository/Login/Login' has attribute 'text' is 'LOGIN'

2019-05-16 16:02:15 - [TEST_STEP][PASSED] - comment("Click on Login button"): Click on Login button

2019-05-16 16:02:15 - [MESSAGE][INFO] - Click on Login button

2019-05-16 16:02:15 - [TEST_STEP][PASSED] - tap(findTestObject("Login/Login"), 0): Tapped on element 'Object Repository/Login/Login'

2019-05-16 16:02:15 - [MESSAGE][WARNING] - Timeout '0' is invalid. Using default page load timeout: '30'

2019-05-16 16:02:16 - [MESSAGE][PASSED] - Tapped on element 'Object Repository/Login/Login'

2019-05-16 16:02:16 - [TEST_STEP][PASSED] - waitForElementPresent(findTestObject("Home Page/Choose a type of match"), 0): Element 'Object Repository/Home Page/Choose a type of match' is present

2019-05-16 16:02:16 - [MESSAGE][WARNING] - Timeout '0' is invalid. Using default page load timeout: '30'

2019-05-16 16:02:19 - [MESSAGE][PASSED] - Element 'Object Repository/Home Page/Choose a type of match' is present

2019-05-16 16:02:19 - [TEST_STEP][PASSED] - waitForElementPresent(findTestObject("Home Page/More"), 0): Element 'Object Repository/Home Page/More' is present

2019-05-16 16:02:19 - [MESSAGE][WARNING] - Timeout '0' is invalid. Using default page load timeout: '30'

2019-05-16 16:02:19 - [MESSAGE][PASSED] - Element 'Object Repository/Home Page/More' is present

2019-05-16 16:02:19 - [TEST_STEP][PASSED] - tap(findTestObject("Home Page/More"), 0): Tapped on element 'Object Repository/Home Page/More'

2019-05-16 16:02:19 - [MESSAGE][WARNING] - Timeout '0' is invalid. Using default page load timeout: '30'

2019-05-16 16:02:21 - [MESSAGE][PASSED] - Tapped on element 'Object Repository/Home Page/More'

2019-05-16 16:02:21 - [TEST_STEP][PASSED] - delay(1): Delayed 1 second(s)

2019-05-16 16:02:22 - [MESSAGE][PASSED] - Delayed 1 second(s)

2019-05-16 16:02:22 - [TEST_STEP][PASSED] - waitForElementPresent(findTestObject("More Page/Contacts Viewed Profile"), 0): Element 'Object Repository/More Page/Contacts Viewed Profile' is present

2019-05-16 16:02:22 - [MESSAGE][WARNING] - Timeout '0' is invalid. Using default page load timeout: '30'

2019-05-16 16:02:23 - [MESSAGE][PASSED] - Element 'Object Repository/More Page/Contacts Viewed Profile' is present

2019-05-16 16:02:23 - [TEST_STEP][PASSED] - tap(findTestObject("More Page/Contacts Viewed Profile"), 0): Tapped on element 'Object Repository/More Page/Contacts Viewed Profile'

2019-05-16 16:02:23 - [MESSAGE][WARNING] - Timeout '0' is invalid. Using default page load timeout: '30'

2019-05-16 16:02:24 - [MESSAGE][PASSED] - Tapped on element 'Object Repository/More Page/Contacts Viewed Profile'

2019-05-16 16:02:24 - [TEST_STEP][PASSED] - com.my.keywords.android.ScrollToElement.scrollListToElementWithText("Pooja Mane WFI0317190124 Age 30 | 5.1 Ft | Hindu Joshi B-Tech In Civil Engineering, From Veermata Jijabai Technological Institute, Mumbai University | Graduate Design Co-Ordinator @ Leighton India Pvt.Ltd. | 6,00,000/Year Home - Mumbai, India Work - Mumbai, India"): com.my.keywords.android.ScrollToElement.scrollListToElementWithText is PASSED

2019-05-16 16:02:41 - [MESSAGE][PASSED] - com.my.keywords.android.ScrollToElement.scrollListToElementWithText is PASSED

2019-05-16 16:02:41 - [TEST_STEP][PASSED] - waitForElementPresent(findTestObject("More Page/BackButton_Contact_Viewed_Profiles"), 0): Element 'Object Repository/More Page/BackButton_Contact_Viewed_Profiles' is present

2019-05-16 16:02:41 - [MESSAGE][WARNING] - Timeout '0' is invalid. Using default page load timeout: '30'

2019-05-16 16:02:42 - [MESSAGE][PASSED] - Element 'Object Repository/More Page/BackButton_Contact_Viewed_Profiles' is present

2019-05-16 16:02:42 - [TEST_STEP][PASSED] - tap(findTestObject("More Page/BackButton_Contact_Viewed_Profiles"), 0): Tapped on element 'Object Repository/More Page/BackButton_Contact_Viewed_Profiles'

2019-05-16 16:02:42 - [MESSAGE][WARNING] - Timeout '0' is invalid. Using default page load timeout: '30'

2019-05-16 16:02:42 - [MESSAGE][PASSED] - Tapped on element 'Object Repository/More Page/BackButton_Contact_Viewed_Profiles']]></system-out>
         <system-err><![CDATA[]]></system-err>
      </testcase>
      <system-out><![CDATA[2019-05-16 15:59:03 - [TEST_SUITE][PASSED] - LoginScenario: Test Cases/To_check_contacts_viewed_profile]]></system-out>
      <system-err><![CDATA[]]></system-err>
   </testsuite>
</testsuites>
