<?xml version="1.0" encoding="UTF-8"?>
<testsuites name="LoginScenario" time="264" tests="2" failures="1" errors="0">
   <testsuite name="LoginScenario" tests="2" failures="1" errors="0" time="264" timestamp="2019-05-16 15:39:11" hostname="iauro-qa004 - iauroqa004-System-Product-Name" id="Test Suites/LoginScenario">
      <properties>
         <property name="deviceName" value="Xiaomi Redmi Note 5 Pro (Android 8.1.0)"/>
         <property name="devicePlatform" value=""/>
         <property name="logFolder" value="/home/iauro-qa004/Katalon Studio/Anuroop hybrid app/Reports/LoginScenario/20190516_153909"/>
         <property name="logFiles" value="/home/iauro-qa004/Katalon Studio/Anuroop hybrid app/Reports/LoginScenario/20190516_153909/appium.log, /home/iauro-qa004/Katalon Studio/Anuroop hybrid app/Reports/LoginScenario/20190516_153909/execution0.log"/>
         <property name="attachments" value="/home/iauro-qa004/Katalon Studio/Anuroop hybrid app/AndroidApp/screenshot.png, /home/iauro-qa004/Katalon Studio/Anuroop hybrid app/AndroidApp/screenshot.png"/>
         <property name="hostName" value="iauro-qa004 - iauroqa004-System-Product-Name"/>
         <property name="os" value="Linux 64bit"/>
         <property name="katalonVersion" value="6.0.4.7"/>
         <property name="deviceOS" value="Android"/>
         <property name="appiumVersion" value="1.8.1"/>
         <property name="deviceModel" value="Redmi Note 5 Pro"/>
         <property name="hostAddress" value="127.0.1.1"/>
         <property name="deviceManufacturer" value="Xiaomi"/>
         <property name="deviceId" value="461a88f3"/>
         <property name="deviceName" value="Xiaomi Redmi Note 5 Pro (Android 8.1.0)"/>
         <property name="deviceOSVersion" value="8.1.0"/>
      </properties>
      <testcase name="Test Cases/To check functionality of Contacts Viewed Profile" classname="Test Cases/To check functionality of Contacts Viewed Profile" status="FAILED">
         <failure type="FAILED" message="Test Cases/To check functionality of Contacts Viewed Profile FAILED.
Reason:
com.kms.katalon.core.exception.StepFailedException: Unable to start app at: '/home/iauro-qa004/Katalon Studio/Anuroop hybrid app/AndroidApp/android-debug.apk' (Root cause: org.openqa.selenium.WebDriverException: An unknown server-side error occurred while processing the command. Original error: Error executing adbExec. Original error: 'Command '/home/iauro-qa004/.katalon/tools/android_sdk/platform-tools/adb -P 5037 -s 461a88f3 install -r -g '/home/iauro-qa004/Katalon Studio/Anuroop hybrid app/AndroidApp/android-debug.apk'' exited with code 1'; Stderr: 'adb: failed to install /home/iauro-qa004/Katalon Studio/Anuroop hybrid app/AndroidApp/android-debug.apk: Failure [INSTALL_FAILED_USER_RESTRICTED: Install canceled by user]'; Code: '1' (WARNING: The server did not provide any stacktrace information)
Command duration or timeout: 82.28 seconds
Build info: version: '3.7.1', revision: '8a0099a', time: '2017-11-06T21:07:36.161Z'
System info: host: 'iauroqa004-System-Product-Name', ip: '127.0.1.1', os.name: 'Linux', os.arch: 'amd64', os.version: '4.4.0-31-generic', java.version: '1.8.0_201'
Driver info: driver.version: SwipeableAndroidDriver)
	at com.kms.katalon.core.keyword.internal.KeywordMain.stepFailed(KeywordMain.groovy:36)
	at com.kms.katalon.core.mobile.keyword.internal.MobileKeywordMain.stepFailed(MobileKeywordMain.groovy:40)
	at com.kms.katalon.core.mobile.keyword.internal.MobileKeywordMain.runKeyword(MobileKeywordMain.groovy:23)
	at com.kms.katalon.core.mobile.keyword.builtin.StartApplicationKeyword.startApplication(StartApplicationKeyword.groovy:51)
	at com.kms.katalon.core.mobile.keyword.builtin.StartApplicationKeyword.execute(StartApplicationKeyword.groovy:40)
	at com.kms.katalon.core.keyword.internal.KeywordExecutor.executeKeywordForPlatform(KeywordExecutor.groovy:56)
	at com.kms.katalon.core.mobile.keyword.MobileBuiltInKeywords.startApplication(MobileBuiltInKeywords.groovy:74)
	at com.kms.katalon.core.mobile.keyword.MobileBuiltInKeywords$startApplication.call(Unknown Source)
	at To check functionality of Contacts Viewed Profile.run(To check functionality of Contacts Viewed Profile:22)
	at com.kms.katalon.core.main.ScriptEngine.run(ScriptEngine.java:194)
	at com.kms.katalon.core.main.ScriptEngine.runScriptAsRawText(ScriptEngine.java:119)
	at com.kms.katalon.core.main.TestCaseExecutor.runScript(TestCaseExecutor.java:328)
	at com.kms.katalon.core.main.TestCaseExecutor.doExecute(TestCaseExecutor.java:319)
	at com.kms.katalon.core.main.TestCaseExecutor.processExecutionPhase(TestCaseExecutor.java:298)
	at com.kms.katalon.core.main.TestCaseExecutor.accessMainPhase(TestCaseExecutor.java:290)
	at com.kms.katalon.core.main.TestCaseExecutor.execute(TestCaseExecutor.java:224)
	at com.kms.katalon.core.main.TestSuiteExecutor.accessTestCaseMainPhase(TestSuiteExecutor.java:129)
	at com.kms.katalon.core.main.TestSuiteExecutor.accessTestSuiteMainPhase(TestSuiteExecutor.java:112)
	at com.kms.katalon.core.main.TestSuiteExecutor.execute(TestSuiteExecutor.java:81)
	at com.kms.katalon.core.main.TestCaseMain.startTestSuite(TestCaseMain.java:149)
	at com.kms.katalon.core.main.TestCaseMain$startTestSuite$0.call(Unknown Source)
	at TempTestSuite1558001349391.run(TempTestSuite1558001349391.groovy:36)
"/>
         <system-out><![CDATA[2019-05-16 15:39:11 - [TEST_CASE][FAILED] - Test Cases/To check functionality of Contacts Viewed Profile: Test Cases/To check functionality of Contacts Viewed Profile FAILED.
Reason:
com.kms.katalon.core.exception.StepFailedException: Unable to start app at: '/home/iauro-qa004/Katalon Studio/Anuroop hybrid app/AndroidApp/android-debug.apk' (Root cause: org.openqa.selenium.WebDriverException: An unknown server-side error occurred while processing the command. Original error: Error executing adbExec. Original error: 'Command '/home/iauro-qa004/.katalon/tools/android_sdk/platform-tools/adb -P 5037 -s 461a88f3 install -r -g '/home/iauro-qa004/Katalon Studio/Anuroop hybrid app/AndroidApp/android-debug.apk'' exited with code 1'; Stderr: 'adb: failed to install /home/iauro-qa004/Katalon Studio/Anuroop hybrid app/AndroidApp/android-debug.apk: Failure [INSTALL_FAILED_USER_RESTRICTED: Install canceled by user]'; Code: '1' (WARNING: The server did not provide any stacktrace information)
Command duration or timeout: 82.28 seconds
Build info: version: '3.7.1', revision: '8a0099a', time: '2017-11-06T21:07:36.161Z'
System info: host: 'iauroqa004-System-Product-Name', ip: '127.0.1.1', os.name: 'Linux', os.arch: 'amd64', os.version: '4.4.0-31-generic', java.version: '1.8.0_201'
Driver info: driver.version: SwipeableAndroidDriver)
	at com.kms.katalon.core.keyword.internal.KeywordMain.stepFailed(KeywordMain.groovy:36)
	at com.kms.katalon.core.mobile.keyword.internal.MobileKeywordMain.stepFailed(MobileKeywordMain.groovy:40)
	at com.kms.katalon.core.mobile.keyword.internal.MobileKeywordMain.runKeyword(MobileKeywordMain.groovy:23)
	at com.kms.katalon.core.mobile.keyword.builtin.StartApplicationKeyword.startApplication(StartApplicationKeyword.groovy:51)
	at com.kms.katalon.core.mobile.keyword.builtin.StartApplicationKeyword.execute(StartApplicationKeyword.groovy:40)
	at com.kms.katalon.core.keyword.internal.KeywordExecutor.executeKeywordForPlatform(KeywordExecutor.groovy:56)
	at com.kms.katalon.core.mobile.keyword.MobileBuiltInKeywords.startApplication(MobileBuiltInKeywords.groovy:74)
	at com.kms.katalon.core.mobile.keyword.MobileBuiltInKeywords$startApplication.call(Unknown Source)
	at To check functionality of Contacts Viewed Profile.run(To check functionality of Contacts Viewed Profile:22)
	at com.kms.katalon.core.main.ScriptEngine.run(ScriptEngine.java:194)
	at com.kms.katalon.core.main.ScriptEngine.runScriptAsRawText(ScriptEngine.java:119)
	at com.kms.katalon.core.main.TestCaseExecutor.runScript(TestCaseExecutor.java:328)
	at com.kms.katalon.core.main.TestCaseExecutor.doExecute(TestCaseExecutor.java:319)
	at com.kms.katalon.core.main.TestCaseExecutor.processExecutionPhase(TestCaseExecutor.java:298)
	at com.kms.katalon.core.main.TestCaseExecutor.accessMainPhase(TestCaseExecutor.java:290)
	at com.kms.katalon.core.main.TestCaseExecutor.execute(TestCaseExecutor.java:224)
	at com.kms.katalon.core.main.TestSuiteExecutor.accessTestCaseMainPhase(TestSuiteExecutor.java:129)
	at com.kms.katalon.core.main.TestSuiteExecutor.accessTestSuiteMainPhase(TestSuiteExecutor.java:112)
	at com.kms.katalon.core.main.TestSuiteExecutor.execute(TestSuiteExecutor.java:81)
	at com.kms.katalon.core.main.TestCaseMain.startTestSuite(TestCaseMain.java:149)
	at com.kms.katalon.core.main.TestCaseMain$startTestSuite$0.call(Unknown Source)
	at TempTestSuite1558001349391.run(TempTestSuite1558001349391.groovy:36)


2019-05-16 15:39:12 - [TEST_STEP][FAILED] - startApplication("/home/iauro-qa004/Katalon Studio/Anuroop hybrid app/AndroidApp/android-debug.apk", true): startApplication("/home/iauro-qa004/Katalon Studio/Anuroop hybrid app/AndroidApp/android-debug.apk", true) FAILED.
Reason:
com.kms.katalon.core.exception.StepFailedException: Unable to start app at: '/home/iauro-qa004/Katalon Studio/Anuroop hybrid app/AndroidApp/android-debug.apk' (Root cause: org.openqa.selenium.WebDriverException: An unknown server-side error occurred while processing the command. Original error: Error executing adbExec. Original error: 'Command '/home/iauro-qa004/.katalon/tools/android_sdk/platform-tools/adb -P 5037 -s 461a88f3 install -r -g '/home/iauro-qa004/Katalon Studio/Anuroop hybrid app/AndroidApp/android-debug.apk'' exited with code 1'; Stderr: 'adb: failed to install /home/iauro-qa004/Katalon Studio/Anuroop hybrid app/AndroidApp/android-debug.apk: Failure [INSTALL_FAILED_USER_RESTRICTED: Install canceled by user]'; Code: '1' (WARNING: The server did not provide any stacktrace information)
Command duration or timeout: 82.28 seconds
Build info: version: '3.7.1', revision: '8a0099a', time: '2017-11-06T21:07:36.161Z'
System info: host: 'iauroqa004-System-Product-Name', ip: '127.0.1.1', os.name: 'Linux', os.arch: 'amd64', os.version: '4.4.0-31-generic', java.version: '1.8.0_201'
Driver info: driver.version: SwipeableAndroidDriver)
	at com.kms.katalon.core.keyword.internal.KeywordMain.stepFailed(KeywordMain.groovy:36)
	at com.kms.katalon.core.mobile.keyword.internal.MobileKeywordMain.stepFailed(MobileKeywordMain.groovy:40)
	at com.kms.katalon.core.mobile.keyword.internal.MobileKeywordMain.runKeyword(MobileKeywordMain.groovy:23)
	at com.kms.katalon.core.mobile.keyword.builtin.StartApplicationKeyword.startApplication(StartApplicationKeyword.groovy:51)
	at com.kms.katalon.core.mobile.keyword.builtin.StartApplicationKeyword.execute(StartApplicationKeyword.groovy:40)
	at com.kms.katalon.core.keyword.internal.KeywordExecutor.executeKeywordForPlatform(KeywordExecutor.groovy:56)
	at com.kms.katalon.core.mobile.keyword.MobileBuiltInKeywords.startApplication(MobileBuiltInKeywords.groovy:74)
	at com.kms.katalon.core.mobile.keyword.MobileBuiltInKeywords$startApplication.call(Unknown Source)
	at To check functionality of Contacts Viewed Profile.run(To check functionality of Contacts Viewed Profile:22)
	at com.kms.katalon.core.main.ScriptEngine.run(ScriptEngine.java:194)
	at com.kms.katalon.core.main.ScriptEngine.runScriptAsRawText(ScriptEngine.java:119)
	at com.kms.katalon.core.main.TestCaseExecutor.runScript(TestCaseExecutor.java:328)
	at com.kms.katalon.core.main.TestCaseExecutor.doExecute(TestCaseExecutor.java:319)
	at com.kms.katalon.core.main.TestCaseExecutor.processExecutionPhase(TestCaseExecutor.java:298)
	at com.kms.katalon.core.main.TestCaseExecutor.accessMainPhase(TestCaseExecutor.java:290)
	at com.kms.katalon.core.main.TestCaseExecutor.execute(TestCaseExecutor.java:224)
	at com.kms.katalon.core.main.TestSuiteExecutor.accessTestCaseMainPhase(TestSuiteExecutor.java:129)
	at com.kms.katalon.core.main.TestSuiteExecutor.accessTestSuiteMainPhase(TestSuiteExecutor.java:112)
	at com.kms.katalon.core.main.TestSuiteExecutor.execute(TestSuiteExecutor.java:81)
	at com.kms.katalon.core.main.TestCaseMain.startTestSuite(TestCaseMain.java:149)
	at com.kms.katalon.core.main.TestCaseMain$startTestSuite$0.call(Unknown Source)
	at TempTestSuite1558001349391.run(TempTestSuite1558001349391.groovy:36)


2019-05-16 15:39:29 - [MESSAGE][INFO] - Appium server started on port 44,826

2019-05-16 15:40:52 - [MESSAGE][FAILED] - Unable to start app at: '/home/iauro-qa004/Katalon Studio/Anuroop hybrid app/AndroidApp/android-debug.apk' (Root cause: org.openqa.selenium.WebDriverException: An unknown server-side error occurred while processing the command. Original error: Error executing adbExec. Original error: 'Command '/home/iauro-qa004/.katalon/tools/android_sdk/platform-tools/adb -P 5037 -s 461a88f3 install -r -g '/home/iauro-qa004/Katalon Studio/Anuroop hybrid app/AndroidApp/android-debug.apk'' exited with code 1'; Stderr: 'adb: failed to install /home/iauro-qa004/Katalon Studio/Anuroop hybrid app/AndroidApp/android-debug.apk: Failure [INSTALL_FAILED_USER_RESTRICTED: Install canceled by user]'; Code: '1' (WARNING: The server did not provide any stacktrace information)
Command duration or timeout: 82.28 seconds
Build info: version: '3.7.1', revision: '8a0099a', time: '2017-11-06T21:07:36.161Z'
System info: host: 'iauroqa004-System-Product-Name', ip: '127.0.1.1', os.name: 'Linux', os.arch: 'amd64', os.version: '4.4.0-31-generic', java.version: '1.8.0_201'
Driver info: driver.version: SwipeableAndroidDriver)

2019-05-16 15:40:52 - [MESSAGE][FAILED] - startApplication("/home/iauro-qa004/Katalon Studio/Anuroop hybrid app/AndroidApp/android-debug.apk", true) FAILED.
Reason:
com.kms.katalon.core.exception.StepFailedException: Unable to start app at: '/home/iauro-qa004/Katalon Studio/Anuroop hybrid app/AndroidApp/android-debug.apk' (Root cause: org.openqa.selenium.WebDriverException: An unknown server-side error occurred while processing the command. Original error: Error executing adbExec. Original error: 'Command '/home/iauro-qa004/.katalon/tools/android_sdk/platform-tools/adb -P 5037 -s 461a88f3 install -r -g '/home/iauro-qa004/Katalon Studio/Anuroop hybrid app/AndroidApp/android-debug.apk'' exited with code 1'; Stderr: 'adb: failed to install /home/iauro-qa004/Katalon Studio/Anuroop hybrid app/AndroidApp/android-debug.apk: Failure [INSTALL_FAILED_USER_RESTRICTED: Install canceled by user]'; Code: '1' (WARNING: The server did not provide any stacktrace information)
Command duration or timeout: 82.28 seconds
Build info: version: '3.7.1', revision: '8a0099a', time: '2017-11-06T21:07:36.161Z'
System info: host: 'iauroqa004-System-Product-Name', ip: '127.0.1.1', os.name: 'Linux', os.arch: 'amd64', os.version: '4.4.0-31-generic', java.version: '1.8.0_201'
Driver info: driver.version: SwipeableAndroidDriver)
	at com.kms.katalon.core.keyword.internal.KeywordMain.stepFailed(KeywordMain.groovy:36)
	at com.kms.katalon.core.mobile.keyword.internal.MobileKeywordMain.stepFailed(MobileKeywordMain.groovy:40)
	at com.kms.katalon.core.mobile.keyword.internal.MobileKeywordMain.runKeyword(MobileKeywordMain.groovy:23)
	at com.kms.katalon.core.mobile.keyword.builtin.StartApplicationKeyword.startApplication(StartApplicationKeyword.groovy:51)
	at com.kms.katalon.core.mobile.keyword.builtin.StartApplicationKeyword.execute(StartApplicationKeyword.groovy:40)
	at com.kms.katalon.core.keyword.internal.KeywordExecutor.executeKeywordForPlatform(KeywordExecutor.groovy:56)
	at com.kms.katalon.core.mobile.keyword.MobileBuiltInKeywords.startApplication(MobileBuiltInKeywords.groovy:74)
	at com.kms.katalon.core.mobile.keyword.MobileBuiltInKeywords$startApplication.call(Unknown Source)
	at To check functionality of Contacts Viewed Profile.run(To check functionality of Contacts Viewed Profile:22)
	at com.kms.katalon.core.main.ScriptEngine.run(ScriptEngine.java:194)
	at com.kms.katalon.core.main.ScriptEngine.runScriptAsRawText(ScriptEngine.java:119)
	at com.kms.katalon.core.main.TestCaseExecutor.runScript(TestCaseExecutor.java:328)
	at com.kms.katalon.core.main.TestCaseExecutor.doExecute(TestCaseExecutor.java:319)
	at com.kms.katalon.core.main.TestCaseExecutor.processExecutionPhase(TestCaseExecutor.java:298)
	at com.kms.katalon.core.main.TestCaseExecutor.accessMainPhase(TestCaseExecutor.java:290)
	at com.kms.katalon.core.main.TestCaseExecutor.execute(TestCaseExecutor.java:224)
	at com.kms.katalon.core.main.TestSuiteExecutor.accessTestCaseMainPhase(TestSuiteExecutor.java:129)
	at com.kms.katalon.core.main.TestSuiteExecutor.accessTestSuiteMainPhase(TestSuiteExecutor.java:112)
	at com.kms.katalon.core.main.TestSuiteExecutor.execute(TestSuiteExecutor.java:81)
	at com.kms.katalon.core.main.TestCaseMain.startTestSuite(TestCaseMain.java:149)
	at com.kms.katalon.core.main.TestCaseMain$startTestSuite$0.call(Unknown Source)
	at TempTestSuite1558001349391.run(TempTestSuite1558001349391.groovy:36)]]></system-out>
         <system-err><![CDATA[2019-05-16 15:39:11 - [TEST_CASE][FAILED] - Test Cases/To check functionality of Contacts Viewed Profile: Test Cases/To check functionality of Contacts Viewed Profile FAILED.
Reason:
com.kms.katalon.core.exception.StepFailedException: Unable to start app at: '/home/iauro-qa004/Katalon Studio/Anuroop hybrid app/AndroidApp/android-debug.apk' (Root cause: org.openqa.selenium.WebDriverException: An unknown server-side error occurred while processing the command. Original error: Error executing adbExec. Original error: 'Command '/home/iauro-qa004/.katalon/tools/android_sdk/platform-tools/adb -P 5037 -s 461a88f3 install -r -g '/home/iauro-qa004/Katalon Studio/Anuroop hybrid app/AndroidApp/android-debug.apk'' exited with code 1'; Stderr: 'adb: failed to install /home/iauro-qa004/Katalon Studio/Anuroop hybrid app/AndroidApp/android-debug.apk: Failure [INSTALL_FAILED_USER_RESTRICTED: Install canceled by user]'; Code: '1' (WARNING: The server did not provide any stacktrace information)
Command duration or timeout: 82.28 seconds
Build info: version: '3.7.1', revision: '8a0099a', time: '2017-11-06T21:07:36.161Z'
System info: host: 'iauroqa004-System-Product-Name', ip: '127.0.1.1', os.name: 'Linux', os.arch: 'amd64', os.version: '4.4.0-31-generic', java.version: '1.8.0_201'
Driver info: driver.version: SwipeableAndroidDriver)
	at com.kms.katalon.core.keyword.internal.KeywordMain.stepFailed(KeywordMain.groovy:36)
	at com.kms.katalon.core.mobile.keyword.internal.MobileKeywordMain.stepFailed(MobileKeywordMain.groovy:40)
	at com.kms.katalon.core.mobile.keyword.internal.MobileKeywordMain.runKeyword(MobileKeywordMain.groovy:23)
	at com.kms.katalon.core.mobile.keyword.builtin.StartApplicationKeyword.startApplication(StartApplicationKeyword.groovy:51)
	at com.kms.katalon.core.mobile.keyword.builtin.StartApplicationKeyword.execute(StartApplicationKeyword.groovy:40)
	at com.kms.katalon.core.keyword.internal.KeywordExecutor.executeKeywordForPlatform(KeywordExecutor.groovy:56)
	at com.kms.katalon.core.mobile.keyword.MobileBuiltInKeywords.startApplication(MobileBuiltInKeywords.groovy:74)
	at com.kms.katalon.core.mobile.keyword.MobileBuiltInKeywords$startApplication.call(Unknown Source)
	at To check functionality of Contacts Viewed Profile.run(To check functionality of Contacts Viewed Profile:22)
	at com.kms.katalon.core.main.ScriptEngine.run(ScriptEngine.java:194)
	at com.kms.katalon.core.main.ScriptEngine.runScriptAsRawText(ScriptEngine.java:119)
	at com.kms.katalon.core.main.TestCaseExecutor.runScript(TestCaseExecutor.java:328)
	at com.kms.katalon.core.main.TestCaseExecutor.doExecute(TestCaseExecutor.java:319)
	at com.kms.katalon.core.main.TestCaseExecutor.processExecutionPhase(TestCaseExecutor.java:298)
	at com.kms.katalon.core.main.TestCaseExecutor.accessMainPhase(TestCaseExecutor.java:290)
	at com.kms.katalon.core.main.TestCaseExecutor.execute(TestCaseExecutor.java:224)
	at com.kms.katalon.core.main.TestSuiteExecutor.accessTestCaseMainPhase(TestSuiteExecutor.java:129)
	at com.kms.katalon.core.main.TestSuiteExecutor.accessTestSuiteMainPhase(TestSuiteExecutor.java:112)
	at com.kms.katalon.core.main.TestSuiteExecutor.execute(TestSuiteExecutor.java:81)
	at com.kms.katalon.core.main.TestCaseMain.startTestSuite(TestCaseMain.java:149)
	at com.kms.katalon.core.main.TestCaseMain$startTestSuite$0.call(Unknown Source)
	at TempTestSuite1558001349391.run(TempTestSuite1558001349391.groovy:36)]]></system-err>
      </testcase>
      <testcase name="Test Cases/Checking About button functionality" classname="Test Cases/Checking About button functionality" status="PASSED">
         <system-out><![CDATA[2019-05-16 15:40:52 - [TEST_CASE][PASSED] - Test Cases/Checking About button functionality: Test Cases/Checking About button functionality

2019-05-16 15:40:52 - [TEST_STEP][PASSED] - startApplication("/home/iauro-qa004/Katalon Studio/Anuroop hybrid app/AndroidApp/android-debug.apk", true): Started app at: '/home/iauro-qa004/Katalon Studio/Anuroop hybrid app/AndroidApp/android-debug.apk'

2019-05-16 15:41:34 - [MESSAGE][PASSED] - Started app at: '/home/iauro-qa004/Katalon Studio/Anuroop hybrid app/AndroidApp/android-debug.apk'

2019-05-16 15:41:34 - [TEST_STEP][PASSED] - comment("Enter username"): Enter username

2019-05-16 15:41:34 - [MESSAGE][INFO] - Enter username

2019-05-16 15:41:34 - [TEST_STEP][PASSED] - setText(findTestObject("Login/Username"), "MB07120121", 0): Text 'MB07120121' has been set to element 'Object Repository/Login/Username'

2019-05-16 15:41:34 - [MESSAGE][WARNING] - Timeout '0' is invalid. Using default page load timeout: '30'

2019-05-16 15:41:49 - [MESSAGE][PASSED] - Text 'MB07120121' has been set to element 'Object Repository/Login/Username'

2019-05-16 15:41:49 - [TEST_STEP][PASSED] - takeScreenshot("/home/iauro-qa004/Katalon Studio/Anuroop hybrid app/AndroidApp/screenshot.png"): Screenshot is taken

2019-05-16 15:41:52 - [MESSAGE][PASSED] - Screenshot is taken
[[ATTACHMENT|/home/iauro-qa004/Katalon Studio/Anuroop hybrid app/AndroidApp/screenshot.png]]

2019-05-16 15:41:53 - [TEST_STEP][PASSED] - comment("Enter password"): Enter password

2019-05-16 15:41:53 - [MESSAGE][INFO] - Enter password

2019-05-16 15:41:53 - [TEST_STEP][PASSED] - setText(findTestObject("Login/Password"), "anuroop50", 0): Text 'anuroop50' has been set to element 'Object Repository/Login/Password'

2019-05-16 15:41:53 - [MESSAGE][WARNING] - Timeout '0' is invalid. Using default page load timeout: '30'

2019-05-16 15:41:54 - [MESSAGE][PASSED] - Text 'anuroop50' has been set to element 'Object Repository/Login/Password'

2019-05-16 15:41:54 - [TEST_STEP][PASSED] - delay(5): Delayed 5 second(s)

2019-05-16 15:41:59 - [MESSAGE][PASSED] - Delayed 5 second(s)

2019-05-16 15:41:59 - [TEST_STEP][PASSED] - driver = getDriver(): null

2019-05-16 15:41:59 - [TEST_STEP][PASSED] - log = new com.kms.katalon.core.logging.KeywordLogger(): null

2019-05-16 15:41:59 - [TEST_STEP][PASSED] - log.logInfo("----------------------------- Page Information : " + driver.getPageSource()): ----------------------------- Page Information : <?xml version="1.0" encoding="UTF-8"?><hierarchy rotation="0"><android.widget.FrameLayout index="0" text="" class="android.widget.FrameLayout" package="com.app.anuroop" content-desc="" checkable="false" checked="false" clickable="false" enabled="true" focusable="false" focused="false" scrollable="false" long-clickable="false" password="false" selected="false" bounds="[0,0][1080,2030]" resource-id="" instance="0"><android.widget.LinearLayout index="0" text="" class="android.widget.LinearLayout" package="com.app.anuroop" content-desc="" checkable="false" checked="false" clickable="false" enabled="true" focusable="false" focused="false" scrollable="false" long-clickable="false" password="false" selected="false" bounds="[0,0][1080,2030]" resource-id="" instance="0"><android.widget.FrameLayout index="0" text="" class="android.widget.FrameLayout" package="com.app.anuroop" content-desc="" checkable="false" checked="false" clickable="false" enabled="true" focusable="false" focused="false" scrollable="false" long-clickable="false" password="false" selected="false" bounds="[0,66][1080,2030]" resource-id="android:id/content" instance="1"><android.webkit.WebView index="0" text="" class="android.webkit.WebView" package="com.app.anuroop" content-desc="" checkable="false" checked="false" clickable="false" enabled="true" focusable="false" focused="false" scrollable="false" long-clickable="false" password="false" selected="false" bounds="[0,66][1080,2030]" resource-id="" instance="0"><android.webkit.WebView index="0" text="Anuroop" class="android.webkit.WebView" package="com.app.anuroop" content-desc="" checkable="false" checked="false" clickable="false" enabled="true" focusable="true" focused="true" scrollable="true" long-clickable="false" password="false" selected="false" bounds="[0,66][1080,2030]" resource-id="" instance="1"><android.view.View index="0" text="" class="android.view.View" package="com.app.anuroop" content-desc="" checkable="false" checked="false" clickable="true" enabled="true" focusable="false" focused="false" scrollable="true" long-clickable="false" password="false" selected="false" bounds="[0,66][1080,2030]" resource-id="" instance="0"><android.view.View index="0" text="" class="android.view.View" package="com.app.anuroop" content-desc="" checkable="false" checked="false" clickable="false" enabled="true" focusable="false" focused="false" scrollable="false" long-clickable="false" password="false" selected="false" bounds="[0,66][1080,2030]" resource-id="" instance="1"><android.view.View index="0" text="" class="android.view.View" package="com.app.anuroop" content-desc="" checkable="false" checked="false" clickable="false" enabled="true" focusable="false" focused="false" scrollable="false" long-clickable="false" password="false" selected="false" bounds="[0,66][1080,2030]" resource-id="" instance="2"><android.view.View index="0" text="" class="android.view.View" package="com.app.anuroop" content-desc="" checkable="false" checked="false" clickable="false" enabled="true" focusable="false" focused="false" scrollable="false" long-clickable="false" password="false" selected="false" bounds="[0,66][1080,2030]" resource-id="" instance="3"><android.view.View index="0" text="" class="android.view.View" package="com.app.anuroop" content-desc="" checkable="false" checked="false" clickable="false" enabled="true" focusable="false" focused="false" scrollable="true" long-clickable="false" password="false" selected="false" bounds="[0,66][1080,2030]" resource-id="" instance="4"><android.view.View index="0" text="" class="android.view.View" package="com.app.anuroop" content-desc="" checkable="false" checked="false" clickable="false" enabled="true" focusable="false" focused="false" scrollable="false" long-clickable="false" password="false" selected="false" bounds="[0,198][1080,2030]" resource-id="" instance="5"><android.view.View index="0" text="" class="android.view.View" package="com.app.anuroop" content-desc="" checkable="false" checked="false" clickable="false" enabled="true" focusable="false" focused="false" scrollable="false" long-clickable="false" password="false" selected="false" bounds="[319,198][761,561]" resource-id="" instance="6"/><android.view.View index="1" text="" class="android.view.View" package="com.app.anuroop" content-desc="" checkable="false" checked="false" clickable="false" enabled="true" focusable="false" focused="false" scrollable="false" long-clickable="false" password="false" selected="false" bounds="[0,651][1080,767]" resource-id="" instance="7"><android.widget.EditText index="0" text="MB07120121" class="android.widget.EditText" package="com.app.anuroop" content-desc="" checkable="false" checked="false" clickable="true" enabled="true" focusable="true" focused="false" scrollable="false" long-clickable="false" password="false" selected="false" bounds="[79,651][1001,767]" resource-id="username" instance="0"/></android.view.View><android.view.View index="2" text="" class="android.view.View" package="com.app.anuroop" content-desc="" checkable="false" checked="false" clickable="false" enabled="true" focusable="false" focused="false" scrollable="false" long-clickable="false" password="false" selected="false" bounds="[79,816][1001,932]" resource-id="" instance="8"><android.widget.EditText index="0" text="•••••••••" class="android.widget.EditText" package="com.app.anuroop" content-desc="" checkable="false" checked="false" clickable="true" enabled="true" focusable="true" focused="false" scrollable="false" long-clickable="false" password="true" selected="false" bounds="[137,827][825,924]" resource-id="password" instance="1"/><android.widget.Button NAF="true" index="1" text="" class="android.widget.Button" package="com.app.anuroop" content-desc="" checkable="false" checked="false" clickable="true" enabled="true" focusable="true" focused="false" scrollable="false" long-clickable="false" password="false" selected="false" bounds="[836,819][948,935]" resource-id="" instance="0"/></android.view.View><android.widget.Button index="3" text="LOGIN" class="android.widget.Button" package="com.app.anuroop" content-desc="" checkable="false" checked="false" clickable="true" enabled="true" focusable="true" focused="false" scrollable="false" long-clickable="false" password="false" selected="false" bounds="[79,1012][1001,1135]" resource-id="" instance="1"/><android.view.View index="4" text="Forgot Password?" class="android.view.View" package="com.app.anuroop" content-desc="" checkable="false" checked="false" clickable="true" enabled="true" focusable="false" focused="false" scrollable="false" long-clickable="false" password="false" selected="false" bounds="[0,1188][1080,1240]" resource-id="" instance="9"/><android.widget.Button index="5" text="Don't have an account? Register" class="android.widget.Button" package="com.app.anuroop" content-desc="" checkable="false" checked="false" clickable="true" enabled="true" focusable="true" focused="false" scrollable="false" long-clickable="false" password="false" selected="false" bounds="[107,1320][973,1416]" resource-id="" instance="2"/><android.widget.Button index="6" text="By logging in I accept the terms and conditions" class="android.widget.Button" package="com.app.anuroop" content-desc="" checkable="false" checked="false" clickable="true" enabled="true" focusable="true" focused="false" scrollable="false" long-clickable="false" password="false" selected="false" bounds="[0,1413][1080,1465]" resource-id="" instance="3"/></android.view.View><android.view.View index="1" text="" class="android.view.View" package="com.app.anuroop" content-desc="" checkable="false" checked="false" clickable="false" enabled="true" focusable="false" focused="false" scrollable="false" long-clickable="false" password="false" selected="false" bounds="[1061,66][1075,2026]" resource-id="" instance="10"/></android.view.View></android.view.View></android.view.View></android.view.View></android.view.View></android.webkit.WebView></android.webkit.WebView></android.widget.FrameLayout></android.widget.LinearLayout></android.widget.FrameLayout></hierarchy>

2019-05-16 15:41:59 - [MESSAGE][INFO] - ----------------------------- Page Information : <?xml version="1.0" encoding="UTF-8"?><hierarchy rotation="0"><android.widget.FrameLayout index="0" text="" class="android.widget.FrameLayout" package="com.app.anuroop" content-desc="" checkable="false" checked="false" clickable="false" enabled="true" focusable="false" focused="false" scrollable="false" long-clickable="false" password="false" selected="false" bounds="[0,0][1080,2030]" resource-id="" instance="0"><android.widget.LinearLayout index="0" text="" class="android.widget.LinearLayout" package="com.app.anuroop" content-desc="" checkable="false" checked="false" clickable="false" enabled="true" focusable="false" focused="false" scrollable="false" long-clickable="false" password="false" selected="false" bounds="[0,0][1080,2030]" resource-id="" instance="0"><android.widget.FrameLayout index="0" text="" class="android.widget.FrameLayout" package="com.app.anuroop" content-desc="" checkable="false" checked="false" clickable="false" enabled="true" focusable="false" focused="false" scrollable="false" long-clickable="false" password="false" selected="false" bounds="[0,66][1080,2030]" resource-id="android:id/content" instance="1"><android.webkit.WebView index="0" text="" class="android.webkit.WebView" package="com.app.anuroop" content-desc="" checkable="false" checked="false" clickable="false" enabled="true" focusable="false" focused="false" scrollable="false" long-clickable="false" password="false" selected="false" bounds="[0,66][1080,2030]" resource-id="" instance="0"><android.webkit.WebView index="0" text="Anuroop" class="android.webkit.WebView" package="com.app.anuroop" content-desc="" checkable="false" checked="false" clickable="false" enabled="true" focusable="true" focused="true" scrollable="true" long-clickable="false" password="false" selected="false" bounds="[0,66][1080,2030]" resource-id="" instance="1"><android.view.View index="0" text="" class="android.view.View" package="com.app.anuroop" content-desc="" checkable="false" checked="false" clickable="true" enabled="true" focusable="false" focused="false" scrollable="true" long-clickable="false" password="false" selected="false" bounds="[0,66][1080,2030]" resource-id="" instance="0"><android.view.View index="0" text="" class="android.view.View" package="com.app.anuroop" content-desc="" checkable="false" checked="false" clickable="false" enabled="true" focusable="false" focused="false" scrollable="false" long-clickable="false" password="false" selected="false" bounds="[0,66][1080,2030]" resource-id="" instance="1"><android.view.View index="0" text="" class="android.view.View" package="com.app.anuroop" content-desc="" checkable="false" checked="false" clickable="false" enabled="true" focusable="false" focused="false" scrollable="false" long-clickable="false" password="false" selected="false" bounds="[0,66][1080,2030]" resource-id="" instance="2"><android.view.View index="0" text="" class="android.view.View" package="com.app.anuroop" content-desc="" checkable="false" checked="false" clickable="false" enabled="true" focusable="false" focused="false" scrollable="false" long-clickable="false" password="false" selected="false" bounds="[0,66][1080,2030]" resource-id="" instance="3"><android.view.View index="0" text="" class="android.view.View" package="com.app.anuroop" content-desc="" checkable="false" checked="false" clickable="false" enabled="true" focusable="false" focused="false" scrollable="true" long-clickable="false" password="false" selected="false" bounds="[0,66][1080,2030]" resource-id="" instance="4"><android.view.View index="0" text="" class="android.view.View" package="com.app.anuroop" content-desc="" checkable="false" checked="false" clickable="false" enabled="true" focusable="false" focused="false" scrollable="false" long-clickable="false" password="false" selected="false" bounds="[0,198][1080,2030]" resource-id="" instance="5"><android.view.View index="0" text="" class="android.view.View" package="com.app.anuroop" content-desc="" checkable="false" checked="false" clickable="false" enabled="true" focusable="false" focused="false" scrollable="false" long-clickable="false" password="false" selected="false" bounds="[319,198][761,561]" resource-id="" instance="6"/><android.view.View index="1" text="" class="android.view.View" package="com.app.anuroop" content-desc="" checkable="false" checked="false" clickable="false" enabled="true" focusable="false" focused="false" scrollable="false" long-clickable="false" password="false" selected="false" bounds="[0,651][1080,767]" resource-id="" instance="7"><android.widget.EditText index="0" text="MB07120121" class="android.widget.EditText" package="com.app.anuroop" content-desc="" checkable="false" checked="false" clickable="true" enabled="true" focusable="true" focused="false" scrollable="false" long-clickable="false" password="false" selected="false" bounds="[79,651][1001,767]" resource-id="username" instance="0"/></android.view.View><android.view.View index="2" text="" class="android.view.View" package="com.app.anuroop" content-desc="" checkable="false" checked="false" clickable="false" enabled="true" focusable="false" focused="false" scrollable="false" long-clickable="false" password="false" selected="false" bounds="[79,816][1001,932]" resource-id="" instance="8"><android.widget.EditText index="0" text="•••••••••" class="android.widget.EditText" package="com.app.anuroop" content-desc="" checkable="false" checked="false" clickable="true" enabled="true" focusable="true" focused="false" scrollable="false" long-clickable="false" password="true" selected="false" bounds="[137,827][825,924]" resource-id="password" instance="1"/><android.widget.Button NAF="true" index="1" text="" class="android.widget.Button" package="com.app.anuroop" content-desc="" checkable="false" checked="false" clickable="true" enabled="true" focusable="true" focused="false" scrollable="false" long-clickable="false" password="false" selected="false" bounds="[836,819][948,935]" resource-id="" instance="0"/></android.view.View><android.widget.Button index="3" text="LOGIN" class="android.widget.Button" package="com.app.anuroop" content-desc="" checkable="false" checked="false" clickable="true" enabled="true" focusable="true" focused="false" scrollable="false" long-clickable="false" password="false" selected="false" bounds="[79,1012][1001,1135]" resource-id="" instance="1"/><android.view.View index="4" text="Forgot Password?" class="android.view.View" package="com.app.anuroop" content-desc="" checkable="false" checked="false" clickable="true" enabled="true" focusable="false" focused="false" scrollable="false" long-clickable="false" password="false" selected="false" bounds="[0,1188][1080,1240]" resource-id="" instance="9"/><android.widget.Button index="5" text="Don't have an account? Register" class="android.widget.Button" package="com.app.anuroop" content-desc="" checkable="false" checked="false" clickable="true" enabled="true" focusable="true" focused="false" scrollable="false" long-clickable="false" password="false" selected="false" bounds="[107,1320][973,1416]" resource-id="" instance="2"/><android.widget.Button index="6" text="By logging in I accept the terms and conditions" class="android.widget.Button" package="com.app.anuroop" content-desc="" checkable="false" checked="false" clickable="true" enabled="true" focusable="true" focused="false" scrollable="false" long-clickable="false" password="false" selected="false" bounds="[0,1413][1080,1465]" resource-id="" instance="3"/></android.view.View><android.view.View index="1" text="" class="android.view.View" package="com.app.anuroop" content-desc="" checkable="false" checked="false" clickable="false" enabled="true" focusable="false" focused="false" scrollable="false" long-clickable="false" password="false" selected="false" bounds="[1061,66][1075,2026]" resource-id="" instance="10"/></android.view.View></android.view.View></android.view.View></android.view.View></android.view.View></android.webkit.WebView></android.webkit.WebView></android.widget.FrameLayout></android.widget.LinearLayout></android.widget.FrameLayout></hierarchy>

2019-05-16 15:41:59 - [TEST_STEP][PASSED] - getAttribute(findTestObject("Login/Login"), "text", 0): Element 'Object Repository/Login/Login' has attribute 'text' is 'LOGIN'

2019-05-16 15:41:59 - [MESSAGE][WARNING] - Timeout '0' is invalid. Using default page load timeout: '30'

2019-05-16 15:42:00 - [MESSAGE][PASSED] - Element 'Object Repository/Login/Login' has attribute 'text' is 'LOGIN'

2019-05-16 15:42:00 - [TEST_STEP][PASSED] - comment("Click on Login button"): Click on Login button

2019-05-16 15:42:00 - [MESSAGE][INFO] - Click on Login button

2019-05-16 15:42:00 - [TEST_STEP][PASSED] - tap(findTestObject("Login/Login"), 0): Tapped on element 'Object Repository/Login/Login'

2019-05-16 15:42:00 - [MESSAGE][WARNING] - Timeout '0' is invalid. Using default page load timeout: '30'

2019-05-16 15:42:01 - [MESSAGE][PASSED] - Tapped on element 'Object Repository/Login/Login'

2019-05-16 15:42:01 - [TEST_STEP][PASSED] - waitForElementPresent(findTestObject("Home Page/Choose a type of match"), 0): Element 'Object Repository/Home Page/Choose a type of match' is present

2019-05-16 15:42:01 - [MESSAGE][WARNING] - Timeout '0' is invalid. Using default page load timeout: '30'

2019-05-16 15:42:06 - [MESSAGE][PASSED] - Element 'Object Repository/Home Page/Choose a type of match' is present

2019-05-16 15:42:06 - [TEST_STEP][PASSED] - waitForElementPresent(findTestObject("Home Page/More"), 0): Element 'Object Repository/Home Page/More' is present

2019-05-16 15:42:06 - [MESSAGE][WARNING] - Timeout '0' is invalid. Using default page load timeout: '30'

2019-05-16 15:42:08 - [MESSAGE][PASSED] - Element 'Object Repository/Home Page/More' is present

2019-05-16 15:42:08 - [TEST_STEP][PASSED] - tap(findTestObject("Home Page/More"), 0): Tapped on element 'Object Repository/Home Page/More'

2019-05-16 15:42:08 - [MESSAGE][WARNING] - Timeout '0' is invalid. Using default page load timeout: '30'

2019-05-16 15:42:10 - [MESSAGE][PASSED] - Tapped on element 'Object Repository/Home Page/More'

2019-05-16 15:42:10 - [TEST_STEP][PASSED] - com.my.keywords.android.ScrollToElement.scrollListToElementWithText("Events"): com.my.keywords.android.ScrollToElement.scrollListToElementWithText is PASSED

2019-05-16 15:42:18 - [MESSAGE][PASSED] - com.my.keywords.android.ScrollToElement.scrollListToElementWithText is PASSED

2019-05-16 15:42:18 - [TEST_STEP][PASSED] - waitForElementPresent(findTestObject("More Page/About"), 0): Element 'Object Repository/More Page/About' is present

2019-05-16 15:42:18 - [MESSAGE][WARNING] - Timeout '0' is invalid. Using default page load timeout: '30'

2019-05-16 15:42:19 - [MESSAGE][PASSED] - Element 'Object Repository/More Page/About' is present

2019-05-16 15:42:19 - [TEST_STEP][PASSED] - delay(1): Delayed 1 second(s)

2019-05-16 15:42:20 - [MESSAGE][PASSED] - Delayed 1 second(s)

2019-05-16 15:42:20 - [TEST_STEP][PASSED] - tap(findTestObject("More Page/About"), 5): Tapped on element 'Object Repository/More Page/About'

2019-05-16 15:42:22 - [MESSAGE][PASSED] - Tapped on element 'Object Repository/More Page/About'

2019-05-16 15:42:22 - [TEST_STEP][PASSED] - tap(findTestObject("More Page/About_page_back_button"), 0): Tapped on element 'Object Repository/More Page/About_page_back_button'

2019-05-16 15:42:22 - [MESSAGE][WARNING] - Timeout '0' is invalid. Using default page load timeout: '30'

2019-05-16 15:42:23 - [MESSAGE][PASSED] - Tapped on element 'Object Repository/More Page/About_page_back_button']]></system-out>
         <system-err><![CDATA[]]></system-err>
      </testcase>
      <testcase name="Test Cases/Checking_events" classname="Test Cases/Checking_events" status="PASSED">
         <system-out><![CDATA[2019-05-16 15:42:23 - [TEST_CASE][PASSED] - Test Cases/Checking_events: Test Cases/Checking_events

2019-05-16 15:42:23 - [TEST_STEP][PASSED] - startApplication("/home/iauro-qa004/Katalon Studio/Anuroop hybrid app/AndroidApp/android-debug.apk", true): Started app at: '/home/iauro-qa004/Katalon Studio/Anuroop hybrid app/AndroidApp/android-debug.apk'

2019-05-16 15:42:47 - [MESSAGE][PASSED] - Started app at: '/home/iauro-qa004/Katalon Studio/Anuroop hybrid app/AndroidApp/android-debug.apk'

2019-05-16 15:42:47 - [TEST_STEP][PASSED] - comment("Enter username"): Enter username

2019-05-16 15:42:47 - [MESSAGE][INFO] - Enter username

2019-05-16 15:42:47 - [TEST_STEP][PASSED] - setText(findTestObject("Login/Username"), "MB07120121", 0): Text 'MB07120121' has been set to element 'Object Repository/Login/Username'

2019-05-16 15:42:47 - [MESSAGE][WARNING] - Timeout '0' is invalid. Using default page load timeout: '30'

2019-05-16 15:42:53 - [MESSAGE][PASSED] - Text 'MB07120121' has been set to element 'Object Repository/Login/Username'

2019-05-16 15:42:53 - [TEST_STEP][PASSED] - takeScreenshot("/home/iauro-qa004/Katalon Studio/Anuroop hybrid app/AndroidApp/screenshot.png"): Screenshot is taken

2019-05-16 15:42:56 - [MESSAGE][PASSED] - Screenshot is taken
[[ATTACHMENT|/home/iauro-qa004/Katalon Studio/Anuroop hybrid app/AndroidApp/screenshot.png]]

2019-05-16 15:42:56 - [TEST_STEP][PASSED] - comment("Enter password"): Enter password

2019-05-16 15:42:56 - [MESSAGE][INFO] - Enter password

2019-05-16 15:42:56 - [TEST_STEP][PASSED] - setText(findTestObject("Login/Password"), "anuroop50", 0): Text 'anuroop50' has been set to element 'Object Repository/Login/Password'

2019-05-16 15:42:56 - [MESSAGE][WARNING] - Timeout '0' is invalid. Using default page load timeout: '30'

2019-05-16 15:42:57 - [MESSAGE][PASSED] - Text 'anuroop50' has been set to element 'Object Repository/Login/Password'

2019-05-16 15:42:57 - [TEST_STEP][PASSED] - delay(5): Delayed 5 second(s)

2019-05-16 15:43:02 - [MESSAGE][PASSED] - Delayed 5 second(s)

2019-05-16 15:43:02 - [TEST_STEP][PASSED] - driver = getDriver(): null

2019-05-16 15:43:02 - [TEST_STEP][PASSED] - log = new com.kms.katalon.core.logging.KeywordLogger(): null

2019-05-16 15:43:02 - [TEST_STEP][PASSED] - log.logInfo("----------------------------- Page Information : " + driver.getPageSource()): ----------------------------- Page Information : <?xml version="1.0" encoding="UTF-8"?><hierarchy rotation="0"><android.widget.FrameLayout index="0" text="" class="android.widget.FrameLayout" package="com.app.anuroop" content-desc="" checkable="false" checked="false" clickable="false" enabled="true" focusable="false" focused="false" scrollable="false" long-clickable="false" password="false" selected="false" bounds="[0,0][1080,2030]" resource-id="" instance="0"><android.widget.LinearLayout index="0" text="" class="android.widget.LinearLayout" package="com.app.anuroop" content-desc="" checkable="false" checked="false" clickable="false" enabled="true" focusable="false" focused="false" scrollable="false" long-clickable="false" password="false" selected="false" bounds="[0,0][1080,2030]" resource-id="" instance="0"><android.widget.FrameLayout index="0" text="" class="android.widget.FrameLayout" package="com.app.anuroop" content-desc="" checkable="false" checked="false" clickable="false" enabled="true" focusable="false" focused="false" scrollable="false" long-clickable="false" password="false" selected="false" bounds="[0,66][1080,2030]" resource-id="android:id/content" instance="1"><android.webkit.WebView index="0" text="" class="android.webkit.WebView" package="com.app.anuroop" content-desc="" checkable="false" checked="false" clickable="false" enabled="true" focusable="false" focused="false" scrollable="false" long-clickable="false" password="false" selected="false" bounds="[0,66][1080,2030]" resource-id="" instance="0"><android.webkit.WebView index="0" text="Anuroop" class="android.webkit.WebView" package="com.app.anuroop" content-desc="" checkable="false" checked="false" clickable="false" enabled="true" focusable="true" focused="true" scrollable="true" long-clickable="false" password="false" selected="false" bounds="[0,66][1080,2030]" resource-id="" instance="1"><android.view.View index="0" text="" class="android.view.View" package="com.app.anuroop" content-desc="" checkable="false" checked="false" clickable="true" enabled="true" focusable="false" focused="false" scrollable="true" long-clickable="false" password="false" selected="false" bounds="[0,66][1080,2030]" resource-id="" instance="0"><android.view.View index="0" text="" class="android.view.View" package="com.app.anuroop" content-desc="" checkable="false" checked="false" clickable="false" enabled="true" focusable="false" focused="false" scrollable="false" long-clickable="false" password="false" selected="false" bounds="[0,66][1080,2030]" resource-id="" instance="1"><android.view.View index="0" text="" class="android.view.View" package="com.app.anuroop" content-desc="" checkable="false" checked="false" clickable="false" enabled="true" focusable="false" focused="false" scrollable="false" long-clickable="false" password="false" selected="false" bounds="[0,66][1080,2030]" resource-id="" instance="2"><android.view.View index="0" text="" class="android.view.View" package="com.app.anuroop" content-desc="" checkable="false" checked="false" clickable="false" enabled="true" focusable="false" focused="false" scrollable="false" long-clickable="false" password="false" selected="false" bounds="[0,66][1080,2030]" resource-id="" instance="3"><android.view.View index="0" text="" class="android.view.View" package="com.app.anuroop" content-desc="" checkable="false" checked="false" clickable="false" enabled="true" focusable="false" focused="false" scrollable="true" long-clickable="false" password="false" selected="false" bounds="[0,66][1080,2030]" resource-id="" instance="4"><android.view.View index="0" text="" class="android.view.View" package="com.app.anuroop" content-desc="" checkable="false" checked="false" clickable="false" enabled="true" focusable="false" focused="false" scrollable="false" long-clickable="false" password="false" selected="false" bounds="[0,198][1080,2030]" resource-id="" instance="5"><android.view.View index="0" text="" class="android.view.View" package="com.app.anuroop" content-desc="" checkable="false" checked="false" clickable="false" enabled="true" focusable="false" focused="false" scrollable="false" long-clickable="false" password="false" selected="false" bounds="[319,198][761,561]" resource-id="" instance="6"/><android.view.View index="1" text="" class="android.view.View" package="com.app.anuroop" content-desc="" checkable="false" checked="false" clickable="false" enabled="true" focusable="false" focused="false" scrollable="false" long-clickable="false" password="false" selected="false" bounds="[0,651][1080,767]" resource-id="" instance="7"><android.widget.EditText index="0" text="MB07120121" class="android.widget.EditText" package="com.app.anuroop" content-desc="" checkable="false" checked="false" clickable="true" enabled="true" focusable="true" focused="false" scrollable="false" long-clickable="false" password="false" selected="false" bounds="[79,651][1001,767]" resource-id="username" instance="0"/></android.view.View><android.view.View index="2" text="" class="android.view.View" package="com.app.anuroop" content-desc="" checkable="false" checked="false" clickable="false" enabled="true" focusable="false" focused="false" scrollable="false" long-clickable="false" password="false" selected="false" bounds="[79,816][1001,932]" resource-id="" instance="8"><android.widget.EditText index="0" text="•••••••••" class="android.widget.EditText" package="com.app.anuroop" content-desc="" checkable="false" checked="false" clickable="true" enabled="true" focusable="true" focused="false" scrollable="false" long-clickable="false" password="true" selected="false" bounds="[137,827][825,924]" resource-id="password" instance="1"/><android.widget.Button NAF="true" index="1" text="" class="android.widget.Button" package="com.app.anuroop" content-desc="" checkable="false" checked="false" clickable="true" enabled="true" focusable="true" focused="false" scrollable="false" long-clickable="false" password="false" selected="false" bounds="[836,819][948,935]" resource-id="" instance="0"/></android.view.View><android.widget.Button index="3" text="LOGIN" class="android.widget.Button" package="com.app.anuroop" content-desc="" checkable="false" checked="false" clickable="true" enabled="true" focusable="true" focused="false" scrollable="false" long-clickable="false" password="false" selected="false" bounds="[79,1012][1001,1135]" resource-id="" instance="1"/><android.view.View index="4" text="Forgot Password?" class="android.view.View" package="com.app.anuroop" content-desc="" checkable="false" checked="false" clickable="true" enabled="true" focusable="false" focused="false" scrollable="false" long-clickable="false" password="false" selected="false" bounds="[0,1188][1080,1240]" resource-id="" instance="9"/><android.widget.Button index="5" text="Don't have an account? Register" class="android.widget.Button" package="com.app.anuroop" content-desc="" checkable="false" checked="false" clickable="true" enabled="true" focusable="true" focused="false" scrollable="false" long-clickable="false" password="false" selected="false" bounds="[107,1320][973,1416]" resource-id="" instance="2"/><android.widget.Button index="6" text="By logging in I accept the terms and conditions" class="android.widget.Button" package="com.app.anuroop" content-desc="" checkable="false" checked="false" clickable="true" enabled="true" focusable="true" focused="false" scrollable="false" long-clickable="false" password="false" selected="false" bounds="[0,1413][1080,1465]" resource-id="" instance="3"/></android.view.View><android.view.View index="1" text="" class="android.view.View" package="com.app.anuroop" content-desc="" checkable="false" checked="false" clickable="false" enabled="true" focusable="false" focused="false" scrollable="false" long-clickable="false" password="false" selected="false" bounds="[1061,66][1075,2026]" resource-id="" instance="10"/></android.view.View></android.view.View></android.view.View></android.view.View></android.view.View></android.webkit.WebView></android.webkit.WebView></android.widget.FrameLayout></android.widget.LinearLayout></android.widget.FrameLayout></hierarchy>

2019-05-16 15:43:03 - [MESSAGE][INFO] - ----------------------------- Page Information : <?xml version="1.0" encoding="UTF-8"?><hierarchy rotation="0"><android.widget.FrameLayout index="0" text="" class="android.widget.FrameLayout" package="com.app.anuroop" content-desc="" checkable="false" checked="false" clickable="false" enabled="true" focusable="false" focused="false" scrollable="false" long-clickable="false" password="false" selected="false" bounds="[0,0][1080,2030]" resource-id="" instance="0"><android.widget.LinearLayout index="0" text="" class="android.widget.LinearLayout" package="com.app.anuroop" content-desc="" checkable="false" checked="false" clickable="false" enabled="true" focusable="false" focused="false" scrollable="false" long-clickable="false" password="false" selected="false" bounds="[0,0][1080,2030]" resource-id="" instance="0"><android.widget.FrameLayout index="0" text="" class="android.widget.FrameLayout" package="com.app.anuroop" content-desc="" checkable="false" checked="false" clickable="false" enabled="true" focusable="false" focused="false" scrollable="false" long-clickable="false" password="false" selected="false" bounds="[0,66][1080,2030]" resource-id="android:id/content" instance="1"><android.webkit.WebView index="0" text="" class="android.webkit.WebView" package="com.app.anuroop" content-desc="" checkable="false" checked="false" clickable="false" enabled="true" focusable="false" focused="false" scrollable="false" long-clickable="false" password="false" selected="false" bounds="[0,66][1080,2030]" resource-id="" instance="0"><android.webkit.WebView index="0" text="Anuroop" class="android.webkit.WebView" package="com.app.anuroop" content-desc="" checkable="false" checked="false" clickable="false" enabled="true" focusable="true" focused="true" scrollable="true" long-clickable="false" password="false" selected="false" bounds="[0,66][1080,2030]" resource-id="" instance="1"><android.view.View index="0" text="" class="android.view.View" package="com.app.anuroop" content-desc="" checkable="false" checked="false" clickable="true" enabled="true" focusable="false" focused="false" scrollable="true" long-clickable="false" password="false" selected="false" bounds="[0,66][1080,2030]" resource-id="" instance="0"><android.view.View index="0" text="" class="android.view.View" package="com.app.anuroop" content-desc="" checkable="false" checked="false" clickable="false" enabled="true" focusable="false" focused="false" scrollable="false" long-clickable="false" password="false" selected="false" bounds="[0,66][1080,2030]" resource-id="" instance="1"><android.view.View index="0" text="" class="android.view.View" package="com.app.anuroop" content-desc="" checkable="false" checked="false" clickable="false" enabled="true" focusable="false" focused="false" scrollable="false" long-clickable="false" password="false" selected="false" bounds="[0,66][1080,2030]" resource-id="" instance="2"><android.view.View index="0" text="" class="android.view.View" package="com.app.anuroop" content-desc="" checkable="false" checked="false" clickable="false" enabled="true" focusable="false" focused="false" scrollable="false" long-clickable="false" password="false" selected="false" bounds="[0,66][1080,2030]" resource-id="" instance="3"><android.view.View index="0" text="" class="android.view.View" package="com.app.anuroop" content-desc="" checkable="false" checked="false" clickable="false" enabled="true" focusable="false" focused="false" scrollable="true" long-clickable="false" password="false" selected="false" bounds="[0,66][1080,2030]" resource-id="" instance="4"><android.view.View index="0" text="" class="android.view.View" package="com.app.anuroop" content-desc="" checkable="false" checked="false" clickable="false" enabled="true" focusable="false" focused="false" scrollable="false" long-clickable="false" password="false" selected="false" bounds="[0,198][1080,2030]" resource-id="" instance="5"><android.view.View index="0" text="" class="android.view.View" package="com.app.anuroop" content-desc="" checkable="false" checked="false" clickable="false" enabled="true" focusable="false" focused="false" scrollable="false" long-clickable="false" password="false" selected="false" bounds="[319,198][761,561]" resource-id="" instance="6"/><android.view.View index="1" text="" class="android.view.View" package="com.app.anuroop" content-desc="" checkable="false" checked="false" clickable="false" enabled="true" focusable="false" focused="false" scrollable="false" long-clickable="false" password="false" selected="false" bounds="[0,651][1080,767]" resource-id="" instance="7"><android.widget.EditText index="0" text="MB07120121" class="android.widget.EditText" package="com.app.anuroop" content-desc="" checkable="false" checked="false" clickable="true" enabled="true" focusable="true" focused="false" scrollable="false" long-clickable="false" password="false" selected="false" bounds="[79,651][1001,767]" resource-id="username" instance="0"/></android.view.View><android.view.View index="2" text="" class="android.view.View" package="com.app.anuroop" content-desc="" checkable="false" checked="false" clickable="false" enabled="true" focusable="false" focused="false" scrollable="false" long-clickable="false" password="false" selected="false" bounds="[79,816][1001,932]" resource-id="" instance="8"><android.widget.EditText index="0" text="•••••••••" class="android.widget.EditText" package="com.app.anuroop" content-desc="" checkable="false" checked="false" clickable="true" enabled="true" focusable="true" focused="false" scrollable="false" long-clickable="false" password="true" selected="false" bounds="[137,827][825,924]" resource-id="password" instance="1"/><android.widget.Button NAF="true" index="1" text="" class="android.widget.Button" package="com.app.anuroop" content-desc="" checkable="false" checked="false" clickable="true" enabled="true" focusable="true" focused="false" scrollable="false" long-clickable="false" password="false" selected="false" bounds="[836,819][948,935]" resource-id="" instance="0"/></android.view.View><android.widget.Button index="3" text="LOGIN" class="android.widget.Button" package="com.app.anuroop" content-desc="" checkable="false" checked="false" clickable="true" enabled="true" focusable="true" focused="false" scrollable="false" long-clickable="false" password="false" selected="false" bounds="[79,1012][1001,1135]" resource-id="" instance="1"/><android.view.View index="4" text="Forgot Password?" class="android.view.View" package="com.app.anuroop" content-desc="" checkable="false" checked="false" clickable="true" enabled="true" focusable="false" focused="false" scrollable="false" long-clickable="false" password="false" selected="false" bounds="[0,1188][1080,1240]" resource-id="" instance="9"/><android.widget.Button index="5" text="Don't have an account? Register" class="android.widget.Button" package="com.app.anuroop" content-desc="" checkable="false" checked="false" clickable="true" enabled="true" focusable="true" focused="false" scrollable="false" long-clickable="false" password="false" selected="false" bounds="[107,1320][973,1416]" resource-id="" instance="2"/><android.widget.Button index="6" text="By logging in I accept the terms and conditions" class="android.widget.Button" package="com.app.anuroop" content-desc="" checkable="false" checked="false" clickable="true" enabled="true" focusable="true" focused="false" scrollable="false" long-clickable="false" password="false" selected="false" bounds="[0,1413][1080,1465]" resource-id="" instance="3"/></android.view.View><android.view.View index="1" text="" class="android.view.View" package="com.app.anuroop" content-desc="" checkable="false" checked="false" clickable="false" enabled="true" focusable="false" focused="false" scrollable="false" long-clickable="false" password="false" selected="false" bounds="[1061,66][1075,2026]" resource-id="" instance="10"/></android.view.View></android.view.View></android.view.View></android.view.View></android.view.View></android.webkit.WebView></android.webkit.WebView></android.widget.FrameLayout></android.widget.LinearLayout></android.widget.FrameLayout></hierarchy>

2019-05-16 15:43:03 - [TEST_STEP][PASSED] - getAttribute(findTestObject("Login/Login"), "text", 0): Element 'Object Repository/Login/Login' has attribute 'text' is 'LOGIN'

2019-05-16 15:43:03 - [MESSAGE][WARNING] - Timeout '0' is invalid. Using default page load timeout: '30'

2019-05-16 15:43:03 - [MESSAGE][PASSED] - Element 'Object Repository/Login/Login' has attribute 'text' is 'LOGIN'

2019-05-16 15:43:03 - [TEST_STEP][PASSED] - comment("Click on Login button"): Click on Login button

2019-05-16 15:43:03 - [MESSAGE][INFO] - Click on Login button

2019-05-16 15:43:03 - [TEST_STEP][PASSED] - tap(findTestObject("Login/Login"), 0): Tapped on element 'Object Repository/Login/Login'

2019-05-16 15:43:03 - [MESSAGE][WARNING] - Timeout '0' is invalid. Using default page load timeout: '30'

2019-05-16 15:43:05 - [MESSAGE][PASSED] - Tapped on element 'Object Repository/Login/Login'

2019-05-16 15:43:05 - [TEST_STEP][PASSED] - waitForElementPresent(findTestObject("Home Page/Choose a type of match"), 0): Element 'Object Repository/Home Page/Choose a type of match' is present

2019-05-16 15:43:05 - [MESSAGE][WARNING] - Timeout '0' is invalid. Using default page load timeout: '30'

2019-05-16 15:43:11 - [MESSAGE][PASSED] - Element 'Object Repository/Home Page/Choose a type of match' is present

2019-05-16 15:43:11 - [TEST_STEP][PASSED] - waitForElementPresent(findTestObject("Home Page/More"), 0): Element 'Object Repository/Home Page/More' is present

2019-05-16 15:43:11 - [MESSAGE][WARNING] - Timeout '0' is invalid. Using default page load timeout: '30'

2019-05-16 15:43:12 - [MESSAGE][PASSED] - Element 'Object Repository/Home Page/More' is present

2019-05-16 15:43:12 - [TEST_STEP][PASSED] - tap(findTestObject("Home Page/More"), 0): Tapped on element 'Object Repository/Home Page/More'

2019-05-16 15:43:12 - [MESSAGE][WARNING] - Timeout '0' is invalid. Using default page load timeout: '30'

2019-05-16 15:43:13 - [MESSAGE][PASSED] - Tapped on element 'Object Repository/Home Page/More'

2019-05-16 15:43:13 - [TEST_STEP][PASSED] - com.my.keywords.android.ScrollToElement.scrollListToElementWithText("Events"): com.my.keywords.android.ScrollToElement.scrollListToElementWithText is PASSED

2019-05-16 15:43:21 - [MESSAGE][PASSED] - com.my.keywords.android.ScrollToElement.scrollListToElementWithText is PASSED

2019-05-16 15:43:21 - [TEST_STEP][PASSED] - waitForElementPresent(findTestObject("More Page/Events"), 0): Element 'Object Repository/More Page/Events' is present

2019-05-16 15:43:21 - [MESSAGE][WARNING] - Timeout '0' is invalid. Using default page load timeout: '30'

2019-05-16 15:43:21 - [MESSAGE][PASSED] - Element 'Object Repository/More Page/Events' is present

2019-05-16 15:43:21 - [TEST_STEP][PASSED] - delay(1): Delayed 1 second(s)

2019-05-16 15:43:22 - [MESSAGE][PASSED] - Delayed 1 second(s)

2019-05-16 15:43:22 - [TEST_STEP][PASSED] - tap(findTestObject("More Page/Events"), 5): Tapped on element 'Object Repository/More Page/Events'

2019-05-16 15:43:24 - [MESSAGE][PASSED] - Tapped on element 'Object Repository/More Page/Events'

2019-05-16 15:43:24 - [TEST_STEP][PASSED] - com.my.keywords.android.ScrollToElement.scrollListToElementWithText("May 26, 2019 Caste No Bar Thet Bhet Program @ Pune"): com.my.keywords.android.ScrollToElement.scrollListToElementWithText is PASSED

2019-05-16 15:43:32 - [MESSAGE][PASSED] - com.my.keywords.android.ScrollToElement.scrollListToElementWithText is PASSED

2019-05-16 15:43:32 - [TEST_STEP][PASSED] - tap(findTestObject("EventsPage/Back_button"), 0): Tapped on element 'Object Repository/EventsPage/Back_button'

2019-05-16 15:43:32 - [MESSAGE][WARNING] - Timeout '0' is invalid. Using default page load timeout: '30'

2019-05-16 15:43:34 - [MESSAGE][PASSED] - Tapped on element 'Object Repository/EventsPage/Back_button']]></system-out>
         <system-err><![CDATA[]]></system-err>
      </testcase>
      <system-out><![CDATA[2019-05-16 15:39:11 - [TEST_SUITE][FAILED] - LoginScenario: Test Cases/To check functionality of Contacts Viewed Profile FAILED.
Reason:
com.kms.katalon.core.exception.StepFailedException: Unable to start app at: '/home/iauro-qa004/Katalon Studio/Anuroop hybrid app/AndroidApp/android-debug.apk' (Root cause: org.openqa.selenium.WebDriverException: An unknown server-side error occurred while processing the command. Original error: Error executing adbExec. Original error: 'Command '/home/iauro-qa004/.katalon/tools/android_sdk/platform-tools/adb -P 5037 -s 461a88f3 install -r -g '/home/iauro-qa004/Katalon Studio/Anuroop hybrid app/AndroidApp/android-debug.apk'' exited with code 1'; Stderr: 'adb: failed to install /home/iauro-qa004/Katalon Studio/Anuroop hybrid app/AndroidApp/android-debug.apk: Failure [INSTALL_FAILED_USER_RESTRICTED: Install canceled by user]'; Code: '1' (WARNING: The server did not provide any stacktrace information)
Command duration or timeout: 82.28 seconds
Build info: version: '3.7.1', revision: '8a0099a', time: '2017-11-06T21:07:36.161Z'
System info: host: 'iauroqa004-System-Product-Name', ip: '127.0.1.1', os.name: 'Linux', os.arch: 'amd64', os.version: '4.4.0-31-generic', java.version: '1.8.0_201'
Driver info: driver.version: SwipeableAndroidDriver)
	at com.kms.katalon.core.keyword.internal.KeywordMain.stepFailed(KeywordMain.groovy:36)
	at com.kms.katalon.core.mobile.keyword.internal.MobileKeywordMain.stepFailed(MobileKeywordMain.groovy:40)
	at com.kms.katalon.core.mobile.keyword.internal.MobileKeywordMain.runKeyword(MobileKeywordMain.groovy:23)
	at com.kms.katalon.core.mobile.keyword.builtin.StartApplicationKeyword.startApplication(StartApplicationKeyword.groovy:51)
	at com.kms.katalon.core.mobile.keyword.builtin.StartApplicationKeyword.execute(StartApplicationKeyword.groovy:40)
	at com.kms.katalon.core.keyword.internal.KeywordExecutor.executeKeywordForPlatform(KeywordExecutor.groovy:56)
	at com.kms.katalon.core.mobile.keyword.MobileBuiltInKeywords.startApplication(MobileBuiltInKeywords.groovy:74)
	at com.kms.katalon.core.mobile.keyword.MobileBuiltInKeywords$startApplication.call(Unknown Source)
	at To check functionality of Contacts Viewed Profile.run(To check functionality of Contacts Viewed Profile:22)
	at com.kms.katalon.core.main.ScriptEngine.run(ScriptEngine.java:194)
	at com.kms.katalon.core.main.ScriptEngine.runScriptAsRawText(ScriptEngine.java:119)
	at com.kms.katalon.core.main.TestCaseExecutor.runScript(TestCaseExecutor.java:328)
	at com.kms.katalon.core.main.TestCaseExecutor.doExecute(TestCaseExecutor.java:319)
	at com.kms.katalon.core.main.TestCaseExecutor.processExecutionPhase(TestCaseExecutor.java:298)
	at com.kms.katalon.core.main.TestCaseExecutor.accessMainPhase(TestCaseExecutor.java:290)
	at com.kms.katalon.core.main.TestCaseExecutor.execute(TestCaseExecutor.java:224)
	at com.kms.katalon.core.main.TestSuiteExecutor.accessTestCaseMainPhase(TestSuiteExecutor.java:129)
	at com.kms.katalon.core.main.TestSuiteExecutor.accessTestSuiteMainPhase(TestSuiteExecutor.java:112)
	at com.kms.katalon.core.main.TestSuiteExecutor.execute(TestSuiteExecutor.java:81)
	at com.kms.katalon.core.main.TestCaseMain.startTestSuite(TestCaseMain.java:149)
	at com.kms.katalon.core.main.TestCaseMain$startTestSuite$0.call(Unknown Source)
	at TempTestSuite1558001349391.run(TempTestSuite1558001349391.groovy:36)]]></system-out>
      <system-err><![CDATA[2019-05-16 15:39:11 - [TEST_SUITE][FAILED] - LoginScenario: Test Cases/To check functionality of Contacts Viewed Profile FAILED.
Reason:
com.kms.katalon.core.exception.StepFailedException: Unable to start app at: '/home/iauro-qa004/Katalon Studio/Anuroop hybrid app/AndroidApp/android-debug.apk' (Root cause: org.openqa.selenium.WebDriverException: An unknown server-side error occurred while processing the command. Original error: Error executing adbExec. Original error: 'Command '/home/iauro-qa004/.katalon/tools/android_sdk/platform-tools/adb -P 5037 -s 461a88f3 install -r -g '/home/iauro-qa004/Katalon Studio/Anuroop hybrid app/AndroidApp/android-debug.apk'' exited with code 1'; Stderr: 'adb: failed to install /home/iauro-qa004/Katalon Studio/Anuroop hybrid app/AndroidApp/android-debug.apk: Failure [INSTALL_FAILED_USER_RESTRICTED: Install canceled by user]'; Code: '1' (WARNING: The server did not provide any stacktrace information)
Command duration or timeout: 82.28 seconds
Build info: version: '3.7.1', revision: '8a0099a', time: '2017-11-06T21:07:36.161Z'
System info: host: 'iauroqa004-System-Product-Name', ip: '127.0.1.1', os.name: 'Linux', os.arch: 'amd64', os.version: '4.4.0-31-generic', java.version: '1.8.0_201'
Driver info: driver.version: SwipeableAndroidDriver)
	at com.kms.katalon.core.keyword.internal.KeywordMain.stepFailed(KeywordMain.groovy:36)
	at com.kms.katalon.core.mobile.keyword.internal.MobileKeywordMain.stepFailed(MobileKeywordMain.groovy:40)
	at com.kms.katalon.core.mobile.keyword.internal.MobileKeywordMain.runKeyword(MobileKeywordMain.groovy:23)
	at com.kms.katalon.core.mobile.keyword.builtin.StartApplicationKeyword.startApplication(StartApplicationKeyword.groovy:51)
	at com.kms.katalon.core.mobile.keyword.builtin.StartApplicationKeyword.execute(StartApplicationKeyword.groovy:40)
	at com.kms.katalon.core.keyword.internal.KeywordExecutor.executeKeywordForPlatform(KeywordExecutor.groovy:56)
	at com.kms.katalon.core.mobile.keyword.MobileBuiltInKeywords.startApplication(MobileBuiltInKeywords.groovy:74)
	at com.kms.katalon.core.mobile.keyword.MobileBuiltInKeywords$startApplication.call(Unknown Source)
	at To check functionality of Contacts Viewed Profile.run(To check functionality of Contacts Viewed Profile:22)
	at com.kms.katalon.core.main.ScriptEngine.run(ScriptEngine.java:194)
	at com.kms.katalon.core.main.ScriptEngine.runScriptAsRawText(ScriptEngine.java:119)
	at com.kms.katalon.core.main.TestCaseExecutor.runScript(TestCaseExecutor.java:328)
	at com.kms.katalon.core.main.TestCaseExecutor.doExecute(TestCaseExecutor.java:319)
	at com.kms.katalon.core.main.TestCaseExecutor.processExecutionPhase(TestCaseExecutor.java:298)
	at com.kms.katalon.core.main.TestCaseExecutor.accessMainPhase(TestCaseExecutor.java:290)
	at com.kms.katalon.core.main.TestCaseExecutor.execute(TestCaseExecutor.java:224)
	at com.kms.katalon.core.main.TestSuiteExecutor.accessTestCaseMainPhase(TestSuiteExecutor.java:129)
	at com.kms.katalon.core.main.TestSuiteExecutor.accessTestSuiteMainPhase(TestSuiteExecutor.java:112)
	at com.kms.katalon.core.main.TestSuiteExecutor.execute(TestSuiteExecutor.java:81)
	at com.kms.katalon.core.main.TestCaseMain.startTestSuite(TestCaseMain.java:149)
	at com.kms.katalon.core.main.TestCaseMain$startTestSuite$0.call(Unknown Source)
	at TempTestSuite1558001349391.run(TempTestSuite1558001349391.groovy:36)]]></system-err>
   </testsuite>
</testsuites>
