<?xml version="1.0" encoding="UTF-8"?>
<testsuites name="LoginScenario" time="44" tests="1" failures="0" errors="0">
   <testsuite name="LoginScenario" tests="1" failures="0" errors="0" time="44" timestamp="2019-04-25 10:42:17" hostname="iauro-qa004 - iauroqa004-System-Product-Name" id="Test Suites/LoginScenario">
      <properties>
         <property name="deviceName" value="Xiaomi Redmi Note 5 Pro (Android 8.1.0)"/>
         <property name="devicePlatform" value=""/>
         <property name="logFolder" value="/home/iauro-qa004/Katalon Studio/Anuroop hybrid app/Reports/LoginScenario/20190425_104211"/>
         <property name="logFiles" value="/home/iauro-qa004/Katalon Studio/Anuroop hybrid app/Reports/LoginScenario/20190425_104211/appium.log, /home/iauro-qa004/Katalon Studio/Anuroop hybrid app/Reports/LoginScenario/20190425_104211/execution0.log"/>
         <property name="attachments" value="/home/iauro-qa004/Katalon Studio/Anuroop hybrid app/AndroidApp/screenshot.png"/>
         <property name="hostName" value="iauro-qa004 - iauroqa004-System-Product-Name"/>
         <property name="os" value="Linux 64bit"/>
         <property name="katalonVersion" value="6.0.4.7"/>
         <property name="deviceOS" value="Android"/>
         <property name="appiumVersion" value="1.8.1"/>
         <property name="deviceModel" value="Redmi Note 5 Pro"/>
         <property name="hostAddress" value="127.0.1.1"/>
         <property name="deviceManufacturer" value="Xiaomi"/>
         <property name="deviceId" value="461a88f3"/>
         <property name="deviceName" value="Xiaomi Redmi Note 5 Pro (Android 8.1.0)"/>
         <property name="deviceOSVersion" value="8.1.0"/>
      </properties>
      <testcase name="Test Cases/LoginFlow" classname="Test Cases/LoginFlow" status="PASSED">
         <system-out><![CDATA[2019-04-25 10:42:17 - [TEST_CASE][PASSED] - Test Cases/LoginFlow: Test Cases/LoginFlow

2019-04-25 10:42:18 - [TEST_STEP][PASSED] - startApplication("/home/iauro-qa004/Katalon Studio/Anuroop hybrid app/AndroidApp/android-debug.apk", true): Started app at: '/home/iauro-qa004/Katalon Studio/Anuroop hybrid app/AndroidApp/android-debug.apk'

2019-04-25 10:42:20 - [MESSAGE][INFO] - Appium server started on port 44,739

2019-04-25 10:42:45 - [MESSAGE][PASSED] - Started app at: '/home/iauro-qa004/Katalon Studio/Anuroop hybrid app/AndroidApp/android-debug.apk'

2019-04-25 10:42:45 - [TEST_STEP][PASSED] - setText(findTestObject("Login/Username"), "MB07120121", 0): Text 'MB07120121' has been set to element 'Object Repository/Login/Username'

2019-04-25 10:42:45 - [MESSAGE][WARNING] - Timeout '0' is invalid. Using default page load timeout: '30'

2019-04-25 10:42:49 - [MESSAGE][PASSED] - Text 'MB07120121' has been set to element 'Object Repository/Login/Username'

2019-04-25 10:42:49 - [TEST_STEP][PASSED] - takeScreenshot("/home/iauro-qa004/Katalon Studio/Anuroop hybrid app/AndroidApp/screenshot.png"): Screenshot is taken

2019-04-25 10:42:52 - [MESSAGE][PASSED] - Screenshot is taken
[[ATTACHMENT|/home/iauro-qa004/Katalon Studio/Anuroop hybrid app/AndroidApp/screenshot.png]]

2019-04-25 10:42:52 - [TEST_STEP][PASSED] - setText(findTestObject("Login/Password"), "anuroop50", 0): Text 'anuroop50' has been set to element 'Object Repository/Login/Password'

2019-04-25 10:42:52 - [MESSAGE][WARNING] - Timeout '0' is invalid. Using default page load timeout: '30'

2019-04-25 10:42:53 - [MESSAGE][PASSED] - Text 'anuroop50' has been set to element 'Object Repository/Login/Password'

2019-04-25 10:42:53 - [TEST_STEP][PASSED] - delay(5): Delayed 5 second(s)

2019-04-25 10:42:58 - [MESSAGE][PASSED] - Delayed 5 second(s)

2019-04-25 10:42:58 - [TEST_STEP][PASSED] - driver = getDriver(): null

2019-04-25 10:42:58 - [TEST_STEP][PASSED] - log = new com.kms.katalon.core.logging.KeywordLogger(): null

2019-04-25 10:42:58 - [TEST_STEP][PASSED] - log.logInfo("----------------------------- Page Information : " + driver.getPageSource()): ----------------------------- Page Information : <?xml version="1.0" encoding="UTF-8"?><hierarchy rotation="0"><android.widget.FrameLayout index="0" text="" class="android.widget.FrameLayout" package="com.app.anuroop" content-desc="" checkable="false" checked="false" clickable="false" enabled="true" focusable="false" focused="false" scrollable="false" long-clickable="false" password="false" selected="false" bounds="[0,0][1080,2030]" resource-id="" instance="0"><android.widget.LinearLayout index="0" text="" class="android.widget.LinearLayout" package="com.app.anuroop" content-desc="" checkable="false" checked="false" clickable="false" enabled="true" focusable="false" focused="false" scrollable="false" long-clickable="false" password="false" selected="false" bounds="[0,0][1080,2030]" resource-id="" instance="0"><android.widget.FrameLayout index="0" text="" class="android.widget.FrameLayout" package="com.app.anuroop" content-desc="" checkable="false" checked="false" clickable="false" enabled="true" focusable="false" focused="false" scrollable="false" long-clickable="false" password="false" selected="false" bounds="[0,66][1080,2030]" resource-id="android:id/content" instance="1"><android.webkit.WebView index="0" text="" class="android.webkit.WebView" package="com.app.anuroop" content-desc="" checkable="false" checked="false" clickable="false" enabled="true" focusable="false" focused="false" scrollable="false" long-clickable="false" password="false" selected="false" bounds="[0,66][1080,2030]" resource-id="" instance="0"><android.webkit.WebView index="0" text="Anuroop" class="android.webkit.WebView" package="com.app.anuroop" content-desc="" checkable="false" checked="false" clickable="false" enabled="true" focusable="true" focused="true" scrollable="true" long-clickable="false" password="false" selected="false" bounds="[0,66][1080,2030]" resource-id="" instance="1"><android.view.View index="0" text="" class="android.view.View" package="com.app.anuroop" content-desc="" checkable="false" checked="false" clickable="true" enabled="true" focusable="false" focused="false" scrollable="true" long-clickable="false" password="false" selected="false" bounds="[0,66][1080,2030]" resource-id="" instance="0"><android.view.View index="0" text="" class="android.view.View" package="com.app.anuroop" content-desc="" checkable="false" checked="false" clickable="false" enabled="true" focusable="false" focused="false" scrollable="false" long-clickable="false" password="false" selected="false" bounds="[0,66][1080,2030]" resource-id="" instance="1"><android.view.View index="0" text="" class="android.view.View" package="com.app.anuroop" content-desc="" checkable="false" checked="false" clickable="false" enabled="true" focusable="false" focused="false" scrollable="false" long-clickable="false" password="false" selected="false" bounds="[0,66][1080,2030]" resource-id="" instance="2"><android.view.View index="0" text="" class="android.view.View" package="com.app.anuroop" content-desc="" checkable="false" checked="false" clickable="false" enabled="true" focusable="false" focused="false" scrollable="false" long-clickable="false" password="false" selected="false" bounds="[0,66][1080,2030]" resource-id="" instance="3"><android.view.View index="0" text="" class="android.view.View" package="com.app.anuroop" content-desc="" checkable="false" checked="false" clickable="false" enabled="true" focusable="false" focused="false" scrollable="true" long-clickable="false" password="false" selected="false" bounds="[0,66][1080,2030]" resource-id="" instance="4"><android.view.View index="0" text="" class="android.view.View" package="com.app.anuroop" content-desc="" checkable="false" checked="false" clickable="false" enabled="true" focusable="false" focused="false" scrollable="false" long-clickable="false" password="false" selected="false" bounds="[0,198][1080,2030]" resource-id="" instance="5"><android.view.View index="0" text="" class="android.view.View" package="com.app.anuroop" content-desc="" checkable="false" checked="false" clickable="false" enabled="true" focusable="false" focused="false" scrollable="false" long-clickable="false" password="false" selected="false" bounds="[319,198][761,561]" resource-id="" instance="6"/><android.view.View index="1" text="" class="android.view.View" package="com.app.anuroop" content-desc="" checkable="false" checked="false" clickable="false" enabled="true" focusable="false" focused="false" scrollable="false" long-clickable="false" password="false" selected="false" bounds="[0,651][1080,767]" resource-id="" instance="7"><android.widget.EditText index="0" text="MB07120121" class="android.widget.EditText" package="com.app.anuroop" content-desc="" checkable="false" checked="false" clickable="true" enabled="true" focusable="true" focused="false" scrollable="false" long-clickable="false" password="false" selected="false" bounds="[79,651][1001,767]" resource-id="username" instance="0"/></android.view.View><android.view.View index="2" text="" class="android.view.View" package="com.app.anuroop" content-desc="" checkable="false" checked="false" clickable="false" enabled="true" focusable="false" focused="false" scrollable="false" long-clickable="false" password="false" selected="false" bounds="[79,816][1001,932]" resource-id="" instance="8"><android.widget.EditText index="0" text="•••••••••" class="android.widget.EditText" package="com.app.anuroop" content-desc="" checkable="false" checked="false" clickable="true" enabled="true" focusable="true" focused="false" scrollable="false" long-clickable="false" password="true" selected="false" bounds="[137,827][825,924]" resource-id="password" instance="1"/><android.widget.Button NAF="true" index="1" text="" class="android.widget.Button" package="com.app.anuroop" content-desc="" checkable="false" checked="false" clickable="true" enabled="true" focusable="true" focused="false" scrollable="false" long-clickable="false" password="false" selected="false" bounds="[836,819][948,935]" resource-id="" instance="0"/></android.view.View><android.widget.Button index="3" text="LOGIN" class="android.widget.Button" package="com.app.anuroop" content-desc="" checkable="false" checked="false" clickable="true" enabled="true" focusable="true" focused="false" scrollable="false" long-clickable="false" password="false" selected="false" bounds="[79,1012][1001,1135]" resource-id="" instance="1"/><android.view.View index="4" text="Forgot Password?" class="android.view.View" package="com.app.anuroop" content-desc="" checkable="false" checked="false" clickable="true" enabled="true" focusable="false" focused="false" scrollable="false" long-clickable="false" password="false" selected="false" bounds="[0,1188][1080,1240]" resource-id="" instance="9"/><android.widget.Button index="5" text="Don't have an account? Register" class="android.widget.Button" package="com.app.anuroop" content-desc="" checkable="false" checked="false" clickable="true" enabled="true" focusable="true" focused="false" scrollable="false" long-clickable="false" password="false" selected="false" bounds="[107,1320][973,1416]" resource-id="" instance="2"/><android.widget.Button index="6" text="By logging in I accept the terms and conditions" class="android.widget.Button" package="com.app.anuroop" content-desc="" checkable="false" checked="false" clickable="true" enabled="true" focusable="true" focused="false" scrollable="false" long-clickable="false" password="false" selected="false" bounds="[0,1413][1080,1465]" resource-id="" instance="3"/></android.view.View><android.view.View index="1" text="" class="android.view.View" package="com.app.anuroop" content-desc="" checkable="false" checked="false" clickable="false" enabled="true" focusable="false" focused="false" scrollable="false" long-clickable="false" password="false" selected="false" bounds="[1061,66][1075,2026]" resource-id="" instance="10"/></android.view.View></android.view.View></android.view.View></android.view.View></android.view.View></android.webkit.WebView></android.webkit.WebView></android.widget.FrameLayout></android.widget.LinearLayout></android.widget.FrameLayout></hierarchy>

2019-04-25 10:42:59 - [MESSAGE][INFO] - ----------------------------- Page Information : <?xml version="1.0" encoding="UTF-8"?><hierarchy rotation="0"><android.widget.FrameLayout index="0" text="" class="android.widget.FrameLayout" package="com.app.anuroop" content-desc="" checkable="false" checked="false" clickable="false" enabled="true" focusable="false" focused="false" scrollable="false" long-clickable="false" password="false" selected="false" bounds="[0,0][1080,2030]" resource-id="" instance="0"><android.widget.LinearLayout index="0" text="" class="android.widget.LinearLayout" package="com.app.anuroop" content-desc="" checkable="false" checked="false" clickable="false" enabled="true" focusable="false" focused="false" scrollable="false" long-clickable="false" password="false" selected="false" bounds="[0,0][1080,2030]" resource-id="" instance="0"><android.widget.FrameLayout index="0" text="" class="android.widget.FrameLayout" package="com.app.anuroop" content-desc="" checkable="false" checked="false" clickable="false" enabled="true" focusable="false" focused="false" scrollable="false" long-clickable="false" password="false" selected="false" bounds="[0,66][1080,2030]" resource-id="android:id/content" instance="1"><android.webkit.WebView index="0" text="" class="android.webkit.WebView" package="com.app.anuroop" content-desc="" checkable="false" checked="false" clickable="false" enabled="true" focusable="false" focused="false" scrollable="false" long-clickable="false" password="false" selected="false" bounds="[0,66][1080,2030]" resource-id="" instance="0"><android.webkit.WebView index="0" text="Anuroop" class="android.webkit.WebView" package="com.app.anuroop" content-desc="" checkable="false" checked="false" clickable="false" enabled="true" focusable="true" focused="true" scrollable="true" long-clickable="false" password="false" selected="false" bounds="[0,66][1080,2030]" resource-id="" instance="1"><android.view.View index="0" text="" class="android.view.View" package="com.app.anuroop" content-desc="" checkable="false" checked="false" clickable="true" enabled="true" focusable="false" focused="false" scrollable="true" long-clickable="false" password="false" selected="false" bounds="[0,66][1080,2030]" resource-id="" instance="0"><android.view.View index="0" text="" class="android.view.View" package="com.app.anuroop" content-desc="" checkable="false" checked="false" clickable="false" enabled="true" focusable="false" focused="false" scrollable="false" long-clickable="false" password="false" selected="false" bounds="[0,66][1080,2030]" resource-id="" instance="1"><android.view.View index="0" text="" class="android.view.View" package="com.app.anuroop" content-desc="" checkable="false" checked="false" clickable="false" enabled="true" focusable="false" focused="false" scrollable="false" long-clickable="false" password="false" selected="false" bounds="[0,66][1080,2030]" resource-id="" instance="2"><android.view.View index="0" text="" class="android.view.View" package="com.app.anuroop" content-desc="" checkable="false" checked="false" clickable="false" enabled="true" focusable="false" focused="false" scrollable="false" long-clickable="false" password="false" selected="false" bounds="[0,66][1080,2030]" resource-id="" instance="3"><android.view.View index="0" text="" class="android.view.View" package="com.app.anuroop" content-desc="" checkable="false" checked="false" clickable="false" enabled="true" focusable="false" focused="false" scrollable="true" long-clickable="false" password="false" selected="false" bounds="[0,66][1080,2030]" resource-id="" instance="4"><android.view.View index="0" text="" class="android.view.View" package="com.app.anuroop" content-desc="" checkable="false" checked="false" clickable="false" enabled="true" focusable="false" focused="false" scrollable="false" long-clickable="false" password="false" selected="false" bounds="[0,198][1080,2030]" resource-id="" instance="5"><android.view.View index="0" text="" class="android.view.View" package="com.app.anuroop" content-desc="" checkable="false" checked="false" clickable="false" enabled="true" focusable="false" focused="false" scrollable="false" long-clickable="false" password="false" selected="false" bounds="[319,198][761,561]" resource-id="" instance="6"/><android.view.View index="1" text="" class="android.view.View" package="com.app.anuroop" content-desc="" checkable="false" checked="false" clickable="false" enabled="true" focusable="false" focused="false" scrollable="false" long-clickable="false" password="false" selected="false" bounds="[0,651][1080,767]" resource-id="" instance="7"><android.widget.EditText index="0" text="MB07120121" class="android.widget.EditText" package="com.app.anuroop" content-desc="" checkable="false" checked="false" clickable="true" enabled="true" focusable="true" focused="false" scrollable="false" long-clickable="false" password="false" selected="false" bounds="[79,651][1001,767]" resource-id="username" instance="0"/></android.view.View><android.view.View index="2" text="" class="android.view.View" package="com.app.anuroop" content-desc="" checkable="false" checked="false" clickable="false" enabled="true" focusable="false" focused="false" scrollable="false" long-clickable="false" password="false" selected="false" bounds="[79,816][1001,932]" resource-id="" instance="8"><android.widget.EditText index="0" text="•••••••••" class="android.widget.EditText" package="com.app.anuroop" content-desc="" checkable="false" checked="false" clickable="true" enabled="true" focusable="true" focused="false" scrollable="false" long-clickable="false" password="true" selected="false" bounds="[137,827][825,924]" resource-id="password" instance="1"/><android.widget.Button NAF="true" index="1" text="" class="android.widget.Button" package="com.app.anuroop" content-desc="" checkable="false" checked="false" clickable="true" enabled="true" focusable="true" focused="false" scrollable="false" long-clickable="false" password="false" selected="false" bounds="[836,819][948,935]" resource-id="" instance="0"/></android.view.View><android.widget.Button index="3" text="LOGIN" class="android.widget.Button" package="com.app.anuroop" content-desc="" checkable="false" checked="false" clickable="true" enabled="true" focusable="true" focused="false" scrollable="false" long-clickable="false" password="false" selected="false" bounds="[79,1012][1001,1135]" resource-id="" instance="1"/><android.view.View index="4" text="Forgot Password?" class="android.view.View" package="com.app.anuroop" content-desc="" checkable="false" checked="false" clickable="true" enabled="true" focusable="false" focused="false" scrollable="false" long-clickable="false" password="false" selected="false" bounds="[0,1188][1080,1240]" resource-id="" instance="9"/><android.widget.Button index="5" text="Don't have an account? Register" class="android.widget.Button" package="com.app.anuroop" content-desc="" checkable="false" checked="false" clickable="true" enabled="true" focusable="true" focused="false" scrollable="false" long-clickable="false" password="false" selected="false" bounds="[107,1320][973,1416]" resource-id="" instance="2"/><android.widget.Button index="6" text="By logging in I accept the terms and conditions" class="android.widget.Button" package="com.app.anuroop" content-desc="" checkable="false" checked="false" clickable="true" enabled="true" focusable="true" focused="false" scrollable="false" long-clickable="false" password="false" selected="false" bounds="[0,1413][1080,1465]" resource-id="" instance="3"/></android.view.View><android.view.View index="1" text="" class="android.view.View" package="com.app.anuroop" content-desc="" checkable="false" checked="false" clickable="false" enabled="true" focusable="false" focused="false" scrollable="false" long-clickable="false" password="false" selected="false" bounds="[1061,66][1075,2026]" resource-id="" instance="10"/></android.view.View></android.view.View></android.view.View></android.view.View></android.view.View></android.webkit.WebView></android.webkit.WebView></android.widget.FrameLayout></android.widget.LinearLayout></android.widget.FrameLayout></hierarchy>

2019-04-25 10:42:59 - [TEST_STEP][PASSED] - getAttribute(findTestObject("Login/Login"), "text", 0): Element 'Object Repository/Login/Login' has attribute 'text' is 'LOGIN'

2019-04-25 10:42:59 - [MESSAGE][WARNING] - Timeout '0' is invalid. Using default page load timeout: '30'

2019-04-25 10:42:59 - [MESSAGE][PASSED] - Element 'Object Repository/Login/Login' has attribute 'text' is 'LOGIN'

2019-04-25 10:42:59 - [TEST_STEP][PASSED] - tap(findTestObject("Login/Login"), 0): Tapped on element 'Object Repository/Login/Login'

2019-04-25 10:42:59 - [MESSAGE][WARNING] - Timeout '0' is invalid. Using default page load timeout: '30'

2019-04-25 10:43:00 - [MESSAGE][PASSED] - Tapped on element 'Object Repository/Login/Login']]></system-out>
         <system-err><![CDATA[]]></system-err>
      </testcase>
      <system-out><![CDATA[2019-04-25 10:42:17 - [TEST_SUITE][PASSED] - LoginScenario: Test Cases/LoginFlow]]></system-out>
      <system-err><![CDATA[]]></system-err>
   </testsuite>
</testsuites>
